<?xml version="1.0" encoding="UTF-8" standalone="no"?>
<!DOCTYPE report PUBLIC "-//JACOCO//DTD Report 1.1//EN" "report.dtd"[]>
<report name="Pester (04/02/2024 17:21:01)">
  <sessioninfo id="this" start="1712078441250" dump="1712078461111" />
  <package name="bin">
    <class name="bin/Microsoft.Graph.Entra" sourcefilename="Microsoft.Graph.Entra.psm1">
      <method name="&lt;script&gt;" desc="()" line="4">
        <counter type="INSTRUCTION" missed="7" covered="0" />
        <counter type="LINE" missed="6" covered="0" />
        <counter type="METHOD" missed="1" covered="0" />
      </method>
      <method name="Get-EntraMSIdentityProvider" desc="()" line="13">
        <counter type="INSTRUCTION" missed="27" covered="0" />
        <counter type="LINE" missed="20" covered="0" />
        <counter type="METHOD" missed="1" covered="0" />
      </method>
      <method name="Get-EntraServicePrincipalOAuth2PermissionGrant" desc="()" line="58">
        <counter type="INSTRUCTION" missed="30" covered="0" />
        <counter type="LINE" missed="22" covered="0" />
        <counter type="METHOD" missed="1" covered="0" />
      </method>
      <method name="Get-EntraApplicationExtensionProperty" desc="()" line="107">
        <counter type="INSTRUCTION" missed="25" covered="0" />
        <counter type="LINE" missed="17" covered="0" />
        <counter type="METHOD" missed="1" covered="0" />
      </method>
      <method name="Get-EntraApplicationServiceEndpoint" desc="()" line="149">
        <counter type="INSTRUCTION" missed="30" covered="0" />
        <counter type="LINE" missed="22" covered="0" />
        <counter type="METHOD" missed="1" covered="0" />
      </method>
      <method name="Get-EntraMSGroupPermissionGrant" desc="()" line="198">
        <counter type="INSTRUCTION" missed="24" covered="0" />
        <counter type="LINE" missed="17" covered="0" />
        <counter type="METHOD" missed="1" covered="0" />
      </method>
      <method name="Set-EntraMSIdentityProvider" desc="()" line="244">
        <counter type="INSTRUCTION" missed="35" covered="0" />
        <counter type="LINE" missed="28" covered="0" />
        <counter type="METHOD" missed="1" covered="0" />
      </method>
      <method name="Add-EntraGroupOwner" desc="()" line="303">
        <counter type="INSTRUCTION" missed="31" covered="0" />
        <counter type="LINE" missed="21" covered="0" />
        <counter type="METHOD" missed="1" covered="0" />
      </method>
      <method name="Revoke-EntraUserAllRefreshToken" desc="()" line="347">
        <counter type="INSTRUCTION" missed="25" covered="0" />
        <counter type="LINE" missed="17" covered="0" />
        <counter type="METHOD" missed="1" covered="0" />
      </method>
      <method name="Get-EntraGroup" desc="()" line="393">
        <counter type="INSTRUCTION" missed="2" covered="39" />
        <counter type="LINE" missed="2" covered="30" />
        <counter type="METHOD" missed="0" covered="1" />
      </method>
      <method name="Remove-EntraApplicationExtensionProperty" desc="()" line="459">
        <counter type="INSTRUCTION" missed="27" covered="0" />
        <counter type="LINE" missed="19" covered="0" />
        <counter type="METHOD" missed="1" covered="0" />
      </method>
      <method name="New-EntraUser" desc="()" line="567">
        <counter type="INSTRUCTION" missed="107" covered="0" />
        <counter type="LINE" missed="90" covered="0" />
        <counter type="METHOD" missed="1" covered="0" />
      </method>
      <method name="Remove-EntraMSGroupLifecyclePolicy" desc="()" line="744">
        <counter type="INSTRUCTION" missed="24" covered="0" />
        <counter type="LINE" missed="17" covered="0" />
        <counter type="METHOD" missed="1" covered="0" />
      </method>
      <method name="Get-EntraDomain" desc="()" line="782">
        <counter type="INSTRUCTION" missed="34" covered="0" />
        <counter type="LINE" missed="22" covered="0" />
        <counter type="METHOD" missed="1" covered="0" />
      </method>
      <method name="New-EntraDomain" desc="()" line="833">
        <counter type="INSTRUCTION" missed="32" covered="0" />
        <counter type="LINE" missed="24" covered="0" />
        <counter type="METHOD" missed="1" covered="0" />
      </method>
      <method name="Reset-EntraMSLifeCycleGroup" desc="()" line="884">
        <counter type="INSTRUCTION" missed="24" covered="0" />
        <counter type="LINE" missed="17" covered="0" />
        <counter type="METHOD" missed="1" covered="0" />
      </method>
      <method name="Get-EntraGroupMember" desc="()" line="926">
        <counter type="INSTRUCTION" missed="42" covered="0" />
        <counter type="LINE" missed="28" covered="0" />
        <counter type="METHOD" missed="1" covered="0" />
      </method>
      <method name="Remove-EntraTrustedCertificateAuthority" desc="()" line="979">
        <counter type="INSTRUCTION" missed="46" covered="0" />
        <counter type="LINE" missed="35" covered="0" />
        <counter type="METHOD" missed="1" covered="0" />
      </method>
      <method name="Get-EntraServiceAppRoleAssignment" desc="()" line="1047">
        <counter type="INSTRUCTION" missed="30" covered="0" />
        <counter type="LINE" missed="22" covered="0" />
        <counter type="METHOD" missed="1" covered="0" />
      </method>
      <method name="New-EntraMSGroup" desc="()" line="1110">
        <counter type="INSTRUCTION" missed="38" covered="0" />
        <counter type="LINE" missed="31" covered="0" />
        <counter type="METHOD" missed="1" covered="0" />
      </method>
      <method name="New-EntraMSRoleAssignment" desc="()" line="1180">
        <counter type="INSTRUCTION" missed="28" covered="0" />
        <counter type="LINE" missed="21" covered="0" />
        <counter type="METHOD" missed="1" covered="0" />
      </method>
      <method name="Select-EntraGroupIdsUserIsMemberOf" desc="()" line="1228">
        <counter type="INSTRUCTION" missed="24" covered="0" />
        <counter type="LINE" missed="15" covered="0" />
        <counter type="METHOD" missed="1" covered="0" />
      </method>
      <method name="Get-EntraTrustedCertificateAuthority" desc="()" line="1262">
        <counter type="INSTRUCTION" missed="42" covered="0" />
        <counter type="LINE" missed="33" covered="0" />
        <counter type="METHOD" missed="1" covered="0" />
      </method>
      <method name="Remove-EntraApplicationKeyCredential" desc="()" line="1324">
        <counter type="INSTRUCTION" missed="27" covered="0" />
        <counter type="LINE" missed="19" covered="0" />
        <counter type="METHOD" missed="1" covered="0" />
      </method>
      <method name="Get-EntraUserLicenseDetail" desc="()" line="1366">
        <counter type="INSTRUCTION" missed="25" covered="0" />
        <counter type="LINE" missed="17" covered="0" />
        <counter type="METHOD" missed="1" covered="0" />
      </method>
      <method name="Add-EntraServicePrincipalOwner" desc="()" line="1406">
        <counter type="INSTRUCTION" missed="31" covered="0" />
        <counter type="LINE" missed="21" covered="0" />
        <counter type="METHOD" missed="1" covered="0" />
      </method>
      <method name="Remove-EntraMSApplicationKey" desc="()" line="1454">
        <counter type="INSTRUCTION" missed="29" covered="0" />
        <counter type="LINE" missed="21" covered="0" />
        <counter type="METHOD" missed="1" covered="0" />
      </method>
      <method name="Add-EntraMSApplicationOwner" desc="()" line="1502">
        <counter type="INSTRUCTION" missed="30" covered="0" />
        <counter type="LINE" missed="21" covered="0" />
        <counter type="METHOD" missed="1" covered="0" />
      </method>
      <method name="Get-EntraMSServicePrincipalDelegatedPermissionClassification" desc="()" line="1550">
        <counter type="INSTRUCTION" missed="32" covered="0" />
        <counter type="LINE" missed="25" covered="0" />
        <counter type="METHOD" missed="1" covered="0" />
      </method>
      <method name="Remove-EntraServicePrincipalKeyCredential" desc="()" line="1603">
        <counter type="INSTRUCTION" missed="27" covered="0" />
        <counter type="LINE" missed="19" covered="0" />
        <counter type="METHOD" missed="1" covered="0" />
      </method>
      <method name="Remove-EntraUser" desc="()" line="1645">
        <counter type="INSTRUCTION" missed="25" covered="0" />
        <counter type="LINE" missed="17" covered="0" />
        <counter type="METHOD" missed="1" covered="0" />
      </method>
      <method name="Update-EntraSignedInUserPassword" desc="()" line="1685">
        <counter type="INSTRUCTION" missed="26" covered="0" />
        <counter type="LINE" missed="19" covered="0" />
        <counter type="METHOD" missed="1" covered="0" />
      </method>
      <method name="Add-EntraDeviceRegisteredOwner" desc="()" line="1729">
        <counter type="INSTRUCTION" missed="31" covered="0" />
        <counter type="LINE" missed="21" covered="0" />
        <counter type="METHOD" missed="1" covered="0" />
      </method>
      <method name="Set-EntraUserThumbnailPhoto" desc="()" line="1782">
        <counter type="INSTRUCTION" missed="32" covered="0" />
        <counter type="LINE" missed="23" covered="0" />
        <counter type="METHOD" missed="1" covered="0" />
      </method>
      <method name="Get-EntraApplication" desc="()" line="1840">
        <counter type="INSTRUCTION" missed="18" covered="53" />
        <counter type="LINE" missed="14" covered="41" />
        <counter type="METHOD" missed="0" covered="1" />
      </method>
      <method name="Set-EntraMSApplicationVerifiedPublisher" desc="()" line="1948">
        <counter type="INSTRUCTION" missed="26" covered="0" />
        <counter type="LINE" missed="19" covered="0" />
        <counter type="METHOD" missed="1" covered="0" />
      </method>
      <method name="Get-EntraDeviceRegisteredUser" desc="()" line="1994">
        <counter type="INSTRUCTION" missed="51" covered="0" />
        <counter type="LINE" missed="37" covered="0" />
        <counter type="METHOD" missed="1" covered="0" />
      </method>
      <method name="Add-EntraDirectoryRoleMember" desc="()" line="2058">
        <counter type="INSTRUCTION" missed="30" covered="0" />
        <counter type="LINE" missed="21" covered="0" />
        <counter type="METHOD" missed="1" covered="0" />
      </method>
      <method name="Remove-EntraMSServicePrincipalDelegatedPermissionClassification" desc="()" line="2104">
        <counter type="INSTRUCTION" missed="26" covered="0" />
        <counter type="LINE" missed="19" covered="0" />
        <counter type="METHOD" missed="1" covered="0" />
      </method>
      <method name="Get-EntraMSAuthorizationPolicy" desc="()" line="2145">
        <counter type="INSTRUCTION" missed="30" covered="0" />
        <counter type="LINE" missed="18" covered="0" />
        <counter type="METHOD" missed="1" covered="0" />
      </method>
      <method name="Select-EntraGroupIdsServicePrincipalIsMemberOf" desc="()" line="2184">
        <counter type="INSTRUCTION" missed="24" covered="0" />
        <counter type="LINE" missed="15" covered="0" />
        <counter type="METHOD" missed="1" covered="0" />
      </method>
      <method name="Set-EntraGroup" desc="()" line="2226">
        <counter type="INSTRUCTION" missed="4" covered="31" />
        <counter type="LINE" missed="4" covered="23" />
        <counter type="METHOD" missed="0" covered="1" />
      </method>
      <method name="Set-EntraApplicationLogo" desc="()" line="2293">
        <counter type="INSTRUCTION" missed="31" covered="0" />
        <counter type="LINE" missed="23" covered="0" />
        <counter type="METHOD" missed="1" covered="0" />
      </method>
      <method name="Get-EntraContactDirectReport" desc="()" line="2347">
        <counter type="INSTRUCTION" missed="30" covered="0" />
        <counter type="LINE" missed="22" covered="0" />
        <counter type="METHOD" missed="1" covered="0" />
      </method>
      <method name="Add-EntraGroupMember" desc="()" line="2398">
        <counter type="INSTRUCTION" missed="28" covered="0" />
        <counter type="LINE" missed="19" covered="0" />
        <counter type="METHOD" missed="1" covered="0" />
      </method>
      <method name="Remove-EntraMSConditionalAccessPolicy" desc="()" line="2440">
        <counter type="INSTRUCTION" missed="25" covered="0" />
        <counter type="LINE" missed="17" covered="0" />
        <counter type="METHOD" missed="1" covered="0" />
      </method>
      <method name="Add-EntraMSServicePrincipalDelegatedPermissionClassification" desc="()" line="2484">
        <counter type="INSTRUCTION" missed="30" covered="0" />
        <counter type="LINE" missed="23" covered="0" />
        <counter type="METHOD" missed="1" covered="0" />
      </method>
      <method name="Remove-EntraServiceAppRoleAssignment" desc="()" line="2536">
        <counter type="INSTRUCTION" missed="27" covered="0" />
        <counter type="LINE" missed="19" covered="0" />
        <counter type="METHOD" missed="1" covered="0" />
      </method>
      <method name="Get-EntraDomainNameReference" desc="()" line="2578">
        <counter type="INSTRUCTION" missed="43" covered="0" />
        <counter type="LINE" missed="31" covered="0" />
        <counter type="METHOD" missed="1" covered="0" />
      </method>
      <method name="Set-EntraMSConditionalAccessPolicy" desc="()" line="2641">
        <counter type="INSTRUCTION" missed="74" covered="0" />
        <counter type="LINE" missed="52" covered="0" />
        <counter type="METHOD" missed="1" covered="0" />
      </method>
      <method name="Remove-EntraMSAdministrativeUnitMember" desc="()" line="2731">
        <counter type="INSTRUCTION" missed="27" covered="0" />
        <counter type="LINE" missed="19" covered="0" />
        <counter type="METHOD" missed="1" covered="0" />
      </method>
      <method name="Get-EntraUserOAuth2PermissionGrant" desc="()" line="2777">
        <counter type="INSTRUCTION" missed="30" covered="0" />
        <counter type="LINE" missed="22" covered="0" />
        <counter type="METHOD" missed="1" covered="0" />
      </method>
      <method name="Get-EntraOAuth2PermissionGrant" desc="()" line="2828">
        <counter type="INSTRUCTION" missed="27" covered="0" />
        <counter type="LINE" missed="20" covered="0" />
        <counter type="METHOD" missed="1" covered="0" />
      </method>
      <method name="New-EntraMSIdentityProvider" desc="()" line="2879">
        <counter type="INSTRUCTION" missed="38" covered="0" />
        <counter type="LINE" missed="31" covered="0" />
        <counter type="METHOD" missed="1" covered="0" />
      </method>
      <method name="Remove-EntraMSDeletedDirectoryObject" desc="()" line="2938">
        <counter type="INSTRUCTION" missed="21" covered="0" />
        <counter type="LINE" missed="15" covered="0" />
        <counter type="METHOD" missed="1" covered="0" />
      </method>
      <method name="Revoke-EntraSignedInUserAllRefreshToken" desc="()" line="2966">
        <counter type="INSTRUCTION" missed="18" covered="0" />
        <counter type="LINE" missed="11" covered="0" />
        <counter type="METHOD" missed="1" covered="0" />
      </method>
      <method name="Get-EntraContactMembership" desc="()" line="2998">
        <counter type="INSTRUCTION" missed="31" covered="0" />
        <counter type="LINE" missed="23" covered="0" />
        <counter type="METHOD" missed="1" covered="0" />
      </method>
      <method name="New-EntraGroup" desc="()" line="3056">
        <counter type="INSTRUCTION" missed="2" covered="30" />
        <counter type="LINE" missed="2" covered="23" />
        <counter type="METHOD" missed="0" covered="1" />
      </method>
      <method name="New-EntraMSNamedLocationPolicy" desc="()" line="3122">
        <counter type="INSTRUCTION" missed="36" covered="0" />
        <counter type="LINE" missed="29" covered="0" />
        <counter type="METHOD" missed="1" covered="0" />
      </method>
      <method name="Confirm-EntraDomain" desc="()" line="3186">
        <counter type="INSTRUCTION" missed="27" covered="0" />
        <counter type="LINE" missed="19" covered="0" />
        <counter type="METHOD" missed="1" covered="0" />
      </method>
      <method name="Remove-EntraServicePrincipalOwner" desc="()" line="3230">
        <counter type="INSTRUCTION" missed="28" covered="0" />
        <counter type="LINE" missed="19" covered="0" />
        <counter type="METHOD" missed="1" covered="0" />
      </method>
      <method name="Remove-EntraUserAppRoleAssignment" desc="()" line="3274">
        <counter type="INSTRUCTION" missed="27" covered="0" />
        <counter type="LINE" missed="19" covered="0" />
        <counter type="METHOD" missed="1" covered="0" />
      </method>
      <method name="Remove-EntraMSRoleAssignment" desc="()" line="3316">
        <counter type="INSTRUCTION" missed="24" covered="0" />
        <counter type="LINE" missed="17" covered="0" />
        <counter type="METHOD" missed="1" covered="0" />
      </method>
      <method name="Remove-EntraMSIdentityProvider" desc="()" line="3354">
        <counter type="INSTRUCTION" missed="24" covered="0" />
        <counter type="LINE" missed="17" covered="0" />
        <counter type="METHOD" missed="1" covered="0" />
      </method>
      <method name="Get-EntraDeletedApplication" desc="()" line="3398">
        <counter type="INSTRUCTION" missed="56" covered="0" />
        <counter type="LINE" missed="43" covered="0" />
        <counter type="METHOD" missed="1" covered="0" />
      </method>
      <method name="Get-EntraExtensionProperty" desc="()" line="3486">
        <counter type="INSTRUCTION" missed="24" covered="0" />
        <counter type="LINE" missed="17" covered="0" />
        <counter type="METHOD" missed="1" covered="0" />
      </method>
      <method name="Select-EntraGroupIdsGroupIsMemberOf" desc="()" line="3526">
        <counter type="INSTRUCTION" missed="27" covered="0" />
        <counter type="LINE" missed="19" covered="0" />
        <counter type="METHOD" missed="1" covered="0" />
      </method>
      <method name="Remove-EntraDeviceRegisteredUser" desc="()" line="3570">
        <counter type="INSTRUCTION" missed="28" covered="0" />
        <counter type="LINE" missed="19" covered="0" />
        <counter type="METHOD" missed="1" covered="0" />
      </method>
      <method name="Set-EntraMSAdministrativeUnit" desc="()" line="3616">
        <counter type="INSTRUCTION" missed="28" covered="0" />
        <counter type="LINE" missed="21" covered="0" />
        <counter type="METHOD" missed="1" covered="0" />
      </method>
      <method name="Set-EntraMSGroup" desc="()" line="3678">
        <counter type="INSTRUCTION" missed="40" covered="0" />
        <counter type="LINE" missed="33" covered="0" />
        <counter type="METHOD" missed="1" covered="0" />
      </method>
      <method name="Add-EntraMSLifecyclePolicyGroup" desc="()" line="3750">
        <counter type="INSTRUCTION" missed="26" covered="0" />
        <counter type="LINE" missed="19" covered="0" />
        <counter type="METHOD" missed="1" covered="0" />
      </method>
      <method name="Get-EntraUserAppRoleAssignment" desc="()" line="3796">
        <counter type="INSTRUCTION" missed="30" covered="0" />
        <counter type="LINE" missed="22" covered="0" />
        <counter type="METHOD" missed="1" covered="0" />
      </method>
      <method name="Remove-EntraMSAdministrativeUnit" desc="()" line="3845">
        <counter type="INSTRUCTION" missed="24" covered="0" />
        <counter type="LINE" missed="17" covered="0" />
        <counter type="METHOD" missed="1" covered="0" />
      </method>
      <method name="Get-EntraMSDeletedGroup" desc="()" line="3891">
        <counter type="INSTRUCTION" missed="40" covered="0" />
        <counter type="LINE" missed="32" covered="0" />
        <counter type="METHOD" missed="1" covered="0" />
      </method>
      <method name="Set-EntraMSAuthorizationPolicy" desc="()" line="3967">
        <counter type="INSTRUCTION" missed="43" covered="0" />
        <counter type="LINE" missed="36" covered="0" />
        <counter type="METHOD" missed="1" covered="0" />
      </method>
      <method name="Remove-EntraGroupOwner" desc="()" line="4039">
        <counter type="INSTRUCTION" missed="28" covered="0" />
        <counter type="LINE" missed="19" covered="0" />
        <counter type="METHOD" missed="1" covered="0" />
      </method>
      <method name="Remove-EntraMSRoleDefinition" desc="()" line="4081">
        <counter type="INSTRUCTION" missed="24" covered="0" />
        <counter type="LINE" missed="17" covered="0" />
        <counter type="METHOD" missed="1" covered="0" />
      </method>
      <method name="Remove-EntraApplicationPasswordCredential" desc="()" line="4121">
        <counter type="INSTRUCTION" missed="27" covered="0" />
        <counter type="LINE" missed="19" covered="0" />
        <counter type="METHOD" missed="1" covered="0" />
      </method>
      <method name="Get-EntraServicePrincipalOwnedObject" desc="()" line="4167">
        <counter type="INSTRUCTION" missed="30" covered="0" />
        <counter type="LINE" missed="22" covered="0" />
        <counter type="METHOD" missed="1" covered="0" />
      </method>
      <method name="Get-EntraMSRoleAssignment" desc="()" line="4224">
        <counter type="INSTRUCTION" missed="37" covered="0" />
        <counter type="LINE" missed="30" covered="0" />
        <counter type="METHOD" missed="1" covered="0" />
      </method>
      <method name="Get-EntraUserOwnedObject" desc="()" line="4290">
        <counter type="INSTRUCTION" missed="38" covered="0" />
        <counter type="LINE" missed="25" covered="0" />
        <counter type="METHOD" missed="1" covered="0" />
      </method>
      <method name="Remove-EntraMSLifecyclePolicyGroup" desc="()" line="4347">
        <counter type="INSTRUCTION" missed="26" covered="0" />
        <counter type="LINE" missed="19" covered="0" />
        <counter type="METHOD" missed="1" covered="0" />
      </method>
      <method name="Remove-EntraDomain" desc="()" line="4389">
        <counter type="INSTRUCTION" missed="25" covered="0" />
        <counter type="LINE" missed="17" covered="0" />
        <counter type="METHOD" missed="1" covered="0" />
      </method>
      <method name="Get-EntraContact" desc="()" line="4433">
        <counter type="INSTRUCTION" missed="51" covered="0" />
        <counter type="LINE" missed="38" covered="0" />
        <counter type="METHOD" missed="1" covered="0" />
      </method>
      <method name="Set-EntraMSGroupLifecyclePolicy" desc="()" line="4507">
        <counter type="INSTRUCTION" missed="30" covered="0" />
        <counter type="LINE" missed="23" covered="0" />
        <counter type="METHOD" missed="1" covered="0" />
      </method>
      <method name="Get-EntraGroupAppRoleAssignment" desc="()" line="4561">
        <counter type="INSTRUCTION" missed="30" covered="0" />
        <counter type="LINE" missed="22" covered="0" />
        <counter type="METHOD" missed="1" covered="0" />
      </method>
      <method name="Get-EntraMSApplication" desc="()" line="4618">
        <counter type="INSTRUCTION" missed="50" covered="0" />
        <counter type="LINE" missed="37" covered="0" />
        <counter type="METHOD" missed="1" covered="0" />
      </method>
      <method name="Set-EntraApplication" desc="()" line="4759">
        <counter type="INSTRUCTION" missed="133" covered="0" />
        <counter type="LINE" missed="110" covered="0" />
        <counter type="METHOD" missed="1" covered="0" />
      </method>
      <method name="Get-EntraMSRoleDefinition" desc="()" line="4985">
        <counter type="INSTRUCTION" missed="49" covered="0" />
        <counter type="LINE" missed="36" covered="0" />
        <counter type="METHOD" missed="1" covered="0" />
      </method>
      <method name="Get-EntraMSPermissionGrantConditionSet" desc="()" line="5058">
        <counter type="INSTRUCTION" missed="28" covered="0" />
        <counter type="LINE" missed="21" covered="0" />
        <counter type="METHOD" missed="1" covered="0" />
      </method>
      <method name="Remove-EntraGroupMember" desc="()" line="5108">
        <counter type="INSTRUCTION" missed="28" covered="0" />
        <counter type="LINE" missed="19" covered="0" />
        <counter type="METHOD" missed="1" covered="0" />
      </method>
      <method name="Get-EntraServicePrincipalCreatedObject" desc="()" line="5154">
        <counter type="INSTRUCTION" missed="30" covered="0" />
        <counter type="LINE" missed="22" covered="0" />
        <counter type="METHOD" missed="1" covered="0" />
      </method>
      <method name="Get-EntraApplicationKeyCredential" desc="()" line="5203">
        <counter type="INSTRUCTION" missed="3" covered="0" />
        <counter type="LINE" missed="2" covered="0" />
        <counter type="METHOD" missed="1" covered="0" />
      </method>
      <method name="Get-EntraServicePrincipalOwner" desc="()" line="5219">
        <counter type="INSTRUCTION" missed="40" covered="0" />
        <counter type="LINE" missed="27" covered="0" />
        <counter type="METHOD" missed="1" covered="0" />
      </method>
      <method name="Get-EntraUserThumbnailPhoto" desc="()" line="5279">
        <counter type="INSTRUCTION" missed="31" covered="0" />
        <counter type="LINE" missed="23" covered="0" />
        <counter type="METHOD" missed="1" covered="0" />
      </method>
      <method name="Get-EntraServicePrincipalKeyCredential" desc="()" line="5328">
        <counter type="INSTRUCTION" missed="9" covered="0" />
        <counter type="LINE" missed="7" covered="0" />
        <counter type="METHOD" missed="1" covered="0" />
      </method>
      <method name="Remove-EntraDevice" desc="()" line="5346">
        <counter type="INSTRUCTION" missed="25" covered="0" />
        <counter type="LINE" missed="17" covered="0" />
        <counter type="METHOD" missed="1" covered="0" />
      </method>
      <method name="Get-EntraUserExtension" desc="()" line="5384">
        <counter type="INSTRUCTION" missed="25" covered="0" />
        <counter type="LINE" missed="17" covered="0" />
        <counter type="METHOD" missed="1" covered="0" />
      </method>
      <method name="Get-EntraUserCreatedObject" desc="()" line="5426">
        <counter type="INSTRUCTION" missed="50" covered="0" />
        <counter type="LINE" missed="36" covered="0" />
        <counter type="METHOD" missed="1" covered="0" />
      </method>
      <method name="Set-EntraMSNamedLocationPolicy" desc="()" line="5510">
        <counter type="INSTRUCTION" missed="45" covered="0" />
        <counter type="LINE" missed="37" covered="0" />
        <counter type="METHOD" missed="1" covered="0" />
      </method>
      <method name="Set-EntraMSRoleDefinition" desc="()" line="5597">
        <counter type="INSTRUCTION" missed="49" covered="0" />
        <counter type="LINE" missed="38" covered="0" />
        <counter type="METHOD" missed="1" covered="0" />
      </method>
      <method name="Get-EntraContactManager" desc="()" line="5673">
        <counter type="INSTRUCTION" missed="25" covered="0" />
        <counter type="LINE" missed="17" covered="0" />
        <counter type="METHOD" missed="1" covered="0" />
      </method>
      <method name="Set-EntraMSPermissionGrantConditionSet" desc="()" line="5731">
        <counter type="INSTRUCTION" missed="44" covered="0" />
        <counter type="LINE" missed="37" covered="0" />
        <counter type="METHOD" missed="1" covered="0" />
      </method>
      <method name="Get-EntraApplicationOwner" desc="()" line="5817">
        <counter type="INSTRUCTION" missed="42" covered="0" />
        <counter type="LINE" missed="28" covered="0" />
        <counter type="METHOD" missed="1" covered="0" />
      </method>
      <method name="Remove-EntraMSScopedRoleMembership" desc="()" line="5872">
        <counter type="INSTRUCTION" missed="26" covered="0" />
        <counter type="LINE" missed="19" covered="0" />
        <counter type="METHOD" missed="1" covered="0" />
      </method>
      <method name="Remove-EntraMSApplication" desc="()" line="5914">
        <counter type="INSTRUCTION" missed="25" covered="0" />
        <counter type="LINE" missed="17" covered="0" />
        <counter type="METHOD" missed="1" covered="0" />
      </method>
      <method name="Set-EntraUserExtension" desc="()" line="5959">
        <counter type="INSTRUCTION" missed="31" covered="0" />
        <counter type="LINE" missed="23" covered="0" />
        <counter type="METHOD" missed="1" covered="0" />
      </method>
      <method name="Get-EntraMSLifecyclePolicyGroup" desc="()" line="6009">
        <counter type="INSTRUCTION" missed="24" covered="0" />
        <counter type="LINE" missed="17" covered="0" />
        <counter type="METHOD" missed="1" covered="0" />
      </method>
      <method name="Get-EntraUserManager" desc="()" line="6047">
        <counter type="INSTRUCTION" missed="31" covered="0" />
        <counter type="LINE" missed="20" covered="0" />
        <counter type="METHOD" missed="1" covered="0" />
      </method>
      <method name="New-EntraServiceAppRoleAssignment" desc="()" line="6096">
        <counter type="INSTRUCTION" missed="31" covered="0" />
        <counter type="LINE" missed="23" covered="0" />
        <counter type="METHOD" missed="1" covered="0" />
      </method>
      <method name="Add-EntraApplicationOwner" desc="()" line="6147">
        <counter type="INSTRUCTION" missed="22" covered="0" />
        <counter type="LINE" missed="16" covered="0" />
        <counter type="METHOD" missed="1" covered="0" />
      </method>
      <method name="Remove-EntraMSGroup" desc="()" line="6184">
        <counter type="INSTRUCTION" missed="24" covered="0" />
        <counter type="LINE" missed="17" covered="0" />
        <counter type="METHOD" missed="1" covered="0" />
      </method>
      <method name="Remove-EntraApplication" desc="()" line="6222">
        <counter type="INSTRUCTION" missed="25" covered="0" />
        <counter type="LINE" missed="17" covered="0" />
        <counter type="METHOD" missed="1" covered="0" />
      </method>
      <method name="New-EntraGroupAppRoleAssignment" desc="()" line="6266">
        <counter type="INSTRUCTION" missed="31" covered="0" />
        <counter type="LINE" missed="23" covered="0" />
        <counter type="METHOD" missed="1" covered="0" />
      </method>
      <method name="Add-EntraDeviceRegisteredUser" desc="()" line="6318">
        <counter type="INSTRUCTION" missed="31" covered="0" />
        <counter type="LINE" missed="21" covered="0" />
        <counter type="METHOD" missed="1" covered="0" />
      </method>
      <method name="Set-EntraTrustedCertificateAuthority" desc="()" line="6362">
        <counter type="INSTRUCTION" missed="60" covered="0" />
        <counter type="LINE" missed="47" covered="0" />
        <counter type="METHOD" missed="1" covered="0" />
      </method>
      <method name="Remove-EntraOAuth2PermissionGrant" desc="()" line="6441">
        <counter type="INSTRUCTION" missed="25" covered="0" />
        <counter type="LINE" missed="17" covered="0" />
        <counter type="METHOD" missed="1" covered="0" />
      </method>
      <method name="Get-EntraUserOwnedDevice" desc="()" line="6483">
        <counter type="INSTRUCTION" missed="38" covered="0" />
        <counter type="LINE" missed="25" covered="0" />
        <counter type="METHOD" missed="1" covered="0" />
      </method>
      <method name="Remove-EntraGroup" desc="()" line="6535">
        <counter type="INSTRUCTION" missed="4" covered="21" />
        <counter type="LINE" missed="4" covered="13" />
        <counter type="METHOD" missed="0" covered="1" />
      </method>
      <method name="Set-EntraUserLicense" desc="()" line="6575">
        <counter type="INSTRUCTION" missed="43" covered="0" />
        <counter type="LINE" missed="29" covered="0" />
        <counter type="METHOD" missed="1" covered="0" />
      </method>
      <method name="Remove-EntraMSApplicationVerifiedPublisher" desc="()" line="6632">
        <counter type="INSTRUCTION" missed="24" covered="0" />
        <counter type="LINE" missed="17" covered="0" />
        <counter type="METHOD" missed="1" covered="0" />
      </method>
      <method name="New-EntraMSPermissionGrantConditionSet" desc="()" line="6688">
        <counter type="INSTRUCTION" missed="42" covered="0" />
        <counter type="LINE" missed="35" covered="0" />
        <counter type="METHOD" missed="1" covered="0" />
      </method>
      <method name="Remove-EntraUserExtension" desc="()" line="6773">
        <counter type="INSTRUCTION" missed="29" covered="0" />
        <counter type="LINE" missed="21" covered="0" />
        <counter type="METHOD" missed="1" covered="0" />
      </method>
      <method name="New-EntraMSApplicationKey" desc="()" line="6825">
        <counter type="INSTRUCTION" missed="31" covered="0" />
        <counter type="LINE" missed="23" covered="0" />
        <counter type="METHOD" missed="1" covered="0" />
      </method>
      <method name="Get-EntraServicePrincipalMembership" desc="()" line="6879">
        <counter type="INSTRUCTION" missed="31" covered="0" />
        <counter type="LINE" missed="23" covered="0" />
        <counter type="METHOD" missed="1" covered="0" />
      </method>
      <method name="New-EntraMSApplicationPassword" desc="()" line="6931">
        <counter type="INSTRUCTION" missed="44" covered="0" />
        <counter type="LINE" missed="29" covered="0" />
        <counter type="METHOD" missed="1" covered="0" />
      </method>
      <method name="Get-EntraDomainVerificationDnsRecord" desc="()" line="6984">
        <counter type="INSTRUCTION" missed="27" covered="0" />
        <counter type="LINE" missed="19" covered="0" />
        <counter type="METHOD" missed="1" covered="0" />
      </method>
      <method name="Remove-EntraGroupAppRoleAssignment" desc="()" line="7026">
        <counter type="INSTRUCTION" missed="27" covered="0" />
        <counter type="LINE" missed="19" covered="0" />
        <counter type="METHOD" missed="1" covered="0" />
      </method>
      <method name="Get-EntraApplicationPasswordCredential" desc="()" line="7067">
        <counter type="INSTRUCTION" missed="3" covered="0" />
        <counter type="LINE" missed="2" covered="0" />
        <counter type="METHOD" missed="1" covered="0" />
      </method>
      <method name="New-EntraDevice" desc="()" line="7106">
        <counter type="INSTRUCTION" missed="52" covered="0" />
        <counter type="LINE" missed="45" covered="0" />
        <counter type="METHOD" missed="1" covered="0" />
      </method>
      <method name="Get-EntraDirectoryRoleTemplate" desc="()" line="7199">
        <counter type="INSTRUCTION" missed="22" covered="0" />
        <counter type="LINE" missed="15" covered="0" />
        <counter type="METHOD" missed="1" covered="0" />
      </method>
      <method name="Set-EntraUserPassword" desc="()" line="7239">
        <counter type="INSTRUCTION" missed="35" covered="0" />
        <counter type="LINE" missed="25" covered="0" />
        <counter type="METHOD" missed="1" covered="0" />
      </method>
      <method name="Get-EntraGroupOwner" desc="()" line="7293">
        <counter type="INSTRUCTION" missed="42" covered="0" />
        <counter type="LINE" missed="28" covered="0" />
        <counter type="METHOD" missed="1" covered="0" />
      </method>
      <method name="Get-EntraMSPermissionGrantPolicy" desc="()" line="7346">
        <counter type="INSTRUCTION" missed="24" covered="0" />
        <counter type="LINE" missed="17" covered="0" />
        <counter type="METHOD" missed="1" covered="0" />
      </method>
      <method name="Remove-EntraMSApplicationExtensionProperty" desc="()" line="7386">
        <counter type="INSTRUCTION" missed="27" covered="0" />
        <counter type="LINE" missed="19" covered="0" />
        <counter type="METHOD" missed="1" covered="0" />
      </method>
      <method name="New-EntraMSApplicationExtensionProperty" desc="()" line="7434">
        <counter type="INSTRUCTION" missed="31" covered="0" />
        <counter type="LINE" missed="23" covered="0" />
        <counter type="METHOD" missed="1" covered="0" />
      </method>
      <method name="Get-EntraDomainServiceConfigurationRecord" desc="()" line="7484">
        <counter type="INSTRUCTION" missed="27" covered="0" />
        <counter type="LINE" missed="19" covered="0" />
        <counter type="METHOD" missed="1" covered="0" />
      </method>
      <method name="Restore-EntraMSDeletedDirectoryObject" desc="()" line="7524">
        <counter type="INSTRUCTION" missed="26" covered="0" />
        <counter type="LINE" missed="19" covered="0" />
        <counter type="METHOD" missed="1" covered="0" />
      </method>
      <method name="Remove-EntraMSPermissionGrantPolicy" desc="()" line="7563">
        <counter type="INSTRUCTION" missed="24" covered="0" />
        <counter type="LINE" missed="17" covered="0" />
        <counter type="METHOD" missed="1" covered="0" />
      </method>
      <method name="Get-EntraMSConditionalAccessPolicy" desc="()" line="7601">
        <counter type="INSTRUCTION" missed="24" covered="0" />
        <counter type="LINE" missed="17" covered="0" />
        <counter type="METHOD" missed="1" covered="0" />
      </method>
      <method name="Get-EntraUserRegisteredDevice" desc="()" line="7643">
        <counter type="INSTRUCTION" missed="38" covered="0" />
        <counter type="LINE" missed="25" covered="0" />
        <counter type="METHOD" missed="1" covered="0" />
      </method>
      <method name="Get-EntraContract" desc="()" line="7701">
        <counter type="INSTRUCTION" missed="36" covered="0" />
        <counter type="LINE" missed="28" covered="0" />
        <counter type="METHOD" missed="1" covered="0" />
      </method>
      <method name="Set-EntraMSApplicationLogo" desc="()" line="7761">
        <counter type="INSTRUCTION" missed="27" covered="0" />
        <counter type="LINE" missed="19" covered="0" />
        <counter type="METHOD" missed="1" covered="0" />
      </method>
      <method name="Add-EntraMSScopedRoleMembership" desc="()" line="7809">
        <counter type="INSTRUCTION" missed="36" covered="0" />
        <counter type="LINE" missed="28" covered="0" />
        <counter type="METHOD" missed="1" covered="0" />
      </method>
      <method name="New-EntraMSRoleDefinition" desc="()" line="7877">
        <counter type="INSTRUCTION" missed="41" covered="0" />
        <counter type="LINE" missed="34" covered="0" />
        <counter type="METHOD" missed="1" covered="0" />
      </method>
      <method name="New-EntraTrustedCertificateAuthority" desc="()" line="7945">
        <counter type="INSTRUCTION" missed="57" covered="0" />
        <counter type="LINE" missed="44" covered="0" />
        <counter type="METHOD" missed="1" covered="0" />
      </method>
      <method name="Set-EntraUser" desc="()" line="8085">
        <counter type="INSTRUCTION" missed="104" covered="0" />
        <counter type="LINE" missed="90" covered="0" />
        <counter type="METHOD" missed="1" covered="0" />
      </method>
      <method name="Get-EntraUserDirectReport" desc="()" line="8269">
        <counter type="INSTRUCTION" missed="51" covered="0" />
        <counter type="LINE" missed="37" covered="0" />
        <counter type="METHOD" missed="1" covered="0" />
      </method>
      <method name="Remove-EntraDirectoryRoleMember" desc="()" line="8333">
        <counter type="INSTRUCTION" missed="28" covered="0" />
        <counter type="LINE" missed="19" covered="0" />
        <counter type="METHOD" missed="1" covered="0" />
      </method>
      <method name="Remove-EntraApplicationOwner" desc="()" line="8377">
        <counter type="INSTRUCTION" missed="28" covered="0" />
        <counter type="LINE" missed="19" covered="0" />
        <counter type="METHOD" missed="1" covered="0" />
      </method>
      <method name="Set-EntraDomain" desc="()" line="8425">
        <counter type="INSTRUCTION" missed="31" covered="0" />
        <counter type="LINE" missed="23" covered="0" />
        <counter type="METHOD" missed="1" covered="0" />
      </method>
      <method name="Remove-EntraMSNamedLocationPolicy" desc="()" line="8475">
        <counter type="INSTRUCTION" missed="25" covered="0" />
        <counter type="LINE" missed="17" covered="0" />
        <counter type="METHOD" missed="1" covered="0" />
      </method>
      <method name="Set-EntraMSApplication" desc="()" line="8551">
        <counter type="INSTRUCTION" missed="199" covered="0" />
        <counter type="LINE" missed="140" covered="0" />
        <counter type="METHOD" missed="1" covered="0" />
      </method>
      <method name="Get-EntraMSApplicationOwner" desc="()" line="8780">
        <counter type="INSTRUCTION" missed="31" covered="0" />
        <counter type="LINE" missed="23" covered="0" />
        <counter type="METHOD" missed="1" covered="0" />
      </method>
      <method name="New-EntraApplication" desc="()" line="8895">
        <counter type="INSTRUCTION" missed="132" covered="0" />
        <counter type="LINE" missed="109" covered="0" />
        <counter type="METHOD" missed="1" covered="0" />
      </method>
      <method name="Get-EntraDevice" desc="()" line="9118">
        <counter type="INSTRUCTION" missed="51" covered="0" />
        <counter type="LINE" missed="42" covered="0" />
        <counter type="METHOD" missed="1" covered="0" />
      </method>
      <method name="Get-EntraUser" desc="()" line="9200">
        <counter type="INSTRUCTION" missed="57" covered="0" />
        <counter type="LINE" missed="43" covered="0" />
        <counter type="METHOD" missed="1" covered="0" />
      </method>
      <method name="New-EntraServicePrincipalPasswordCredential" desc="()" line="9285">
        <counter type="INSTRUCTION" missed="12" covered="0" />
        <counter type="LINE" missed="11" covered="0" />
        <counter type="METHOD" missed="1" covered="0" />
      </method>
      <method name="Get-EntraMSApplicationExtensionProperty" desc="()" line="9309">
        <counter type="INSTRUCTION" missed="25" covered="0" />
        <counter type="LINE" missed="17" covered="0" />
        <counter type="METHOD" missed="1" covered="0" />
      </method>
      <method name="Get-EntraMSGroupLifecyclePolicy" desc="()" line="9347">
        <counter type="INSTRUCTION" missed="24" covered="0" />
        <counter type="LINE" missed="17" covered="0" />
        <counter type="METHOD" missed="1" covered="0" />
      </method>
      <method name="Get-EntraCurrentSessionInfo" desc="()" line="9384">
        <counter type="INSTRUCTION" missed="26" covered="0" />
        <counter type="LINE" missed="19" covered="0" />
        <counter type="METHOD" missed="1" covered="0" />
      </method>
      <method name="Get-EntraMSGroup" desc="()" line="9434">
        <counter type="INSTRUCTION" missed="40" covered="0" />
        <counter type="LINE" missed="32" covered="0" />
        <counter type="METHOD" missed="1" covered="0" />
      </method>
      <method name="Get-EntraDeviceRegisteredOwner" desc="()" line="9502">
        <counter type="INSTRUCTION" missed="51" covered="0" />
        <counter type="LINE" missed="37" covered="0" />
        <counter type="METHOD" missed="1" covered="0" />
      </method>
      <method name="Get-EntraMSNamedLocationPolicy" desc="()" line="9564">
        <counter type="INSTRUCTION" missed="25" covered="0" />
        <counter type="LINE" missed="17" covered="0" />
        <counter type="METHOD" missed="1" covered="0" />
      </method>
      <method name="New-EntraMSAdministrativeUnit" desc="()" line="9604">
        <counter type="INSTRUCTION" missed="26" covered="0" />
        <counter type="LINE" missed="19" covered="0" />
        <counter type="METHOD" missed="1" covered="0" />
      </method>
      <method name="Remove-EntraDeletedApplication" desc="()" line="9646">
        <counter type="INSTRUCTION" missed="25" covered="0" />
        <counter type="LINE" missed="17" covered="0" />
        <counter type="METHOD" missed="1" covered="0" />
      </method>
      <method name="Select-EntraGroupIdsContactIsMemberOf" desc="()" line="9686">
        <counter type="INSTRUCTION" missed="24" covered="0" />
        <counter type="LINE" missed="15" covered="0" />
        <counter type="METHOD" missed="1" covered="0" />
      </method>
      <method name="Add-EntraMSAdministrativeUnitMember" desc="()" line="9720">
        <counter type="INSTRUCTION" missed="30" covered="0" />
        <counter type="LINE" missed="21" covered="0" />
        <counter type="METHOD" missed="1" covered="0" />
      </method>
      <method name="Remove-EntraServicePrincipalPasswordCredential" desc="()" line="9766">
        <counter type="INSTRUCTION" missed="27" covered="0" />
        <counter type="LINE" missed="19" covered="0" />
        <counter type="METHOD" missed="1" covered="0" />
      </method>
      <method name="Get-EntraObjectByObjectId" desc="()" line="9810">
        <counter type="INSTRUCTION" missed="26" covered="0" />
        <counter type="LINE" missed="19" covered="0" />
        <counter type="METHOD" missed="1" covered="0" />
      </method>
      <method name="Remove-EntraContact" desc="()" line="9852">
        <counter type="INSTRUCTION" missed="25" covered="0" />
        <counter type="LINE" missed="17" covered="0" />
        <counter type="METHOD" missed="1" covered="0" />
      </method>
      <method name="Get-EntraServiceAppRoleAssignedTo" desc="()" line="9894">
        <counter type="INSTRUCTION" missed="30" covered="0" />
        <counter type="LINE" missed="22" covered="0" />
        <counter type="METHOD" missed="1" covered="0" />
      </method>
      <method name="Remove-EntraDeviceRegisteredOwner" desc="()" line="9945">
        <counter type="INSTRUCTION" missed="28" covered="0" />
        <counter type="LINE" missed="19" covered="0" />
        <counter type="METHOD" missed="1" covered="0" />
      </method>
      <method name="New-EntraMSPermissionGrantPolicy" desc="()" line="9991">
        <counter type="INSTRUCTION" missed="28" covered="0" />
        <counter type="LINE" missed="21" covered="0" />
        <counter type="METHOD" missed="1" covered="0" />
      </method>
      <method name="Set-EntraServicePrincipal" desc="()" line="10069">
        <counter type="INSTRUCTION" missed="87" covered="0" />
        <counter type="LINE" missed="79" covered="0" />
        <counter type="METHOD" missed="1" covered="0" />
      </method>
      <method name="Remove-EntraMSPermissionGrantConditionSet" desc="()" line="10219">
        <counter type="INSTRUCTION" missed="28" covered="0" />
        <counter type="LINE" missed="21" covered="0" />
        <counter type="METHOD" missed="1" covered="0" />
      </method>
      <method name="Get-EntraServicePrincipalPasswordCredential" desc="()" line="10268">
        <counter type="INSTRUCTION" missed="9" covered="0" />
        <counter type="LINE" missed="7" covered="0" />
        <counter type="METHOD" missed="1" covered="0" />
      </method>
      <method name="Get-EntraDirectoryRoleMember" desc="()" line="10286">
        <counter type="INSTRUCTION" missed="40" covered="0" />
        <counter type="LINE" missed="28" covered="0" />
        <counter type="METHOD" missed="1" covered="0" />
      </method>
      <method name="New-EntraMSGroupLifecyclePolicy" desc="()" line="10338">
        <counter type="INSTRUCTION" missed="28" covered="0" />
        <counter type="LINE" missed="21" covered="0" />
        <counter type="METHOD" missed="1" covered="0" />
      </method>
      <method name="Get-EntraMSScopedRoleMembership" desc="()" line="10386">
        <counter type="INSTRUCTION" missed="35" covered="0" />
        <counter type="LINE" missed="23" covered="0" />
        <counter type="METHOD" missed="1" covered="0" />
      </method>
      <method name="New-EntraMSConditionalAccessPolicy" desc="()" line="10442">
        <counter type="INSTRUCTION" missed="34" covered="0" />
        <counter type="LINE" missed="27" covered="0" />
        <counter type="METHOD" missed="1" covered="0" />
      </method>
      <method name="Remove-EntraUserManager" desc="()" line="10500">
        <counter type="INSTRUCTION" missed="25" covered="0" />
        <counter type="LINE" missed="17" covered="0" />
        <counter type="METHOD" missed="1" covered="0" />
      </method>
      <method name="New-EntraServicePrincipal" desc="()" line="10568">
        <counter type="INSTRUCTION" missed="83" covered="0" />
        <counter type="LINE" missed="76" covered="0" />
        <counter type="METHOD" missed="1" covered="0" />
      </method>
      <method name="Get-EntraDirectoryRole" desc="()" line="10708">
        <counter type="INSTRUCTION" missed="2" covered="29" />
        <counter type="LINE" missed="2" covered="21" />
        <counter type="METHOD" missed="0" covered="1" />
      </method>
      <method name="Get-EntraServicePrincipal" desc="()" line="10763">
        <counter type="INSTRUCTION" missed="41" covered="0" />
        <counter type="LINE" missed="32" covered="0" />
        <counter type="METHOD" missed="1" covered="0" />
      </method>
      <method name="Set-EntraUserManager" desc="()" line="10829">
        <counter type="INSTRUCTION" missed="31" covered="0" />
        <counter type="LINE" missed="21" covered="0" />
        <counter type="METHOD" missed="1" covered="0" />
      </method>
      <method name="Set-EntraTenantDetail" desc="()" line="10881">
        <counter type="INSTRUCTION" missed="22" covered="0" />
        <counter type="LINE" missed="15" covered="0" />
        <counter type="METHOD" missed="1" covered="0" />
      </method>
      <method name="New-EntraApplicationExtensionProperty" desc="()" line="10926">
        <counter type="INSTRUCTION" missed="31" covered="0" />
        <counter type="LINE" missed="23" covered="0" />
        <counter type="METHOD" missed="1" covered="0" />
      </method>
      <method name="New-EntraUserAppRoleAssignment" desc="()" line="10982">
        <counter type="INSTRUCTION" missed="31" covered="0" />
        <counter type="LINE" missed="23" covered="0" />
        <counter type="METHOD" missed="1" covered="0" />
      </method>
      <method name="Get-EntraMSDeletedDirectoryObject" desc="()" line="11032">
        <counter type="INSTRUCTION" missed="25" covered="0" />
        <counter type="LINE" missed="18" covered="0" />
        <counter type="METHOD" missed="1" covered="0" />
      </method>
      <method name="Get-EntraApplicationLogo" desc="()" line="11077">
        <counter type="INSTRUCTION" missed="31" covered="0" />
        <counter type="LINE" missed="23" covered="0" />
        <counter type="METHOD" missed="1" covered="0" />
      </method>
      <method name="Set-EntraDevice" desc="()" line="11157">
        <counter type="INSTRUCTION" missed="71" covered="0" />
        <counter type="LINE" missed="55" covered="0" />
        <counter type="METHOD" missed="1" covered="0" />
      </method>
      <method name="Set-EntraMSPermissionGrantPolicy" desc="()" line="11270">
        <counter type="INSTRUCTION" missed="28" covered="0" />
        <counter type="LINE" missed="21" covered="0" />
        <counter type="METHOD" missed="1" covered="0" />
      </method>
      <method name="New-EntraMSApplication" desc="()" line="11352">
        <counter type="INSTRUCTION" missed="134" covered="0" />
        <counter type="LINE" missed="108" covered="0" />
        <counter type="METHOD" missed="1" covered="0" />
      </method>
      <method name="Get-EntraSubscribedSku" desc="()" line="11538">
        <counter type="INSTRUCTION" missed="33" covered="0" />
        <counter type="LINE" missed="20" covered="0" />
        <counter type="METHOD" missed="1" covered="0" />
      </method>
      <method name="Remove-EntraMSApplicationPassword" desc="()" line="11581">
        <counter type="INSTRUCTION" missed="27" covered="0" />
        <counter type="LINE" missed="19" covered="0" />
        <counter type="METHOD" missed="1" covered="0" />
      </method>
      <method name="Get-EntraMSAdministrativeUnitMember" desc="()" line="11627">
        <counter type="INSTRUCTION" missed="29" covered="0" />
        <counter type="LINE" missed="22" covered="0" />
        <counter type="METHOD" missed="1" covered="0" />
      </method>
      <method name="Get-EntraUserMembership" desc="()" line="11680">
        <counter type="INSTRUCTION" missed="31" covered="0" />
        <counter type="LINE" missed="23" covered="0" />
        <counter type="METHOD" missed="1" covered="0" />
      </method>
      <method name="Remove-EntraMSApplicationOwner" desc="()" line="11732">
        <counter type="INSTRUCTION" missed="28" covered="0" />
        <counter type="LINE" missed="19" covered="0" />
        <counter type="METHOD" missed="1" covered="0" />
      </method>
      <method name="New-EntraApplicationKeyCredential" desc="()" line="11786">
        <counter type="INSTRUCTION" missed="37" covered="0" />
        <counter type="LINE" missed="29" covered="0" />
        <counter type="METHOD" missed="1" covered="0" />
      </method>
      <method name="Enable-EntraDirectoryRole" desc="()" line="11848">
        <counter type="INSTRUCTION" missed="24" covered="0" />
        <counter type="LINE" missed="17" covered="0" />
        <counter type="METHOD" missed="1" covered="0" />
      </method>
      <method name="Get-EntraMSAdministrativeUnit" desc="()" line="11892">
        <counter type="INSTRUCTION" missed="35" covered="0" />
        <counter type="LINE" missed="28" covered="0" />
        <counter type="METHOD" missed="1" covered="0" />
      </method>
      <method name="Remove-EntraServicePrincipal" desc="()" line="11950">
        <counter type="INSTRUCTION" missed="25" covered="0" />
        <counter type="LINE" missed="17" covered="0" />
        <counter type="METHOD" missed="1" covered="0" />
      </method>
      <method name="Restore-EntraDeletedApplication" desc="()" line="11990">
        <counter type="INSTRUCTION" missed="46" covered="0" />
        <counter type="LINE" missed="38" covered="0" />
        <counter type="METHOD" missed="1" covered="0" />
      </method>
      <method name="New-EntraMSInvitation" desc="()" line="12062">
        <counter type="INSTRUCTION" missed="44" covered="0" />
        <counter type="LINE" missed="35" covered="0" />
        <counter type="METHOD" missed="1" covered="0" />
      </method>
      <method name="Get-EntraTenantDetail" desc="()" line="12132">
        <counter type="INSTRUCTION" missed="39" covered="0" />
        <counter type="LINE" missed="27" covered="0" />
        <counter type="METHOD" missed="1" covered="0" />
      </method>
      <method name="New-EntraApplicationPasswordCredential" desc="()" line="12192">
        <counter type="INSTRUCTION" missed="27" covered="0" />
        <counter type="LINE" missed="20" covered="0" />
        <counter type="METHOD" missed="1" covered="0" />
      </method>
      <method name="Get-EntraUnsupportedCommand" desc="()" line="12229">
        <counter type="INSTRUCTION" missed="1" covered="0" />
        <counter type="LINE" missed="1" covered="0" />
        <counter type="METHOD" missed="1" covered="0" />
      </method>
      <method name="Enable-EntraAzureADAlias" desc="()" line="12232">
        <counter type="INSTRUCTION" missed="228" covered="0" />
        <counter type="LINE" missed="228" covered="0" />
        <counter type="METHOD" missed="1" covered="0" />
      </method>
      <method name="Set-EntraDirSyncConfiguration" desc="()" line="12473">
        <counter type="INSTRUCTION" missed="41" covered="0" />
        <counter type="LINE" missed="33" covered="0" />
        <counter type="METHOD" missed="1" covered="0" />
      </method>
      <method name="Get-EntraDirSyncConfiguration" desc="()" line="12546">
        <counter type="INSTRUCTION" missed="29" covered="0" />
        <counter type="LINE" missed="18" covered="0" />
        <counter type="METHOD" missed="1" covered="0" />
      </method>
      <method name="Get-EntraDirSyncfeature" desc="()" line="12583">
        <counter type="INSTRUCTION" missed="37" covered="0" />
        <counter type="LINE" missed="27" covered="0" />
        <counter type="METHOD" missed="1" covered="0" />
      </method>
      <method name="Convert-EntraFederatedUser" desc="()" line="12663">
        <counter type="INSTRUCTION" missed="28" covered="0" />
        <counter type="LINE" missed="22" covered="0" />
        <counter type="METHOD" missed="1" covered="0" />
      </method>
      <method name="Get-EntraPasswordPolicy" desc="()" line="12733">
        <counter type="INSTRUCTION" missed="23" covered="0" />
        <counter type="LINE" missed="17" covered="0" />
        <counter type="METHOD" missed="1" covered="0" />
      </method>
      <method name="Test-ScriptCommand" desc="()" line="12829">
        <counter type="INSTRUCTION" missed="28" covered="0" />
        <counter type="LINE" missed="25" covered="0" />
        <counter type="METHOD" missed="1" covered="0" />
      </method>
      <method name="Test-EntraScript" desc="()" line="12865">
        <counter type="INSTRUCTION" missed="16" covered="0" />
        <counter type="LINE" missed="13" covered="0" />
        <counter type="METHOD" missed="1" covered="0" />
      </method>
      <method name="Get-EntraDomainFedrationSettings" desc="()" line="12944">
        <counter type="INSTRUCTION" missed="38" covered="0" />
        <counter type="LINE" missed="28" covered="0" />
        <counter type="METHOD" missed="1" covered="0" />
      </method>
      <method name="New-EntraCustomHeaders" desc="()" line="13008">
        <counter type="INSTRUCTION" missed="0" covered="11" />
        <counter type="LINE" missed="0" covered="9" />
        <counter type="METHOD" missed="0" covered="1" />
      </method>
      <method name="Get-EntraFederationProperty" desc="()" line="13052">
        <counter type="INSTRUCTION" missed="29" covered="0" />
        <counter type="LINE" missed="22" covered="0" />
        <counter type="METHOD" missed="1" covered="0" />
      </method>
      <method name="Set-EntraDomainFederationSettings" desc="()" line="13167">
        <counter type="INSTRUCTION" missed="46" covered="0" />
        <counter type="LINE" missed="39" covered="0" />
        <counter type="METHOD" missed="1" covered="0" />
      </method>
      <method name="Set-EntraDirSyncFeature" desc="()" line="13288">
        <counter type="INSTRUCTION" missed="44" covered="0" />
        <counter type="LINE" missed="32" covered="0" />
        <counter type="METHOD" missed="1" covered="0" />
      </method>
      <method name="Get-EntraPartnerInformation" desc="()" line="13380">
        <counter type="INSTRUCTION" missed="31" covered="0" />
        <counter type="LINE" missed="23" covered="0" />
        <counter type="METHOD" missed="1" covered="0" />
      </method>
      <method name="Get-EntraAccountSku" desc="()" line="13447">
        <counter type="INSTRUCTION" missed="27" covered="0" />
        <counter type="LINE" missed="20" covered="0" />
        <counter type="METHOD" missed="1" covered="0" />
      </method>
      <method name="Get-EntraHasObjectsWithDirSyncProvisioningError" desc="()" line="13478">
        <counter type="INSTRUCTION" missed="34" covered="0" />
        <counter type="LINE" missed="21" covered="0" />
        <counter type="METHOD" missed="1" covered="0" />
      </method>
      <counter type="INSTRUCTION" missed="7752" covered="214" />
      <counter type="LINE" missed="5814" covered="160" />
      <counter type="METHOD" missed="217" covered="7" />
      <counter type="CLASS" missed="1" covered="0" />
    </class>
    <sourcefile name="Microsoft.Graph.Entra.psm1">
      <line nr="4" mi="1" ci="0" mb="0" cb="0" />
      <line nr="13" mi="1" ci="0" mb="0" cb="0" />
      <line nr="14" mi="1" ci="0" mb="0" cb="0" />
      <line nr="15" mi="1" ci="0" mb="0" cb="0" />
      <line nr="16" mi="1" ci="0" mb="0" cb="0" />
      <line nr="18" mi="1" ci="0" mb="0" cb="0" />
      <line nr="20" mi="1" ci="0" mb="0" cb="0" />
      <line nr="22" mi="1" ci="0" mb="0" cb="0" />
      <line nr="24" mi="1" ci="0" mb="0" cb="0" />
      <line nr="26" mi="1" ci="0" mb="0" cb="0" />
      <line nr="29" mi="2" ci="0" mb="0" cb="0" />
      <line nr="30" mi="5" ci="0" mb="0" cb="0" />
      <line nr="31" mi="2" ci="0" mb="0" cb="0" />
      <line nr="33" mi="1" ci="0" mb="0" cb="0" />
      <line nr="34" mi="2" ci="0" mb="0" cb="0" />
      <line nr="35" mi="1" ci="0" mb="0" cb="0" />
      <line nr="36" mi="1" ci="0" mb="0" cb="0" />
      <line nr="37" mi="1" ci="0" mb="0" cb="0" />
      <line nr="38" mi="1" ci="0" mb="0" cb="0" />
      <line nr="39" mi="1" ci="0" mb="0" cb="0" />
      <line nr="43" mi="1" ci="0" mb="0" cb="0" />
      <line nr="58" mi="1" ci="0" mb="0" cb="0" />
      <line nr="59" mi="1" ci="0" mb="0" cb="0" />
      <line nr="60" mi="2" ci="0" mb="0" cb="0" />
      <line nr="61" mi="1" ci="0" mb="0" cb="0" />
      <line nr="63" mi="1" ci="0" mb="0" cb="0" />
      <line nr="65" mi="1" ci="0" mb="0" cb="0" />
      <line nr="67" mi="1" ci="0" mb="0" cb="0" />
      <line nr="69" mi="1" ci="0" mb="0" cb="0" />
      <line nr="71" mi="1" ci="0" mb="0" cb="0" />
      <line nr="73" mi="1" ci="0" mb="0" cb="0" />
      <line nr="76" mi="1" ci="0" mb="0" cb="0" />
      <line nr="78" mi="1" ci="0" mb="0" cb="0" />
      <line nr="80" mi="1" ci="0" mb="0" cb="0" />
      <line nr="82" mi="1" ci="0" mb="0" cb="0" />
      <line nr="85" mi="2" ci="0" mb="0" cb="0" />
      <line nr="86" mi="5" ci="0" mb="0" cb="0" />
      <line nr="87" mi="2" ci="0" mb="0" cb="0" />
      <line nr="89" mi="1" ci="0" mb="0" cb="0" />
      <line nr="90" mi="2" ci="0" mb="0" cb="0" />
      <line nr="91" mi="1" ci="0" mb="0" cb="0" />
      <line nr="92" mi="1" ci="0" mb="0" cb="0" />
      <line nr="96" mi="1" ci="0" mb="0" cb="0" />
      <line nr="107" mi="1" ci="0" mb="0" cb="0" />
      <line nr="108" mi="1" ci="0" mb="0" cb="0" />
      <line nr="109" mi="2" ci="0" mb="0" cb="0" />
      <line nr="110" mi="1" ci="0" mb="0" cb="0" />
      <line nr="112" mi="1" ci="0" mb="0" cb="0" />
      <line nr="114" mi="1" ci="0" mb="0" cb="0" />
      <line nr="116" mi="1" ci="0" mb="0" cb="0" />
      <line nr="118" mi="1" ci="0" mb="0" cb="0" />
      <line nr="120" mi="1" ci="0" mb="0" cb="0" />
      <line nr="123" mi="2" ci="0" mb="0" cb="0" />
      <line nr="124" mi="5" ci="0" mb="0" cb="0" />
      <line nr="125" mi="2" ci="0" mb="0" cb="0" />
      <line nr="127" mi="1" ci="0" mb="0" cb="0" />
      <line nr="128" mi="2" ci="0" mb="0" cb="0" />
      <line nr="129" mi="1" ci="0" mb="0" cb="0" />
      <line nr="130" mi="1" ci="0" mb="0" cb="0" />
      <line nr="134" mi="1" ci="0" mb="0" cb="0" />
      <line nr="149" mi="1" ci="0" mb="0" cb="0" />
      <line nr="150" mi="1" ci="0" mb="0" cb="0" />
      <line nr="151" mi="2" ci="0" mb="0" cb="0" />
      <line nr="152" mi="1" ci="0" mb="0" cb="0" />
      <line nr="154" mi="1" ci="0" mb="0" cb="0" />
      <line nr="156" mi="1" ci="0" mb="0" cb="0" />
      <line nr="158" mi="1" ci="0" mb="0" cb="0" />
      <line nr="160" mi="1" ci="0" mb="0" cb="0" />
      <line nr="162" mi="1" ci="0" mb="0" cb="0" />
      <line nr="164" mi="1" ci="0" mb="0" cb="0" />
      <line nr="167" mi="1" ci="0" mb="0" cb="0" />
      <line nr="169" mi="1" ci="0" mb="0" cb="0" />
      <line nr="171" mi="1" ci="0" mb="0" cb="0" />
      <line nr="173" mi="1" ci="0" mb="0" cb="0" />
      <line nr="176" mi="2" ci="0" mb="0" cb="0" />
      <line nr="177" mi="5" ci="0" mb="0" cb="0" />
      <line nr="178" mi="2" ci="0" mb="0" cb="0" />
      <line nr="180" mi="1" ci="0" mb="0" cb="0" />
      <line nr="181" mi="2" ci="0" mb="0" cb="0" />
      <line nr="182" mi="1" ci="0" mb="0" cb="0" />
      <line nr="183" mi="1" ci="0" mb="0" cb="0" />
      <line nr="187" mi="1" ci="0" mb="0" cb="0" />
      <line nr="198" mi="1" ci="0" mb="0" cb="0" />
      <line nr="199" mi="1" ci="0" mb="0" cb="0" />
      <line nr="200" mi="1" ci="0" mb="0" cb="0" />
      <line nr="201" mi="1" ci="0" mb="0" cb="0" />
      <line nr="203" mi="1" ci="0" mb="0" cb="0" />
      <line nr="205" mi="1" ci="0" mb="0" cb="0" />
      <line nr="207" mi="1" ci="0" mb="0" cb="0" />
      <line nr="209" mi="1" ci="0" mb="0" cb="0" />
      <line nr="211" mi="1" ci="0" mb="0" cb="0" />
      <line nr="214" mi="2" ci="0" mb="0" cb="0" />
      <line nr="215" mi="5" ci="0" mb="0" cb="0" />
      <line nr="216" mi="2" ci="0" mb="0" cb="0" />
      <line nr="218" mi="1" ci="0" mb="0" cb="0" />
      <line nr="219" mi="2" ci="0" mb="0" cb="0" />
      <line nr="220" mi="1" ci="0" mb="0" cb="0" />
      <line nr="221" mi="1" ci="0" mb="0" cb="0" />
      <line nr="225" mi="1" ci="0" mb="0" cb="0" />
      <line nr="244" mi="1" ci="0" mb="0" cb="0" />
      <line nr="245" mi="1" ci="0" mb="0" cb="0" />
      <line nr="246" mi="1" ci="0" mb="0" cb="0" />
      <line nr="247" mi="1" ci="0" mb="0" cb="0" />
      <line nr="248" mi="1" ci="0" mb="0" cb="0" />
      <line nr="250" mi="1" ci="0" mb="0" cb="0" />
      <line nr="252" mi="1" ci="0" mb="0" cb="0" />
      <line nr="254" mi="1" ci="0" mb="0" cb="0" />
      <line nr="256" mi="1" ci="0" mb="0" cb="0" />
      <line nr="258" mi="1" ci="0" mb="0" cb="0" />
      <line nr="260" mi="1" ci="0" mb="0" cb="0" />
      <line nr="262" mi="1" ci="0" mb="0" cb="0" />
      <line nr="264" mi="1" ci="0" mb="0" cb="0" />
      <line nr="266" mi="1" ci="0" mb="0" cb="0" />
      <line nr="268" mi="1" ci="0" mb="0" cb="0" />
      <line nr="270" mi="1" ci="0" mb="0" cb="0" />
      <line nr="272" mi="1" ci="0" mb="0" cb="0" />
      <line nr="274" mi="1" ci="0" mb="0" cb="0" />
      <line nr="276" mi="1" ci="0" mb="0" cb="0" />
      <line nr="277" mi="1" ci="0" mb="0" cb="0" />
      <line nr="279" mi="2" ci="0" mb="0" cb="0" />
      <line nr="280" mi="5" ci="0" mb="0" cb="0" />
      <line nr="281" mi="2" ci="0" mb="0" cb="0" />
      <line nr="283" mi="1" ci="0" mb="0" cb="0" />
      <line nr="284" mi="2" ci="0" mb="0" cb="0" />
      <line nr="285" mi="1" ci="0" mb="0" cb="0" />
      <line nr="286" mi="1" ci="0" mb="0" cb="0" />
      <line nr="290" mi="1" ci="0" mb="0" cb="0" />
      <line nr="303" mi="1" ci="0" mb="0" cb="0" />
      <line nr="304" mi="1" ci="0" mb="0" cb="0" />
      <line nr="305" mi="3" ci="0" mb="0" cb="0" />
      <line nr="306" mi="1" ci="0" mb="0" cb="0" />
      <line nr="308" mi="1" ci="0" mb="0" cb="0" />
      <line nr="310" mi="1" ci="0" mb="0" cb="0" />
      <line nr="312" mi="1" ci="0" mb="0" cb="0" />
      <line nr="314" mi="1" ci="0" mb="0" cb="0" />
      <line nr="316" mi="1" ci="0" mb="0" cb="0" />
      <line nr="317" mi="2" ci="0" mb="0" cb="0" />
      <line nr="318" mi="1" ci="0" mb="0" cb="0" />
      <line nr="320" mi="1" ci="0" mb="0" cb="0" />
      <line nr="322" mi="1" ci="0" mb="0" cb="0" />
      <line nr="325" mi="2" ci="0" mb="0" cb="0" />
      <line nr="326" mi="5" ci="0" mb="0" cb="0" />
      <line nr="327" mi="2" ci="0" mb="0" cb="0" />
      <line nr="329" mi="1" ci="0" mb="0" cb="0" />
      <line nr="330" mi="2" ci="0" mb="0" cb="0" />
      <line nr="331" mi="1" ci="0" mb="0" cb="0" />
      <line nr="332" mi="1" ci="0" mb="0" cb="0" />
      <line nr="336" mi="1" ci="0" mb="0" cb="0" />
      <line nr="347" mi="1" ci="0" mb="0" cb="0" />
      <line nr="348" mi="1" ci="0" mb="0" cb="0" />
      <line nr="349" mi="2" ci="0" mb="0" cb="0" />
      <line nr="350" mi="1" ci="0" mb="0" cb="0" />
      <line nr="352" mi="1" ci="0" mb="0" cb="0" />
      <line nr="354" mi="1" ci="0" mb="0" cb="0" />
      <line nr="356" mi="1" ci="0" mb="0" cb="0" />
      <line nr="358" mi="1" ci="0" mb="0" cb="0" />
      <line nr="360" mi="1" ci="0" mb="0" cb="0" />
      <line nr="363" mi="2" ci="0" mb="0" cb="0" />
      <line nr="364" mi="5" ci="0" mb="0" cb="0" />
      <line nr="365" mi="2" ci="0" mb="0" cb="0" />
      <line nr="367" mi="1" ci="0" mb="0" cb="0" />
      <line nr="368" mi="2" ci="0" mb="0" cb="0" />
      <line nr="369" mi="1" ci="0" mb="0" cb="0" />
      <line nr="370" mi="1" ci="0" mb="0" cb="0" />
      <line nr="374" mi="1" ci="0" mb="0" cb="0" />
      <line nr="393" mi="0" ci="1" mb="0" cb="0" />
      <line nr="394" mi="0" ci="1" mb="0" cb="0" />
      <line nr="395" mi="0" ci="3" mb="0" cb="0" />
      <line nr="396" mi="0" ci="1" mb="0" cb="0" />
      <line nr="398" mi="0" ci="1" mb="0" cb="0" />
      <line nr="399" mi="0" ci="1" mb="0" cb="0" />
      <line nr="400" mi="0" ci="1" mb="0" cb="0" />
      <line nr="402" mi="0" ci="1" mb="0" cb="0" />
      <line nr="404" mi="0" ci="1" mb="0" cb="0" />
      <line nr="406" mi="0" ci="1" mb="0" cb="0" />
      <line nr="408" mi="0" ci="1" mb="0" cb="0" />
      <line nr="409" mi="0" ci="1" mb="0" cb="0" />
      <line nr="410" mi="0" ci="1" mb="0" cb="0" />
      <line nr="412" mi="0" ci="1" mb="0" cb="0" />
      <line nr="413" mi="0" ci="1" mb="0" cb="0" />
      <line nr="415" mi="0" ci="1" mb="0" cb="0" />
      <line nr="417" mi="1" ci="0" mb="0" cb="0" />
      <line nr="419" mi="0" ci="1" mb="0" cb="0" />
      <line nr="421" mi="0" ci="1" mb="0" cb="0" />
      <line nr="423" mi="0" ci="1" mb="0" cb="0" />
      <line nr="426" mi="0" ci="1" mb="0" cb="0" />
      <line nr="428" mi="1" ci="0" mb="0" cb="0" />
      <line nr="430" mi="0" ci="1" mb="0" cb="0" />
      <line nr="432" mi="0" ci="1" mb="0" cb="0" />
      <line nr="435" mi="0" ci="2" mb="0" cb="0" />
      <line nr="436" mi="0" ci="5" mb="0" cb="0" />
      <line nr="437" mi="0" ci="2" mb="0" cb="0" />
      <line nr="439" mi="0" ci="1" mb="0" cb="0" />
      <line nr="440" mi="0" ci="2" mb="0" cb="0" />
      <line nr="441" mi="0" ci="1" mb="0" cb="0" />
      <line nr="442" mi="0" ci="1" mb="0" cb="0" />
      <line nr="446" mi="0" ci="1" mb="0" cb="0" />
      <line nr="459" mi="1" ci="0" mb="0" cb="0" />
      <line nr="460" mi="1" ci="0" mb="0" cb="0" />
      <line nr="461" mi="2" ci="0" mb="0" cb="0" />
      <line nr="462" mi="1" ci="0" mb="0" cb="0" />
      <line nr="464" mi="1" ci="0" mb="0" cb="0" />
      <line nr="466" mi="1" ci="0" mb="0" cb="0" />
      <line nr="468" mi="1" ci="0" mb="0" cb="0" />
      <line nr="470" mi="1" ci="0" mb="0" cb="0" />
      <line nr="472" mi="1" ci="0" mb="0" cb="0" />
      <line nr="474" mi="1" ci="0" mb="0" cb="0" />
      <line nr="476" mi="1" ci="0" mb="0" cb="0" />
      <line nr="479" mi="2" ci="0" mb="0" cb="0" />
      <line nr="480" mi="5" ci="0" mb="0" cb="0" />
      <line nr="481" mi="2" ci="0" mb="0" cb="0" />
      <line nr="483" mi="1" ci="0" mb="0" cb="0" />
      <line nr="484" mi="2" ci="0" mb="0" cb="0" />
      <line nr="485" mi="1" ci="0" mb="0" cb="0" />
      <line nr="486" mi="1" ci="0" mb="0" cb="0" />
      <line nr="490" mi="1" ci="0" mb="0" cb="0" />
      <line nr="567" mi="1" ci="0" mb="0" cb="0" />
      <line nr="568" mi="1" ci="0" mb="0" cb="0" />
      <line nr="569" mi="7" ci="0" mb="0" cb="0" />
      <line nr="570" mi="1" ci="0" mb="0" cb="0" />
      <line nr="572" mi="1" ci="0" mb="0" cb="0" />
      <line nr="574" mi="1" ci="0" mb="0" cb="0" />
      <line nr="576" mi="1" ci="0" mb="0" cb="0" />
      <line nr="578" mi="1" ci="0" mb="0" cb="0" />
      <line nr="580" mi="1" ci="0" mb="0" cb="0" />
      <line nr="582" mi="1" ci="0" mb="0" cb="0" />
      <line nr="584" mi="1" ci="0" mb="0" cb="0" />
      <line nr="586" mi="1" ci="0" mb="0" cb="0" />
      <line nr="588" mi="1" ci="0" mb="0" cb="0" />
      <line nr="590" mi="1" ci="0" mb="0" cb="0" />
      <line nr="592" mi="1" ci="0" mb="0" cb="0" />
      <line nr="594" mi="1" ci="0" mb="0" cb="0" />
      <line nr="596" mi="1" ci="0" mb="0" cb="0" />
      <line nr="598" mi="1" ci="0" mb="0" cb="0" />
      <line nr="600" mi="1" ci="0" mb="0" cb="0" />
      <line nr="602" mi="1" ci="0" mb="0" cb="0" />
      <line nr="604" mi="1" ci="0" mb="0" cb="0" />
      <line nr="606" mi="1" ci="0" mb="0" cb="0" />
      <line nr="608" mi="1" ci="0" mb="0" cb="0" />
      <line nr="610" mi="1" ci="0" mb="0" cb="0" />
      <line nr="612" mi="1" ci="0" mb="0" cb="0" />
      <line nr="614" mi="1" ci="0" mb="0" cb="0" />
      <line nr="616" mi="1" ci="0" mb="0" cb="0" />
      <line nr="618" mi="1" ci="0" mb="0" cb="0" />
      <line nr="620" mi="1" ci="0" mb="0" cb="0" />
      <line nr="622" mi="1" ci="0" mb="0" cb="0" />
      <line nr="624" mi="1" ci="0" mb="0" cb="0" />
      <line nr="626" mi="1" ci="0" mb="0" cb="0" />
      <line nr="628" mi="1" ci="0" mb="0" cb="0" />
      <line nr="630" mi="1" ci="0" mb="0" cb="0" />
      <line nr="632" mi="1" ci="0" mb="0" cb="0" />
      <line nr="634" mi="1" ci="0" mb="0" cb="0" />
      <line nr="636" mi="1" ci="0" mb="0" cb="0" />
      <line nr="638" mi="1" ci="0" mb="0" cb="0" />
      <line nr="640" mi="1" ci="0" mb="0" cb="0" />
      <line nr="642" mi="1" ci="0" mb="0" cb="0" />
      <line nr="644" mi="1" ci="0" mb="0" cb="0" />
      <line nr="646" mi="1" ci="0" mb="0" cb="0" />
      <line nr="648" mi="1" ci="0" mb="0" cb="0" />
      <line nr="650" mi="1" ci="0" mb="0" cb="0" />
      <line nr="652" mi="1" ci="0" mb="0" cb="0" />
      <line nr="654" mi="1" ci="0" mb="0" cb="0" />
      <line nr="656" mi="1" ci="0" mb="0" cb="0" />
      <line nr="658" mi="1" ci="0" mb="0" cb="0" />
      <line nr="660" mi="1" ci="0" mb="0" cb="0" />
      <line nr="662" mi="1" ci="0" mb="0" cb="0" />
      <line nr="664" mi="1" ci="0" mb="0" cb="0" />
      <line nr="666" mi="1" ci="0" mb="0" cb="0" />
      <line nr="668" mi="1" ci="0" mb="0" cb="0" />
      <line nr="670" mi="1" ci="0" mb="0" cb="0" />
      <line nr="672" mi="1" ci="0" mb="0" cb="0" />
      <line nr="673" mi="1" ci="0" mb="0" cb="0" />
      <line nr="674" mi="1" ci="0" mb="0" cb="0" />
      <line nr="675" mi="1" ci="0" mb="0" cb="0" />
      <line nr="676" mi="1" ci="0" mb="0" cb="0" />
      <line nr="678" mi="1" ci="0" mb="0" cb="0" />
      <line nr="680" mi="1" ci="0" mb="0" cb="0" />
      <line nr="682" mi="1" ci="0" mb="0" cb="0" />
      <line nr="684" mi="1" ci="0" mb="0" cb="0" />
      <line nr="686" mi="1" ci="0" mb="0" cb="0" />
      <line nr="688" mi="1" ci="0" mb="0" cb="0" />
      <line nr="690" mi="1" ci="0" mb="0" cb="0" />
      <line nr="692" mi="1" ci="0" mb="0" cb="0" />
      <line nr="694" mi="1" ci="0" mb="0" cb="0" />
      <line nr="696" mi="1" ci="0" mb="0" cb="0" />
      <line nr="698" mi="1" ci="0" mb="0" cb="0" />
      <line nr="700" mi="1" ci="0" mb="0" cb="0" />
      <line nr="702" mi="1" ci="0" mb="0" cb="0" />
      <line nr="704" mi="1" ci="0" mb="0" cb="0" />
      <line nr="706" mi="1" ci="0" mb="0" cb="0" />
      <line nr="708" mi="1" ci="0" mb="0" cb="0" />
      <line nr="710" mi="2" ci="0" mb="0" cb="0" />
      <line nr="712" mi="1" ci="0" mb="0" cb="0" />
      <line nr="714" mi="1" ci="0" mb="0" cb="0" />
      <line nr="716" mi="1" ci="0" mb="0" cb="0" />
      <line nr="718" mi="1" ci="0" mb="0" cb="0" />
      <line nr="722" mi="2" ci="0" mb="0" cb="0" />
      <line nr="723" mi="5" ci="0" mb="0" cb="0" />
      <line nr="724" mi="2" ci="0" mb="0" cb="0" />
      <line nr="725" mi="2" ci="0" mb="0" cb="0" />
      <line nr="726" mi="1" ci="0" mb="0" cb="0" />
      <line nr="727" mi="3" ci="0" mb="0" cb="0" />
      <line nr="728" mi="2" ci="0" mb="0" cb="0" />
      <line nr="729" mi="1" ci="0" mb="0" cb="0" />
      <line nr="730" mi="1" ci="0" mb="0" cb="0" />
      <line nr="733" mi="1" ci="0" mb="0" cb="0" />
      <line nr="744" mi="1" ci="0" mb="0" cb="0" />
      <line nr="745" mi="1" ci="0" mb="0" cb="0" />
      <line nr="746" mi="1" ci="0" mb="0" cb="0" />
      <line nr="747" mi="1" ci="0" mb="0" cb="0" />
      <line nr="749" mi="1" ci="0" mb="0" cb="0" />
      <line nr="751" mi="1" ci="0" mb="0" cb="0" />
      <line nr="753" mi="1" ci="0" mb="0" cb="0" />
      <line nr="755" mi="1" ci="0" mb="0" cb="0" />
      <line nr="757" mi="1" ci="0" mb="0" cb="0" />
      <line nr="760" mi="2" ci="0" mb="0" cb="0" />
      <line nr="761" mi="5" ci="0" mb="0" cb="0" />
      <line nr="762" mi="2" ci="0" mb="0" cb="0" />
      <line nr="764" mi="1" ci="0" mb="0" cb="0" />
      <line nr="765" mi="2" ci="0" mb="0" cb="0" />
      <line nr="766" mi="1" ci="0" mb="0" cb="0" />
      <line nr="767" mi="1" ci="0" mb="0" cb="0" />
      <line nr="771" mi="1" ci="0" mb="0" cb="0" />
      <line nr="782" mi="1" ci="0" mb="0" cb="0" />
      <line nr="783" mi="1" ci="0" mb="0" cb="0" />
      <line nr="784" mi="1" ci="0" mb="0" cb="0" />
      <line nr="785" mi="1" ci="0" mb="0" cb="0" />
      <line nr="787" mi="1" ci="0" mb="0" cb="0" />
      <line nr="789" mi="1" ci="0" mb="0" cb="0" />
      <line nr="791" mi="1" ci="0" mb="0" cb="0" />
      <line nr="793" mi="1" ci="0" mb="0" cb="0" />
      <line nr="795" mi="1" ci="0" mb="0" cb="0" />
      <line nr="798" mi="2" ci="0" mb="0" cb="0" />
      <line nr="799" mi="5" ci="0" mb="0" cb="0" />
      <line nr="800" mi="2" ci="0" mb="0" cb="0" />
      <line nr="802" mi="1" ci="0" mb="0" cb="0" />
      <line nr="803" mi="2" ci="0" mb="0" cb="0" />
      <line nr="804" mi="1" ci="0" mb="0" cb="0" />
      <line nr="805" mi="1" ci="0" mb="0" cb="0" />
      <line nr="806" mi="1" ci="0" mb="0" cb="0" />
      <line nr="807" mi="2" ci="0" mb="0" cb="0" />
      <line nr="808" mi="1" ci="0" mb="0" cb="0" />
      <line nr="809" mi="3" ci="0" mb="0" cb="0" />
      <line nr="810" mi="3" ci="0" mb="0" cb="0" />
      <line nr="815" mi="1" ci="0" mb="0" cb="0" />
      <line nr="833" mi="1" ci="0" mb="0" cb="0" />
      <line nr="834" mi="1" ci="0" mb="0" cb="0" />
      <line nr="835" mi="2" ci="0" mb="0" cb="0" />
      <line nr="836" mi="1" ci="0" mb="0" cb="0" />
      <line nr="838" mi="1" ci="0" mb="0" cb="0" />
      <line nr="840" mi="1" ci="0" mb="0" cb="0" />
      <line nr="842" mi="1" ci="0" mb="0" cb="0" />
      <line nr="844" mi="1" ci="0" mb="0" cb="0" />
      <line nr="846" mi="1" ci="0" mb="0" cb="0" />
      <line nr="848" mi="1" ci="0" mb="0" cb="0" />
      <line nr="850" mi="1" ci="0" mb="0" cb="0" />
      <line nr="852" mi="1" ci="0" mb="0" cb="0" />
      <line nr="854" mi="1" ci="0" mb="0" cb="0" />
      <line nr="856" mi="1" ci="0" mb="0" cb="0" />
      <line nr="858" mi="1" ci="0" mb="0" cb="0" />
      <line nr="861" mi="2" ci="0" mb="0" cb="0" />
      <line nr="862" mi="5" ci="0" mb="0" cb="0" />
      <line nr="863" mi="2" ci="0" mb="0" cb="0" />
      <line nr="865" mi="1" ci="0" mb="0" cb="0" />
      <line nr="866" mi="2" ci="0" mb="0" cb="0" />
      <line nr="867" mi="1" ci="0" mb="0" cb="0" />
      <line nr="868" mi="1" ci="0" mb="0" cb="0" />
      <line nr="869" mi="1" ci="0" mb="0" cb="0" />
      <line nr="873" mi="1" ci="0" mb="0" cb="0" />
      <line nr="884" mi="1" ci="0" mb="0" cb="0" />
      <line nr="885" mi="1" ci="0" mb="0" cb="0" />
      <line nr="886" mi="1" ci="0" mb="0" cb="0" />
      <line nr="887" mi="1" ci="0" mb="0" cb="0" />
      <line nr="889" mi="1" ci="0" mb="0" cb="0" />
      <line nr="891" mi="1" ci="0" mb="0" cb="0" />
      <line nr="893" mi="1" ci="0" mb="0" cb="0" />
      <line nr="895" mi="1" ci="0" mb="0" cb="0" />
      <line nr="897" mi="1" ci="0" mb="0" cb="0" />
      <line nr="900" mi="2" ci="0" mb="0" cb="0" />
      <line nr="901" mi="5" ci="0" mb="0" cb="0" />
      <line nr="902" mi="2" ci="0" mb="0" cb="0" />
[...]
      <line nr="12457" mi="1" ci="0" mb="0" cb="0" />
      <line nr="12458" mi="1" ci="0" mb="0" cb="0" />
      <line nr="12459" mi="1" ci="0" mb="0" cb="0" />
      <line nr="12473" mi="1" ci="0" mb="0" cb="0" />
      <line nr="12474" mi="1" ci="0" mb="0" cb="0" />
      <line nr="12475" mi="1" ci="0" mb="0" cb="0" />
      <line nr="12476" mi="1" ci="0" mb="0" cb="0" />
      <line nr="12478" mi="1" ci="0" mb="0" cb="0" />
      <line nr="12479" mi="1" ci="0" mb="0" cb="0" />
      <line nr="12481" mi="1" ci="0" mb="0" cb="0" />
      <line nr="12482" mi="1" ci="0" mb="0" cb="0" />
      <line nr="12484" mi="1" ci="0" mb="0" cb="0" />
      <line nr="12485" mi="1" ci="0" mb="0" cb="0" />
      <line nr="12487" mi="2" ci="0" mb="0" cb="0" />
      <line nr="12488" mi="5" ci="0" mb="0" cb="0" />
      <line nr="12489" mi="2" ci="0" mb="0" cb="0" />
      <line nr="12491" mi="1" ci="0" mb="0" cb="0" />
      <line nr="12492" mi="1" ci="0" mb="0" cb="0" />
      <line nr="12495" mi="1" ci="0" mb="0" cb="0" />
      <line nr="12496" mi="1" ci="0" mb="0" cb="0" />
      <line nr="12497" mi="1" ci="0" mb="0" cb="0" />
      <line nr="12498" mi="1" ci="0" mb="0" cb="0" />
      <line nr="12499" mi="1" ci="0" mb="0" cb="0" />
      <line nr="12500" mi="2" ci="0" mb="0" cb="0" />
      <line nr="12501" mi="1" ci="0" mb="0" cb="0" />
      <line nr="12504" mi="1" ci="0" mb="0" cb="0" />
      <line nr="12505" mi="1" ci="0" mb="0" cb="0" />
      <line nr="12506" mi="2" ci="0" mb="0" cb="0" />
      <line nr="12509" mi="1" ci="0" mb="0" cb="0" />
      <line nr="12511" mi="1" ci="0" mb="0" cb="0" />
      <line nr="12512" mi="1" ci="0" mb="0" cb="0" />
      <line nr="12513" mi="1" ci="0" mb="0" cb="0" />
      <line nr="12514" mi="1" ci="0" mb="0" cb="0" />
      <line nr="12515" mi="1" ci="0" mb="0" cb="0" />
      <line nr="12519" mi="1" ci="0" mb="0" cb="0" />
      <line nr="12520" mi="1" ci="0" mb="0" cb="0" />
      <line nr="12546" mi="3" ci="0" mb="0" cb="0" />
      <line nr="12550" mi="1" ci="0" mb="0" cb="0" />
      <line nr="12551" mi="1" ci="0" mb="0" cb="0" />
      <line nr="12552" mi="1" ci="0" mb="0" cb="0" />
      <line nr="12553" mi="1" ci="0" mb="0" cb="0" />
      <line nr="12554" mi="1" ci="0" mb="0" cb="0" />
      <line nr="12556" mi="1" ci="0" mb="0" cb="0" />
      <line nr="12557" mi="1" ci="0" mb="0" cb="0" />
      <line nr="12559" mi="1" ci="0" mb="0" cb="0" />
      <line nr="12560" mi="1" ci="0" mb="0" cb="0" />
      <line nr="12562" mi="2" ci="0" mb="0" cb="0" />
      <line nr="12563" mi="5" ci="0" mb="0" cb="0" />
      <line nr="12564" mi="2" ci="0" mb="0" cb="0" />
      <line nr="12565" mi="4" ci="0" mb="0" cb="0" />
      <line nr="12567" mi="1" ci="0" mb="0" cb="0" />
      <line nr="12568" mi="1" ci="0" mb="0" cb="0" />
      <line nr="12569" mi="1" ci="0" mb="0" cb="0" />
      <line nr="12571" mi="1" ci="0" mb="0" cb="0" />
      <line nr="12583" mi="1" ci="0" mb="0" cb="0" />
      <line nr="12584" mi="1" ci="0" mb="0" cb="0" />
      <line nr="12585" mi="1" ci="0" mb="0" cb="0" />
      <line nr="12586" mi="1" ci="0" mb="0" cb="0" />
      <line nr="12588" mi="1" ci="0" mb="0" cb="0" />
      <line nr="12589" mi="1" ci="0" mb="0" cb="0" />
      <line nr="12591" mi="1" ci="0" mb="0" cb="0" />
      <line nr="12592" mi="1" ci="0" mb="0" cb="0" />
      <line nr="12594" mi="1" ci="0" mb="0" cb="0" />
      <line nr="12595" mi="1" ci="0" mb="0" cb="0" />
      <line nr="12597" mi="2" ci="0" mb="0" cb="0" />
      <line nr="12598" mi="5" ci="0" mb="0" cb="0" />
      <line nr="12599" mi="2" ci="0" mb="0" cb="0" />
      <line nr="12600" mi="2" ci="0" mb="0" cb="0" />
      <line nr="12601" mi="1" ci="0" mb="0" cb="0" />
      <line nr="12602" mi="1" ci="0" mb="0" cb="0" />
      <line nr="12603" mi="1" ci="0" mb="0" cb="0" />
      <line nr="12604" mi="1" ci="0" mb="0" cb="0" />
      <line nr="12605" mi="1" ci="0" mb="0" cb="0" />
      <line nr="12606" mi="1" ci="0" mb="0" cb="0" />
      <line nr="12608" mi="1" ci="0" mb="0" cb="0" />
      <line nr="12610" mi="1" ci="0" mb="0" cb="0" />
      <line nr="12611" mi="2" ci="0" mb="0" cb="0" />
      <line nr="12614" mi="3" ci="0" mb="0" cb="0" />
      <line nr="12615" mi="1" ci="0" mb="0" cb="0" />
      <line nr="12616" mi="1" ci="0" mb="0" cb="0" />
      <line nr="12619" mi="1" ci="0" mb="0" cb="0" />
      <line nr="12663" mi="1" ci="0" mb="0" cb="0" />
      <line nr="12664" mi="1" ci="0" mb="0" cb="0" />
      <line nr="12665" mi="1" ci="0" mb="0" cb="0" />
      <line nr="12666" mi="1" ci="0" mb="0" cb="0" />
      <line nr="12667" mi="1" ci="0" mb="0" cb="0" />
      <line nr="12668" mi="1" ci="0" mb="0" cb="0" />
      <line nr="12669" mi="1" ci="0" mb="0" cb="0" />
      <line nr="12671" mi="1" ci="0" mb="0" cb="0" />
      <line nr="12672" mi="1" ci="0" mb="0" cb="0" />
      <line nr="12673" mi="1" ci="0" mb="0" cb="0" />
      <line nr="12676" mi="1" ci="0" mb="0" cb="0" />
      <line nr="12677" mi="1" ci="0" mb="0" cb="0" />
      <line nr="12679" mi="1" ci="0" mb="0" cb="0" />
      <line nr="12680" mi="1" ci="0" mb="0" cb="0" />
      <line nr="12682" mi="1" ci="0" mb="0" cb="0" />
      <line nr="12683" mi="1" ci="0" mb="0" cb="0" />
      <line nr="12685" mi="2" ci="0" mb="0" cb="0" />
      <line nr="12686" mi="5" ci="0" mb="0" cb="0" />
      <line nr="12687" mi="2" ci="0" mb="0" cb="0" />
      <line nr="12688" mi="1" ci="0" mb="0" cb="0" />
      <line nr="12690" mi="1" ci="0" mb="0" cb="0" />
      <line nr="12692" mi="1" ci="0" mb="0" cb="0" />
      <line nr="12733" mi="1" ci="0" mb="0" cb="0" />
      <line nr="12734" mi="1" ci="0" mb="0" cb="0" />
      <line nr="12735" mi="1" ci="0" mb="0" cb="0" />
      <line nr="12736" mi="1" ci="0" mb="0" cb="0" />
      <line nr="12737" mi="1" ci="0" mb="0" cb="0" />
      <line nr="12739" mi="1" ci="0" mb="0" cb="0" />
      <line nr="12740" mi="1" ci="0" mb="0" cb="0" />
      <line nr="12742" mi="1" ci="0" mb="0" cb="0" />
      <line nr="12743" mi="1" ci="0" mb="0" cb="0" />
      <line nr="12745" mi="2" ci="0" mb="0" cb="0" />
      <line nr="12746" mi="5" ci="0" mb="0" cb="0" />
      <line nr="12747" mi="2" ci="0" mb="0" cb="0" />
      <line nr="12748" mi="1" ci="0" mb="0" cb="0" />
      <line nr="12750" mi="1" ci="0" mb="0" cb="0" />
      <line nr="12751" mi="1" ci="0" mb="0" cb="0" />
      <line nr="12752" mi="1" ci="0" mb="0" cb="0" />
      <line nr="12754" mi="1" ci="0" mb="0" cb="0" />
      <line nr="12829" mi="1" ci="0" mb="0" cb="0" />
      <line nr="12830" mi="2" ci="0" mb="0" cb="0" />
      <line nr="12831" mi="3" ci="0" mb="0" cb="0" />
      <line nr="12833" mi="1" ci="0" mb="0" cb="0" />
      <line nr="12834" mi="1" ci="0" mb="0" cb="0" />
      <line nr="12835" mi="1" ci="0" mb="0" cb="0" />
      <line nr="12836" mi="1" ci="0" mb="0" cb="0" />
      <line nr="12837" mi="1" ci="0" mb="0" cb="0" />
      <line nr="12838" mi="1" ci="0" mb="0" cb="0" />
      <line nr="12839" mi="1" ci="0" mb="0" cb="0" />
      <line nr="12840" mi="1" ci="0" mb="0" cb="0" />
      <line nr="12841" mi="1" ci="0" mb="0" cb="0" />
      <line nr="12842" mi="1" ci="0" mb="0" cb="0" />
      <line nr="12845" mi="1" ci="0" mb="0" cb="0" />
      <line nr="12846" mi="1" ci="0" mb="0" cb="0" />
      <line nr="12847" mi="1" ci="0" mb="0" cb="0" />
      <line nr="12848" mi="1" ci="0" mb="0" cb="0" />
      <line nr="12849" mi="1" ci="0" mb="0" cb="0" />
      <line nr="12850" mi="1" ci="0" mb="0" cb="0" />
      <line nr="12851" mi="1" ci="0" mb="0" cb="0" />
      <line nr="12852" mi="1" ci="0" mb="0" cb="0" />
      <line nr="12853" mi="1" ci="0" mb="0" cb="0" />
      <line nr="12857" mi="1" ci="0" mb="0" cb="0" />
      <line nr="12858" mi="1" ci="0" mb="0" cb="0" />
      <line nr="12862" mi="1" ci="0" mb="0" cb="0" />
      <line nr="12865" mi="1" ci="0" mb="0" cb="0" />
      <line nr="12866" mi="1" ci="0" mb="0" cb="0" />
      <line nr="12867" mi="1" ci="0" mb="0" cb="0" />
      <line nr="12871" mi="1" ci="0" mb="0" cb="0" />
      <line nr="12872" mi="2" ci="0" mb="0" cb="0" />
      <line nr="12875" mi="1" ci="0" mb="0" cb="0" />
      <line nr="12876" mi="1" ci="0" mb="0" cb="0" />
      <line nr="12878" mi="1" ci="0" mb="0" cb="0" />
      <line nr="12882" mi="1" ci="0" mb="0" cb="0" />
      <line nr="12883" mi="2" ci="0" mb="0" cb="0" />
      <line nr="12884" mi="1" ci="0" mb="0" cb="0" />
      <line nr="12888" mi="2" ci="0" mb="0" cb="0" />
      <line nr="12889" mi="1" ci="0" mb="0" cb="0" />
      <line nr="12944" mi="3" ci="0" mb="0" cb="0" />
      <line nr="12947" mi="1" ci="0" mb="0" cb="0" />
      <line nr="12948" mi="1" ci="0" mb="0" cb="0" />
      <line nr="12949" mi="1" ci="0" mb="0" cb="0" />
      <line nr="12950" mi="1" ci="0" mb="0" cb="0" />
      <line nr="12952" mi="1" ci="0" mb="0" cb="0" />
      <line nr="12953" mi="1" ci="0" mb="0" cb="0" />
      <line nr="12955" mi="1" ci="0" mb="0" cb="0" />
      <line nr="12956" mi="1" ci="0" mb="0" cb="0" />
      <line nr="12958" mi="1" ci="0" mb="0" cb="0" />
      <line nr="12959" mi="1" ci="0" mb="0" cb="0" />
      <line nr="12962" mi="2" ci="0" mb="0" cb="0" />
      <line nr="12963" mi="5" ci="0" mb="0" cb="0" />
      <line nr="12964" mi="2" ci="0" mb="0" cb="0" />
      <line nr="12965" mi="3" ci="0" mb="0" cb="0" />
      <line nr="12966" mi="1" ci="0" mb="0" cb="0" />
      <line nr="12967" mi="1" ci="0" mb="0" cb="0" />
      <line nr="12969" mi="1" ci="0" mb="0" cb="0" />
      <line nr="12970" mi="1" ci="0" mb="0" cb="0" />
      <line nr="12971" mi="1" ci="0" mb="0" cb="0" />
      <line nr="12972" mi="1" ci="0" mb="0" cb="0" />
      <line nr="12973" mi="1" ci="0" mb="0" cb="0" />
      <line nr="12975" mi="1" ci="0" mb="0" cb="0" />
      <line nr="12978" mi="1" ci="0" mb="0" cb="0" />
      <line nr="12979" mi="1" ci="0" mb="0" cb="0" />
      <line nr="12980" mi="1" ci="0" mb="0" cb="0" />
      <line nr="12981" mi="1" ci="0" mb="0" cb="0" />
      <line nr="12984" mi="1" ci="0" mb="0" cb="0" />
      <line nr="13008" mi="0" ci="2" mb="0" cb="0" />
      <line nr="13009" mi="0" ci="1" mb="0" cb="0" />
      <line nr="13010" mi="0" ci="2" mb="0" cb="0" />
      <line nr="13011" mi="0" ci="1" mb="0" cb="0" />
      <line nr="13012" mi="0" ci="1" mb="0" cb="0" />
      <line nr="13013" mi="0" ci="1" mb="0" cb="0" />
      <line nr="13014" mi="0" ci="1" mb="0" cb="0" />
      <line nr="13015" mi="0" ci="1" mb="0" cb="0" />
      <line nr="13017" mi="0" ci="1" mb="0" cb="0" />
      <line nr="13052" mi="1" ci="0" mb="0" cb="0" />
      <line nr="13053" mi="1" ci="0" mb="0" cb="0" />
      <line nr="13054" mi="1" ci="0" mb="0" cb="0" />
      <line nr="13055" mi="1" ci="0" mb="0" cb="0" />
      <line nr="13056" mi="1" ci="0" mb="0" cb="0" />
      <line nr="13058" mi="1" ci="0" mb="0" cb="0" />
      <line nr="13059" mi="1" ci="0" mb="0" cb="0" />
      <line nr="13061" mi="1" ci="0" mb="0" cb="0" />
      <line nr="13062" mi="1" ci="0" mb="0" cb="0" />
      <line nr="13064" mi="2" ci="0" mb="0" cb="0" />
      <line nr="13065" mi="5" ci="0" mb="0" cb="0" />
      <line nr="13066" mi="2" ci="0" mb="0" cb="0" />
      <line nr="13067" mi="1" ci="0" mb="0" cb="0" />
      <line nr="13068" mi="2" ci="0" mb="0" cb="0" />
      <line nr="13069" mi="1" ci="0" mb="0" cb="0" />
      <line nr="13070" mi="1" ci="0" mb="0" cb="0" />
      <line nr="13071" mi="1" ci="0" mb="0" cb="0" />
      <line nr="13072" mi="1" ci="0" mb="0" cb="0" />
      <line nr="13073" mi="1" ci="0" mb="0" cb="0" />
      <line nr="13074" mi="1" ci="0" mb="0" cb="0" />
      <line nr="13075" mi="1" ci="0" mb="0" cb="0" />
      <line nr="13078" mi="1" ci="0" mb="0" cb="0" />
      <line nr="13167" mi="1" ci="0" mb="0" cb="0" />
      <line nr="13168" mi="1" ci="0" mb="0" cb="0" />
      <line nr="13169" mi="1" ci="0" mb="0" cb="0" />
      <line nr="13171" mi="1" ci="0" mb="0" cb="0" />
      <line nr="13173" mi="1" ci="0" mb="0" cb="0" />
      <line nr="13175" mi="1" ci="0" mb="0" cb="0" />
      <line nr="13176" mi="1" ci="0" mb="0" cb="0" />
      <line nr="13177" mi="1" ci="0" mb="0" cb="0" />
      <line nr="13179" mi="2" ci="0" mb="0" cb="0" />
      <line nr="13182" mi="1" ci="0" mb="0" cb="0" />
      <line nr="13184" mi="1" ci="0" mb="0" cb="0" />
      <line nr="13186" mi="1" ci="0" mb="0" cb="0" />
      <line nr="13188" mi="1" ci="0" mb="0" cb="0" />
      <line nr="13190" mi="1" ci="0" mb="0" cb="0" />
      <line nr="13192" mi="1" ci="0" mb="0" cb="0" />
      <line nr="13194" mi="1" ci="0" mb="0" cb="0" />
      <line nr="13196" mi="1" ci="0" mb="0" cb="0" />
      <line nr="13198" mi="1" ci="0" mb="0" cb="0" />
      <line nr="13200" mi="1" ci="0" mb="0" cb="0" />
      <line nr="13202" mi="1" ci="0" mb="0" cb="0" />
      <line nr="13204" mi="1" ci="0" mb="0" cb="0" />
      <line nr="13206" mi="1" ci="0" mb="0" cb="0" />
      <line nr="13208" mi="1" ci="0" mb="0" cb="0" />
      <line nr="13210" mi="1" ci="0" mb="0" cb="0" />
      <line nr="13212" mi="1" ci="0" mb="0" cb="0" />
      <line nr="13214" mi="1" ci="0" mb="0" cb="0" />
      <line nr="13216" mi="1" ci="0" mb="0" cb="0" />
      <line nr="13218" mi="1" ci="0" mb="0" cb="0" />
      <line nr="13220" mi="1" ci="0" mb="0" cb="0" />
      <line nr="13222" mi="1" ci="0" mb="0" cb="0" />
      <line nr="13224" mi="1" ci="0" mb="0" cb="0" />
      <line nr="13226" mi="1" ci="0" mb="0" cb="0" />
      <line nr="13227" mi="1" ci="0" mb="0" cb="0" />
      <line nr="13229" mi="2" ci="0" mb="0" cb="0" />
      <line nr="13230" mi="5" ci="0" mb="0" cb="0" />
      <line nr="13231" mi="2" ci="0" mb="0" cb="0" />
      <line nr="13232" mi="1" ci="0" mb="0" cb="0" />
      <line nr="13234" mi="1" ci="0" mb="0" cb="0" />
      <line nr="13235" mi="1" ci="0" mb="0" cb="0" />
      <line nr="13288" mi="3" ci="0" mb="0" cb="0" />
      <line nr="13293" mi="1" ci="0" mb="0" cb="0" />
      <line nr="13294" mi="1" ci="0" mb="0" cb="0" />
      <line nr="13295" mi="1" ci="0" mb="0" cb="0" />
      <line nr="13296" mi="1" ci="0" mb="0" cb="0" />
      <line nr="13298" mi="1" ci="0" mb="0" cb="0" />
      <line nr="13299" mi="1" ci="0" mb="0" cb="0" />
      <line nr="13301" mi="1" ci="0" mb="0" cb="0" />
      <line nr="13302" mi="1" ci="0" mb="0" cb="0" />
      <line nr="13304" mi="1" ci="0" mb="0" cb="0" />
      <line nr="13305" mi="1" ci="0" mb="0" cb="0" />
      <line nr="13308" mi="2" ci="0" mb="0" cb="0" />
      <line nr="13309" mi="5" ci="0" mb="0" cb="0" />
      <line nr="13310" mi="2" ci="0" mb="0" cb="0" />
      <line nr="13311" mi="1" ci="0" mb="0" cb="0" />
      <line nr="13312" mi="2" ci="0" mb="0" cb="0" />
      <line nr="13315" mi="1" ci="0" mb="0" cb="0" />
      <line nr="13317" mi="1" ci="0" mb="0" cb="0" />
      <line nr="13318" mi="2" ci="0" mb="0" cb="0" />
      <line nr="13320" mi="2" ci="0" mb="0" cb="0" />
      <line nr="13321" mi="1" ci="0" mb="0" cb="0" />
      <line nr="13323" mi="1" ci="0" mb="0" cb="0" />
      <line nr="13326" mi="1" ci="0" mb="0" cb="0" />
      <line nr="13327" mi="1" ci="0" mb="0" cb="0" />
      <line nr="13328" mi="1" ci="0" mb="0" cb="0" />
      <line nr="13329" mi="1" ci="0" mb="0" cb="0" />
      <line nr="13330" mi="1" ci="0" mb="0" cb="0" />
      <line nr="13331" mi="2" ci="0" mb="0" cb="0" />
      <line nr="13332" mi="1" ci="0" mb="0" cb="0" />
      <line nr="13334" mi="1" ci="0" mb="0" cb="0" />
      <line nr="13335" mi="1" ci="0" mb="0" cb="0" />
      <line nr="13336" mi="1" ci="0" mb="0" cb="0" />
      <line nr="13380" mi="1" ci="0" mb="0" cb="0" />
      <line nr="13381" mi="1" ci="0" mb="0" cb="0" />
      <line nr="13382" mi="1" ci="0" mb="0" cb="0" />
      <line nr="13383" mi="1" ci="0" mb="0" cb="0" />
      <line nr="13385" mi="1" ci="0" mb="0" cb="0" />
      <line nr="13386" mi="1" ci="0" mb="0" cb="0" />
      <line nr="13388" mi="1" ci="0" mb="0" cb="0" />
      <line nr="13389" mi="1" ci="0" mb="0" cb="0" />
      <line nr="13392" mi="2" ci="0" mb="0" cb="0" />
      <line nr="13393" mi="5" ci="0" mb="0" cb="0" />
      <line nr="13394" mi="2" ci="0" mb="0" cb="0" />
      <line nr="13395" mi="1" ci="0" mb="0" cb="0" />
      <line nr="13396" mi="3" ci="0" mb="0" cb="0" />
      <line nr="13398" mi="1" ci="0" mb="0" cb="0" />
      <line nr="13400" mi="1" ci="0" mb="0" cb="0" />
      <line nr="13401" mi="1" ci="0" mb="0" cb="0" />
      <line nr="13402" mi="1" ci="0" mb="0" cb="0" />
      <line nr="13403" mi="1" ci="0" mb="0" cb="0" />
      <line nr="13404" mi="1" ci="0" mb="0" cb="0" />
      <line nr="13405" mi="1" ci="0" mb="0" cb="0" />
      <line nr="13406" mi="1" ci="0" mb="0" cb="0" />
      <line nr="13407" mi="1" ci="0" mb="0" cb="0" />
      <line nr="13409" mi="1" ci="0" mb="0" cb="0" />
      <line nr="13447" mi="1" ci="0" mb="0" cb="0" />
      <line nr="13448" mi="1" ci="0" mb="0" cb="0" />
      <line nr="13449" mi="1" ci="0" mb="0" cb="0" />
      <line nr="13450" mi="1" ci="0" mb="0" cb="0" />
      <line nr="13451" mi="1" ci="0" mb="0" cb="0" />
      <line nr="13453" mi="1" ci="0" mb="0" cb="0" />
      <line nr="13454" mi="1" ci="0" mb="0" cb="0" />
      <line nr="13456" mi="2" ci="0" mb="0" cb="0" />
      <line nr="13457" mi="5" ci="0" mb="0" cb="0" />
      <line nr="13458" mi="2" ci="0" mb="0" cb="0" />
      <line nr="13459" mi="1" ci="0" mb="0" cb="0" />
      <line nr="13460" mi="2" ci="0" mb="0" cb="0" />
      <line nr="13461" mi="1" ci="0" mb="0" cb="0" />
      <line nr="13462" mi="1" ci="0" mb="0" cb="0" />
      <line nr="13463" mi="1" ci="0" mb="0" cb="0" />
      <line nr="13464" mi="1" ci="0" mb="0" cb="0" />
      <line nr="13465" mi="1" ci="0" mb="0" cb="0" />
      <line nr="13466" mi="1" ci="0" mb="0" cb="0" />
      <line nr="13467" mi="1" ci="0" mb="0" cb="0" />
      <line nr="13470" mi="1" ci="0" mb="0" cb="0" />
      <line nr="13478" mi="3" ci="0" mb="0" cb="0" />
      <line nr="13481" mi="1" ci="0" mb="0" cb="0" />
      <line nr="13482" mi="1" ci="0" mb="0" cb="0" />
      <line nr="13483" mi="1" ci="0" mb="0" cb="0" />
      <line nr="13484" mi="1" ci="0" mb="0" cb="0" />
      <line nr="13486" mi="1" ci="0" mb="0" cb="0" />
      <line nr="13487" mi="1" ci="0" mb="0" cb="0" />
      <line nr="13489" mi="1" ci="0" mb="0" cb="0" />
      <line nr="13490" mi="1" ci="0" mb="0" cb="0" />
      <line nr="13492" mi="2" ci="0" mb="0" cb="0" />
      <line nr="13493" mi="5" ci="0" mb="0" cb="0" />
      <line nr="13494" mi="2" ci="0" mb="0" cb="0" />
      <line nr="13495" mi="2" ci="0" mb="0" cb="0" />
      <line nr="13496" mi="1" ci="0" mb="0" cb="0" />
      <line nr="13499" mi="1" ci="0" mb="0" cb="0" />
      <line nr="13500" mi="3" ci="0" mb="0" cb="0" />
      <line nr="13501" mi="1" ci="0" mb="0" cb="0" />
      <line nr="13502" mi="3" ci="0" mb="0" cb="0" />
      <line nr="13506" mi="1" ci="0" mb="0" cb="0" />
      <line nr="13507" mi="1" ci="0" mb="0" cb="0" />
      <line nr="13510" mi="1" ci="0" mb="0" cb="0" />
      <line nr="13515" mi="1" ci="0" mb="0" cb="0" />
      <line nr="13516" mi="1" ci="0" mb="0" cb="0" />
      <line nr="13518" mi="2" ci="0" mb="0" cb="0" />
      <line nr="13523" mi="1" ci="0" mb="0" cb="0" />
      <line nr="14380" mi="1" ci="0" mb="0" cb="0" />
      <counter type="INSTRUCTION" missed="7752" covered="214" />
      <counter type="LINE" missed="5814" covered="160" />
      <counter type="METHOD" missed="217" covered="7" />
      <counter type="CLASS" missed="1" covered="0" />
    </sourcefile>
    <counter type="INSTRUCTION" missed="7752" covered="214" />
    <counter type="LINE" missed="5814" covered="160" />
    <counter type="METHOD" missed="217" covered="7" />
    <counter type="CLASS" missed="1" covered="0" />
  </package>
  <counter type="INSTRUCTION" missed="7752" covered="214" />
  <counter type="LINE" missed="5814" covered="160" />
  <counter type="METHOD" missed="217" covered="7" />
  <counter type="CLASS" missed="1" covered="0" />
</report>
