<?xml version="1.0" encoding="UTF-8" standalone="no"?>
<!DOCTYPE report PUBLIC "-//JACOCO//DTD Report 1.1//EN" "report.dtd"[]>
<report name="Pester (04/12/2024 14:04:21)">
  <sessioninfo id="this" start="1712930617745" dump="1712930661230" />
  <package name="bin">
    <class name="bin/Microsoft.Graph.Entra" sourcefilename="Microsoft.Graph.Entra.psm1">
      <method name="&lt;script&gt;" desc="()" line="4">
        <counter type="INSTRUCTION" missed="7" covered="0" />
        <counter type="LINE" missed="6" covered="0" />
        <counter type="METHOD" missed="1" covered="0" />
      </method>
      <method name="Get-EntraMSIdentityProvider" desc="()" line="13">
        <counter type="INSTRUCTION" missed="27" covered="0" />
        <counter type="LINE" missed="20" covered="0" />
        <counter type="METHOD" missed="1" covered="0" />
      </method>
      <method name="Get-EntraServicePrincipalOAuth2PermissionGrant" desc="()" line="58">
        <counter type="INSTRUCTION" missed="30" covered="0" />
        <counter type="LINE" missed="22" covered="0" />
        <counter type="METHOD" missed="1" covered="0" />
      </method>
      <method name="Get-EntraApplicationExtensionProperty" desc="()" line="107">
        <counter type="INSTRUCTION" missed="25" covered="0" />
        <counter type="LINE" missed="17" covered="0" />
        <counter type="METHOD" missed="1" covered="0" />
      </method>
      <method name="Get-EntraApplicationServiceEndpoint" desc="()" line="149">
        <counter type="INSTRUCTION" missed="30" covered="0" />
        <counter type="LINE" missed="22" covered="0" />
        <counter type="METHOD" missed="1" covered="0" />
      </method>
      <method name="Get-EntraMSGroupPermissionGrant" desc="()" line="198">
        <counter type="INSTRUCTION" missed="24" covered="0" />
        <counter type="LINE" missed="17" covered="0" />
        <counter type="METHOD" missed="1" covered="0" />
      </method>
      <method name="Set-EntraMSIdentityProvider" desc="()" line="244">
        <counter type="INSTRUCTION" missed="35" covered="0" />
        <counter type="LINE" missed="28" covered="0" />
        <counter type="METHOD" missed="1" covered="0" />
      </method>
      <method name="Add-EntraGroupOwner" desc="()" line="303">
        <counter type="INSTRUCTION" missed="31" covered="0" />
        <counter type="LINE" missed="21" covered="0" />
        <counter type="METHOD" missed="1" covered="0" />
      </method>
      <method name="Revoke-EntraUserAllRefreshToken" desc="()" line="347">
        <counter type="INSTRUCTION" missed="25" covered="0" />
        <counter type="LINE" missed="17" covered="0" />
        <counter type="METHOD" missed="1" covered="0" />
      </method>
      <method name="Get-EntraGroup" desc="()" line="393">
        <counter type="INSTRUCTION" missed="2" covered="39" />
        <counter type="LINE" missed="2" covered="30" />
        <counter type="METHOD" missed="0" covered="1" />
      </method>
      <method name="Remove-EntraApplicationExtensionProperty" desc="()" line="459">
        <counter type="INSTRUCTION" missed="27" covered="0" />
        <counter type="LINE" missed="19" covered="0" />
        <counter type="METHOD" missed="1" covered="0" />
      </method>
      <method name="New-EntraUser" desc="()" line="567">
        <counter type="INSTRUCTION" missed="107" covered="0" />
        <counter type="LINE" missed="90" covered="0" />
        <counter type="METHOD" missed="1" covered="0" />
      </method>
      <method name="Remove-EntraMSGroupLifecyclePolicy" desc="()" line="744">
        <counter type="INSTRUCTION" missed="24" covered="0" />
        <counter type="LINE" missed="17" covered="0" />
        <counter type="METHOD" missed="1" covered="0" />
      </method>
      <method name="Get-EntraDomain" desc="()" line="782">
        <counter type="INSTRUCTION" missed="34" covered="0" />
        <counter type="LINE" missed="22" covered="0" />
        <counter type="METHOD" missed="1" covered="0" />
      </method>
      <method name="New-EntraDomain" desc="()" line="833">
        <counter type="INSTRUCTION" missed="32" covered="0" />
        <counter type="LINE" missed="24" covered="0" />
        <counter type="METHOD" missed="1" covered="0" />
      </method>
      <method name="Reset-EntraMSLifeCycleGroup" desc="()" line="884">
        <counter type="INSTRUCTION" missed="24" covered="0" />
        <counter type="LINE" missed="17" covered="0" />
        <counter type="METHOD" missed="1" covered="0" />
      </method>
      <method name="Get-EntraGroupMember" desc="()" line="926">
        <counter type="INSTRUCTION" missed="41" covered="0" />
        <counter type="LINE" missed="27" covered="0" />
        <counter type="METHOD" missed="1" covered="0" />
      </method>
      <method name="Remove-EntraTrustedCertificateAuthority" desc="()" line="978">
        <counter type="INSTRUCTION" missed="46" covered="0" />
        <counter type="LINE" missed="35" covered="0" />
        <counter type="METHOD" missed="1" covered="0" />
      </method>
      <method name="Get-EntraServiceAppRoleAssignment" desc="()" line="1046">
        <counter type="INSTRUCTION" missed="30" covered="0" />
        <counter type="LINE" missed="22" covered="0" />
        <counter type="METHOD" missed="1" covered="0" />
      </method>
      <method name="New-EntraMSGroup" desc="()" line="1109">
        <counter type="INSTRUCTION" missed="38" covered="0" />
        <counter type="LINE" missed="31" covered="0" />
        <counter type="METHOD" missed="1" covered="0" />
      </method>
      <method name="New-EntraMSRoleAssignment" desc="()" line="1179">
        <counter type="INSTRUCTION" missed="28" covered="0" />
        <counter type="LINE" missed="21" covered="0" />
        <counter type="METHOD" missed="1" covered="0" />
      </method>
      <method name="Select-EntraGroupIdsUserIsMemberOf" desc="()" line="1227">
        <counter type="INSTRUCTION" missed="24" covered="0" />
        <counter type="LINE" missed="15" covered="0" />
        <counter type="METHOD" missed="1" covered="0" />
      </method>
      <method name="Get-EntraTrustedCertificateAuthority" desc="()" line="1261">
        <counter type="INSTRUCTION" missed="42" covered="0" />
        <counter type="LINE" missed="33" covered="0" />
        <counter type="METHOD" missed="1" covered="0" />
      </method>
      <method name="Remove-EntraApplicationKeyCredential" desc="()" line="1323">
        <counter type="INSTRUCTION" missed="27" covered="0" />
        <counter type="LINE" missed="19" covered="0" />
        <counter type="METHOD" missed="1" covered="0" />
      </method>
      <method name="Get-EntraUserLicenseDetail" desc="()" line="1365">
        <counter type="INSTRUCTION" missed="25" covered="0" />
        <counter type="LINE" missed="17" covered="0" />
        <counter type="METHOD" missed="1" covered="0" />
      </method>
      <method name="Add-EntraServicePrincipalOwner" desc="()" line="1405">
        <counter type="INSTRUCTION" missed="31" covered="0" />
        <counter type="LINE" missed="21" covered="0" />
        <counter type="METHOD" missed="1" covered="0" />
      </method>
      <method name="Remove-EntraMSApplicationKey" desc="()" line="1453">
        <counter type="INSTRUCTION" missed="29" covered="0" />
        <counter type="LINE" missed="21" covered="0" />
        <counter type="METHOD" missed="1" covered="0" />
      </method>
      <method name="Add-EntraMSApplicationOwner" desc="()" line="1501">
        <counter type="INSTRUCTION" missed="30" covered="0" />
        <counter type="LINE" missed="21" covered="0" />
        <counter type="METHOD" missed="1" covered="0" />
      </method>
      <method name="Get-EntraMSServicePrincipalDelegatedPermissionClassification" desc="()" line="1549">
        <counter type="INSTRUCTION" missed="32" covered="0" />
        <counter type="LINE" missed="25" covered="0" />
        <counter type="METHOD" missed="1" covered="0" />
      </method>
      <method name="Remove-EntraServicePrincipalKeyCredential" desc="()" line="1602">
        <counter type="INSTRUCTION" missed="27" covered="0" />
        <counter type="LINE" missed="19" covered="0" />
        <counter type="METHOD" missed="1" covered="0" />
      </method>
      <method name="Remove-EntraUser" desc="()" line="1644">
        <counter type="INSTRUCTION" missed="25" covered="0" />
        <counter type="LINE" missed="17" covered="0" />
        <counter type="METHOD" missed="1" covered="0" />
      </method>
      <method name="Update-EntraSignedInUserPassword" desc="()" line="1684">
        <counter type="INSTRUCTION" missed="26" covered="0" />
        <counter type="LINE" missed="19" covered="0" />
        <counter type="METHOD" missed="1" covered="0" />
      </method>
      <method name="Add-EntraDeviceRegisteredOwner" desc="()" line="1728">
        <counter type="INSTRUCTION" missed="31" covered="0" />
        <counter type="LINE" missed="21" covered="0" />
        <counter type="METHOD" missed="1" covered="0" />
      </method>
      <method name="Set-EntraUserThumbnailPhoto" desc="()" line="1781">
        <counter type="INSTRUCTION" missed="32" covered="0" />
        <counter type="LINE" missed="23" covered="0" />
        <counter type="METHOD" missed="1" covered="0" />
      </method>
      <method name="Get-EntraApplication" desc="()" line="1839">
        <counter type="INSTRUCTION" missed="18" covered="53" />
        <counter type="LINE" missed="14" covered="41" />
        <counter type="METHOD" missed="0" covered="1" />
      </method>
      <method name="Set-EntraMSApplicationVerifiedPublisher" desc="()" line="1947">
        <counter type="INSTRUCTION" missed="26" covered="0" />
        <counter type="LINE" missed="19" covered="0" />
        <counter type="METHOD" missed="1" covered="0" />
      </method>
      <method name="Get-EntraDeviceRegisteredUser" desc="()" line="1993">
        <counter type="INSTRUCTION" missed="51" covered="0" />
        <counter type="LINE" missed="37" covered="0" />
        <counter type="METHOD" missed="1" covered="0" />
      </method>
      <method name="Add-EntraDirectoryRoleMember" desc="()" line="2057">
        <counter type="INSTRUCTION" missed="30" covered="0" />
        <counter type="LINE" missed="21" covered="0" />
        <counter type="METHOD" missed="1" covered="0" />
      </method>
      <method name="Remove-EntraMSServicePrincipalDelegatedPermissionClassification" desc="()" line="2103">
        <counter type="INSTRUCTION" missed="26" covered="0" />
        <counter type="LINE" missed="19" covered="0" />
        <counter type="METHOD" missed="1" covered="0" />
      </method>
      <method name="Get-EntraMSAuthorizationPolicy" desc="()" line="2144">
        <counter type="INSTRUCTION" missed="30" covered="0" />
        <counter type="LINE" missed="18" covered="0" />
        <counter type="METHOD" missed="1" covered="0" />
      </method>
      <method name="Select-EntraGroupIdsServicePrincipalIsMemberOf" desc="()" line="2183">
        <counter type="INSTRUCTION" missed="24" covered="0" />
        <counter type="LINE" missed="15" covered="0" />
        <counter type="METHOD" missed="1" covered="0" />
      </method>
      <method name="Set-EntraGroup" desc="()" line="2225">
        <counter type="INSTRUCTION" missed="2" covered="33" />
        <counter type="LINE" missed="2" covered="25" />
        <counter type="METHOD" missed="0" covered="1" />
      </method>
      <method name="Set-EntraApplicationLogo" desc="()" line="2292">
        <counter type="INSTRUCTION" missed="31" covered="0" />
        <counter type="LINE" missed="23" covered="0" />
        <counter type="METHOD" missed="1" covered="0" />
      </method>
      <method name="Get-EntraContactDirectReport" desc="()" line="2346">
        <counter type="INSTRUCTION" missed="30" covered="0" />
        <counter type="LINE" missed="22" covered="0" />
        <counter type="METHOD" missed="1" covered="0" />
      </method>
      <method name="Add-EntraGroupMember" desc="()" line="2397">
        <counter type="INSTRUCTION" missed="28" covered="0" />
        <counter type="LINE" missed="19" covered="0" />
        <counter type="METHOD" missed="1" covered="0" />
      </method>
      <method name="Remove-EntraMSConditionalAccessPolicy" desc="()" line="2439">
        <counter type="INSTRUCTION" missed="25" covered="0" />
        <counter type="LINE" missed="17" covered="0" />
        <counter type="METHOD" missed="1" covered="0" />
      </method>
      <method name="Add-EntraMSServicePrincipalDelegatedPermissionClassification" desc="()" line="2483">
        <counter type="INSTRUCTION" missed="30" covered="0" />
        <counter type="LINE" missed="23" covered="0" />
        <counter type="METHOD" missed="1" covered="0" />
      </method>
      <method name="Remove-EntraServiceAppRoleAssignment" desc="()" line="2535">
        <counter type="INSTRUCTION" missed="27" covered="0" />
        <counter type="LINE" missed="19" covered="0" />
        <counter type="METHOD" missed="1" covered="0" />
      </method>
      <method name="Get-EntraDomainNameReference" desc="()" line="2577">
        <counter type="INSTRUCTION" missed="43" covered="0" />
        <counter type="LINE" missed="31" covered="0" />
        <counter type="METHOD" missed="1" covered="0" />
      </method>
      <method name="Set-EntraMSConditionalAccessPolicy" desc="()" line="2640">
        <counter type="INSTRUCTION" missed="74" covered="0" />
        <counter type="LINE" missed="52" covered="0" />
        <counter type="METHOD" missed="1" covered="0" />
      </method>
      <method name="Remove-EntraMSAdministrativeUnitMember" desc="()" line="2730">
        <counter type="INSTRUCTION" missed="27" covered="0" />
        <counter type="LINE" missed="19" covered="0" />
        <counter type="METHOD" missed="1" covered="0" />
      </method>
      <method name="Get-EntraUserOAuth2PermissionGrant" desc="()" line="2776">
        <counter type="INSTRUCTION" missed="30" covered="0" />
        <counter type="LINE" missed="22" covered="0" />
        <counter type="METHOD" missed="1" covered="0" />
      </method>
      <method name="Get-EntraOAuth2PermissionGrant" desc="()" line="2827">
        <counter type="INSTRUCTION" missed="27" covered="0" />
        <counter type="LINE" missed="20" covered="0" />
        <counter type="METHOD" missed="1" covered="0" />
      </method>
      <method name="New-EntraMSIdentityProvider" desc="()" line="2878">
        <counter type="INSTRUCTION" missed="38" covered="0" />
        <counter type="LINE" missed="31" covered="0" />
        <counter type="METHOD" missed="1" covered="0" />
      </method>
      <method name="Remove-EntraMSDeletedDirectoryObject" desc="()" line="2937">
        <counter type="INSTRUCTION" missed="21" covered="0" />
        <counter type="LINE" missed="15" covered="0" />
        <counter type="METHOD" missed="1" covered="0" />
      </method>
      <method name="Revoke-EntraSignedInUserAllRefreshToken" desc="()" line="2965">
        <counter type="INSTRUCTION" missed="18" covered="0" />
        <counter type="LINE" missed="11" covered="0" />
        <counter type="METHOD" missed="1" covered="0" />
      </method>
      <method name="Get-EntraContactMembership" desc="()" line="2997">
        <counter type="INSTRUCTION" missed="31" covered="0" />
        <counter type="LINE" missed="23" covered="0" />
        <counter type="METHOD" missed="1" covered="0" />
      </method>
      <method name="New-EntraGroup" desc="()" line="3055">
        <counter type="INSTRUCTION" missed="2" covered="30" />
        <counter type="LINE" missed="2" covered="23" />
        <counter type="METHOD" missed="0" covered="1" />
      </method>
      <method name="New-EntraMSNamedLocationPolicy" desc="()" line="3121">
        <counter type="INSTRUCTION" missed="36" covered="0" />
        <counter type="LINE" missed="29" covered="0" />
        <counter type="METHOD" missed="1" covered="0" />
      </method>
      <method name="Confirm-EntraDomain" desc="()" line="3185">
        <counter type="INSTRUCTION" missed="27" covered="0" />
        <counter type="LINE" missed="19" covered="0" />
        <counter type="METHOD" missed="1" covered="0" />
      </method>
      <method name="Remove-EntraServicePrincipalOwner" desc="()" line="3229">
        <counter type="INSTRUCTION" missed="28" covered="0" />
        <counter type="LINE" missed="19" covered="0" />
        <counter type="METHOD" missed="1" covered="0" />
      </method>
      <method name="Remove-EntraUserAppRoleAssignment" desc="()" line="3273">
        <counter type="INSTRUCTION" missed="27" covered="0" />
        <counter type="LINE" missed="19" covered="0" />
        <counter type="METHOD" missed="1" covered="0" />
      </method>
      <method name="Remove-EntraMSRoleAssignment" desc="()" line="3315">
        <counter type="INSTRUCTION" missed="24" covered="0" />
        <counter type="LINE" missed="17" covered="0" />
        <counter type="METHOD" missed="1" covered="0" />
      </method>
      <method name="Remove-EntraMSIdentityProvider" desc="()" line="3353">
        <counter type="INSTRUCTION" missed="24" covered="0" />
        <counter type="LINE" missed="17" covered="0" />
        <counter type="METHOD" missed="1" covered="0" />
      </method>
      <method name="Get-EntraDeletedApplication" desc="()" line="3397">
        <counter type="INSTRUCTION" missed="56" covered="0" />
        <counter type="LINE" missed="43" covered="0" />
        <counter type="METHOD" missed="1" covered="0" />
      </method>
      <method name="Get-EntraExtensionProperty" desc="()" line="3485">
        <counter type="INSTRUCTION" missed="24" covered="0" />
        <counter type="LINE" missed="17" covered="0" />
        <counter type="METHOD" missed="1" covered="0" />
      </method>
      <method name="Select-EntraGroupIdsGroupIsMemberOf" desc="()" line="3525">
        <counter type="INSTRUCTION" missed="27" covered="0" />
        <counter type="LINE" missed="19" covered="0" />
        <counter type="METHOD" missed="1" covered="0" />
      </method>
      <method name="Remove-EntraDeviceRegisteredUser" desc="()" line="3569">
        <counter type="INSTRUCTION" missed="28" covered="0" />
        <counter type="LINE" missed="19" covered="0" />
        <counter type="METHOD" missed="1" covered="0" />
      </method>
      <method name="Set-EntraMSAdministrativeUnit" desc="()" line="3615">
        <counter type="INSTRUCTION" missed="28" covered="0" />
        <counter type="LINE" missed="21" covered="0" />
        <counter type="METHOD" missed="1" covered="0" />
      </method>
      <method name="Set-EntraMSGroup" desc="()" line="3677">
        <counter type="INSTRUCTION" missed="40" covered="0" />
        <counter type="LINE" missed="33" covered="0" />
        <counter type="METHOD" missed="1" covered="0" />
      </method>
      <method name="Add-EntraMSLifecyclePolicyGroup" desc="()" line="3749">
        <counter type="INSTRUCTION" missed="26" covered="0" />
        <counter type="LINE" missed="19" covered="0" />
        <counter type="METHOD" missed="1" covered="0" />
      </method>
      <method name="Get-EntraUserAppRoleAssignment" desc="()" line="3795">
        <counter type="INSTRUCTION" missed="30" covered="0" />
        <counter type="LINE" missed="22" covered="0" />
        <counter type="METHOD" missed="1" covered="0" />
      </method>
      <method name="Remove-EntraMSAdministrativeUnit" desc="()" line="3844">
        <counter type="INSTRUCTION" missed="24" covered="0" />
        <counter type="LINE" missed="17" covered="0" />
        <counter type="METHOD" missed="1" covered="0" />
      </method>
      <method name="Get-EntraMSDeletedGroup" desc="()" line="3890">
        <counter type="INSTRUCTION" missed="40" covered="0" />
        <counter type="LINE" missed="32" covered="0" />
        <counter type="METHOD" missed="1" covered="0" />
      </method>
      <method name="Set-EntraMSAuthorizationPolicy" desc="()" line="3966">
        <counter type="INSTRUCTION" missed="43" covered="0" />
        <counter type="LINE" missed="36" covered="0" />
        <counter type="METHOD" missed="1" covered="0" />
      </method>
      <method name="Remove-EntraGroupOwner" desc="()" line="4038">
        <counter type="INSTRUCTION" missed="28" covered="0" />
        <counter type="LINE" missed="19" covered="0" />
        <counter type="METHOD" missed="1" covered="0" />
      </method>
      <method name="Remove-EntraMSRoleDefinition" desc="()" line="4080">
        <counter type="INSTRUCTION" missed="24" covered="0" />
        <counter type="LINE" missed="17" covered="0" />
        <counter type="METHOD" missed="1" covered="0" />
      </method>
      <method name="Remove-EntraApplicationPasswordCredential" desc="()" line="4120">
        <counter type="INSTRUCTION" missed="27" covered="0" />
        <counter type="LINE" missed="19" covered="0" />
        <counter type="METHOD" missed="1" covered="0" />
      </method>
      <method name="Get-EntraServicePrincipalOwnedObject" desc="()" line="4166">
        <counter type="INSTRUCTION" missed="30" covered="0" />
        <counter type="LINE" missed="22" covered="0" />
        <counter type="METHOD" missed="1" covered="0" />
      </method>
      <method name="Get-EntraMSRoleAssignment" desc="()" line="4223">
        <counter type="INSTRUCTION" missed="37" covered="0" />
        <counter type="LINE" missed="30" covered="0" />
        <counter type="METHOD" missed="1" covered="0" />
      </method>
      <method name="Get-EntraUserOwnedObject" desc="()" line="4289">
        <counter type="INSTRUCTION" missed="38" covered="0" />
        <counter type="LINE" missed="25" covered="0" />
        <counter type="METHOD" missed="1" covered="0" />
      </method>
      <method name="Remove-EntraMSLifecyclePolicyGroup" desc="()" line="4346">
        <counter type="INSTRUCTION" missed="26" covered="0" />
        <counter type="LINE" missed="19" covered="0" />
        <counter type="METHOD" missed="1" covered="0" />
      </method>
      <method name="Remove-EntraDomain" desc="()" line="4388">
        <counter type="INSTRUCTION" missed="25" covered="0" />
        <counter type="LINE" missed="17" covered="0" />
        <counter type="METHOD" missed="1" covered="0" />
      </method>
      <method name="Get-EntraContact" desc="()" line="4432">
        <counter type="INSTRUCTION" missed="51" covered="0" />
        <counter type="LINE" missed="38" covered="0" />
        <counter type="METHOD" missed="1" covered="0" />
      </method>
      <method name="Set-EntraMSGroupLifecyclePolicy" desc="()" line="4506">
        <counter type="INSTRUCTION" missed="30" covered="0" />
        <counter type="LINE" missed="23" covered="0" />
        <counter type="METHOD" missed="1" covered="0" />
      </method>
      <method name="Get-EntraGroupAppRoleAssignment" desc="()" line="4560">
        <counter type="INSTRUCTION" missed="30" covered="0" />
        <counter type="LINE" missed="22" covered="0" />
        <counter type="METHOD" missed="1" covered="0" />
      </method>
      <method name="Get-EntraMSApplication" desc="()" line="4617">
        <counter type="INSTRUCTION" missed="2" covered="48" />
        <counter type="LINE" missed="2" covered="35" />
        <counter type="METHOD" missed="0" covered="1" />
      </method>
      <method name="Set-EntraApplication" desc="()" line="4758">
        <counter type="INSTRUCTION" missed="90" covered="43" />
        <counter type="LINE" missed="73" covered="37" />
        <counter type="METHOD" missed="0" covered="1" />
      </method>
      <method name="Get-EntraMSRoleDefinition" desc="()" line="4984">
        <counter type="INSTRUCTION" missed="49" covered="0" />
        <counter type="LINE" missed="36" covered="0" />
        <counter type="METHOD" missed="1" covered="0" />
      </method>
      <method name="Get-EntraMSPermissionGrantConditionSet" desc="()" line="5057">
        <counter type="INSTRUCTION" missed="28" covered="0" />
        <counter type="LINE" missed="21" covered="0" />
        <counter type="METHOD" missed="1" covered="0" />
      </method>
      <method name="Remove-EntraGroupMember" desc="()" line="5107">
        <counter type="INSTRUCTION" missed="28" covered="0" />
        <counter type="LINE" missed="19" covered="0" />
        <counter type="METHOD" missed="1" covered="0" />
      </method>
      <method name="Get-EntraServicePrincipalCreatedObject" desc="()" line="5153">
        <counter type="INSTRUCTION" missed="30" covered="0" />
        <counter type="LINE" missed="22" covered="0" />
        <counter type="METHOD" missed="1" covered="0" />
      </method>
      <method name="Get-EntraApplicationKeyCredential" desc="()" line="5202">
        <counter type="INSTRUCTION" missed="3" covered="0" />
        <counter type="LINE" missed="2" covered="0" />
        <counter type="METHOD" missed="1" covered="0" />
      </method>
      <method name="Get-EntraServicePrincipalOwner" desc="()" line="5218">
        <counter type="INSTRUCTION" missed="40" covered="0" />
        <counter type="LINE" missed="27" covered="0" />
        <counter type="METHOD" missed="1" covered="0" />
      </method>
      <method name="Get-EntraUserThumbnailPhoto" desc="()" line="5278">
        <counter type="INSTRUCTION" missed="31" covered="0" />
        <counter type="LINE" missed="23" covered="0" />
        <counter type="METHOD" missed="1" covered="0" />
      </method>
      <method name="Get-EntraServicePrincipalKeyCredential" desc="()" line="5327">
        <counter type="INSTRUCTION" missed="9" covered="0" />
        <counter type="LINE" missed="7" covered="0" />
        <counter type="METHOD" missed="1" covered="0" />
      </method>
      <method name="Remove-EntraDevice" desc="()" line="5345">
        <counter type="INSTRUCTION" missed="2" covered="23" />
        <counter type="LINE" missed="2" covered="15" />
        <counter type="METHOD" missed="0" covered="1" />
      </method>
      <method name="Get-EntraUserExtension" desc="()" line="5383">
        <counter type="INSTRUCTION" missed="25" covered="0" />
        <counter type="LINE" missed="17" covered="0" />
        <counter type="METHOD" missed="1" covered="0" />
      </method>
      <method name="Get-EntraUserCreatedObject" desc="()" line="5425">
        <counter type="INSTRUCTION" missed="50" covered="0" />
        <counter type="LINE" missed="36" covered="0" />
        <counter type="METHOD" missed="1" covered="0" />
      </method>
      <method name="Set-EntraMSNamedLocationPolicy" desc="()" line="5509">
        <counter type="INSTRUCTION" missed="45" covered="0" />
        <counter type="LINE" missed="37" covered="0" />
        <counter type="METHOD" missed="1" covered="0" />
      </method>
      <method name="Set-EntraMSRoleDefinition" desc="()" line="5596">
        <counter type="INSTRUCTION" missed="49" covered="0" />
        <counter type="LINE" missed="38" covered="0" />
        <counter type="METHOD" missed="1" covered="0" />
      </method>
      <method name="Get-EntraContactManager" desc="()" line="5672">
        <counter type="INSTRUCTION" missed="25" covered="0" />
        <counter type="LINE" missed="17" covered="0" />
        <counter type="METHOD" missed="1" covered="0" />
      </method>
      <method name="Set-EntraMSPermissionGrantConditionSet" desc="()" line="5730">
        <counter type="INSTRUCTION" missed="44" covered="0" />
        <counter type="LINE" missed="37" covered="0" />
        <counter type="METHOD" missed="1" covered="0" />
      </method>
      <method name="Get-EntraApplicationOwner" desc="()" line="5816">
        <counter type="INSTRUCTION" missed="42" covered="0" />
        <counter type="LINE" missed="28" covered="0" />
        <counter type="METHOD" missed="1" covered="0" />
      </method>
      <method name="Remove-EntraMSScopedRoleMembership" desc="()" line="5871">
        <counter type="INSTRUCTION" missed="26" covered="0" />
        <counter type="LINE" missed="19" covered="0" />
        <counter type="METHOD" missed="1" covered="0" />
      </method>
      <method name="Remove-EntraMSApplication" desc="()" line="5913">
        <counter type="INSTRUCTION" missed="2" covered="23" />
        <counter type="LINE" missed="2" covered="15" />
        <counter type="METHOD" missed="0" covered="1" />
      </method>
      <method name="Set-EntraUserExtension" desc="()" line="5958">
        <counter type="INSTRUCTION" missed="31" covered="0" />
        <counter type="LINE" missed="23" covered="0" />
        <counter type="METHOD" missed="1" covered="0" />
      </method>
      <method name="Get-EntraMSLifecyclePolicyGroup" desc="()" line="6008">
        <counter type="INSTRUCTION" missed="24" covered="0" />
        <counter type="LINE" missed="17" covered="0" />
        <counter type="METHOD" missed="1" covered="0" />
      </method>
      <method name="Get-EntraUserManager" desc="()" line="6046">
        <counter type="INSTRUCTION" missed="31" covered="0" />
        <counter type="LINE" missed="20" covered="0" />
        <counter type="METHOD" missed="1" covered="0" />
      </method>
      <method name="New-EntraServiceAppRoleAssignment" desc="()" line="6095">
        <counter type="INSTRUCTION" missed="31" covered="0" />
        <counter type="LINE" missed="23" covered="0" />
        <counter type="METHOD" missed="1" covered="0" />
      </method>
      <method name="Add-EntraApplicationOwner" desc="()" line="6146">
        <counter type="INSTRUCTION" missed="22" covered="0" />
        <counter type="LINE" missed="16" covered="0" />
        <counter type="METHOD" missed="1" covered="0" />
      </method>
      <method name="Remove-EntraMSGroup" desc="()" line="6183">
        <counter type="INSTRUCTION" missed="24" covered="0" />
        <counter type="LINE" missed="17" covered="0" />
        <counter type="METHOD" missed="1" covered="0" />
      </method>
      <method name="Remove-EntraApplication" desc="()" line="6221">
        <counter type="INSTRUCTION" missed="2" covered="23" />
        <counter type="LINE" missed="2" covered="15" />
        <counter type="METHOD" missed="0" covered="1" />
      </method>
      <method name="New-EntraGroupAppRoleAssignment" desc="()" line="6265">
        <counter type="INSTRUCTION" missed="31" covered="0" />
        <counter type="LINE" missed="23" covered="0" />
        <counter type="METHOD" missed="1" covered="0" />
      </method>
      <method name="Add-EntraDeviceRegisteredUser" desc="()" line="6317">
        <counter type="INSTRUCTION" missed="31" covered="0" />
        <counter type="LINE" missed="21" covered="0" />
        <counter type="METHOD" missed="1" covered="0" />
      </method>
      <method name="Set-EntraTrustedCertificateAuthority" desc="()" line="6361">
        <counter type="INSTRUCTION" missed="60" covered="0" />
        <counter type="LINE" missed="47" covered="0" />
        <counter type="METHOD" missed="1" covered="0" />
      </method>
      <method name="Remove-EntraOAuth2PermissionGrant" desc="()" line="6440">
        <counter type="INSTRUCTION" missed="25" covered="0" />
        <counter type="LINE" missed="17" covered="0" />
        <counter type="METHOD" missed="1" covered="0" />
      </method>
      <method name="Get-EntraUserOwnedDevice" desc="()" line="6482">
        <counter type="INSTRUCTION" missed="38" covered="0" />
        <counter type="LINE" missed="25" covered="0" />
        <counter type="METHOD" missed="1" covered="0" />
      </method>
      <method name="Remove-EntraGroup" desc="()" line="6534">
        <counter type="INSTRUCTION" missed="2" covered="23" />
        <counter type="LINE" missed="2" covered="15" />
        <counter type="METHOD" missed="0" covered="1" />
      </method>
      <method name="Set-EntraUserLicense" desc="()" line="6574">
        <counter type="INSTRUCTION" missed="43" covered="0" />
        <counter type="LINE" missed="29" covered="0" />
        <counter type="METHOD" missed="1" covered="0" />
      </method>
      <method name="Remove-EntraMSApplicationVerifiedPublisher" desc="()" line="6631">
        <counter type="INSTRUCTION" missed="24" covered="0" />
        <counter type="LINE" missed="17" covered="0" />
        <counter type="METHOD" missed="1" covered="0" />
      </method>
      <method name="New-EntraMSPermissionGrantConditionSet" desc="()" line="6687">
        <counter type="INSTRUCTION" missed="42" covered="0" />
        <counter type="LINE" missed="35" covered="0" />
        <counter type="METHOD" missed="1" covered="0" />
      </method>
      <method name="Remove-EntraUserExtension" desc="()" line="6772">
        <counter type="INSTRUCTION" missed="29" covered="0" />
        <counter type="LINE" missed="21" covered="0" />
        <counter type="METHOD" missed="1" covered="0" />
      </method>
      <method name="New-EntraMSApplicationKey" desc="()" line="6824">
        <counter type="INSTRUCTION" missed="31" covered="0" />
        <counter type="LINE" missed="23" covered="0" />
        <counter type="METHOD" missed="1" covered="0" />
      </method>
      <method name="Get-EntraServicePrincipalMembership" desc="()" line="6878">
        <counter type="INSTRUCTION" missed="31" covered="0" />
        <counter type="LINE" missed="23" covered="0" />
        <counter type="METHOD" missed="1" covered="0" />
      </method>
      <method name="New-EntraMSApplicationPassword" desc="()" line="6930">
        <counter type="INSTRUCTION" missed="44" covered="0" />
        <counter type="LINE" missed="29" covered="0" />
        <counter type="METHOD" missed="1" covered="0" />
      </method>
      <method name="Get-EntraDomainVerificationDnsRecord" desc="()" line="6983">
        <counter type="INSTRUCTION" missed="27" covered="0" />
        <counter type="LINE" missed="19" covered="0" />
        <counter type="METHOD" missed="1" covered="0" />
      </method>
      <method name="Remove-EntraGroupAppRoleAssignment" desc="()" line="7025">
        <counter type="INSTRUCTION" missed="27" covered="0" />
        <counter type="LINE" missed="19" covered="0" />
        <counter type="METHOD" missed="1" covered="0" />
      </method>
      <method name="Get-EntraApplicationPasswordCredential" desc="()" line="7066">
        <counter type="INSTRUCTION" missed="3" covered="0" />
        <counter type="LINE" missed="2" covered="0" />
        <counter type="METHOD" missed="1" covered="0" />
      </method>
      <method name="New-EntraDevice" desc="()" line="7105">
        <counter type="INSTRUCTION" missed="52" covered="0" />
        <counter type="LINE" missed="45" covered="0" />
        <counter type="METHOD" missed="1" covered="0" />
      </method>
      <method name="Get-EntraDirectoryRoleTemplate" desc="()" line="7198">
        <counter type="INSTRUCTION" missed="22" covered="0" />
        <counter type="LINE" missed="15" covered="0" />
        <counter type="METHOD" missed="1" covered="0" />
      </method>
      <method name="Set-EntraUserPassword" desc="()" line="7238">
        <counter type="INSTRUCTION" missed="35" covered="0" />
        <counter type="LINE" missed="25" covered="0" />
        <counter type="METHOD" missed="1" covered="0" />
      </method>
      <method name="Get-EntraGroupOwner" desc="()" line="7292">
        <counter type="INSTRUCTION" missed="42" covered="0" />
        <counter type="LINE" missed="28" covered="0" />
        <counter type="METHOD" missed="1" covered="0" />
      </method>
      <method name="Get-EntraMSPermissionGrantPolicy" desc="()" line="7345">
        <counter type="INSTRUCTION" missed="24" covered="0" />
        <counter type="LINE" missed="17" covered="0" />
        <counter type="METHOD" missed="1" covered="0" />
      </method>
      <method name="Remove-EntraMSApplicationExtensionProperty" desc="()" line="7385">
        <counter type="INSTRUCTION" missed="27" covered="0" />
        <counter type="LINE" missed="19" covered="0" />
        <counter type="METHOD" missed="1" covered="0" />
      </method>
      <method name="New-EntraMSApplicationExtensionProperty" desc="()" line="7433">
        <counter type="INSTRUCTION" missed="31" covered="0" />
        <counter type="LINE" missed="23" covered="0" />
        <counter type="METHOD" missed="1" covered="0" />
      </method>
      <method name="Get-EntraDomainServiceConfigurationRecord" desc="()" line="7483">
        <counter type="INSTRUCTION" missed="27" covered="0" />
        <counter type="LINE" missed="19" covered="0" />
        <counter type="METHOD" missed="1" covered="0" />
      </method>
      <method name="Restore-EntraMSDeletedDirectoryObject" desc="()" line="7523">
        <counter type="INSTRUCTION" missed="26" covered="0" />
        <counter type="LINE" missed="19" covered="0" />
        <counter type="METHOD" missed="1" covered="0" />
      </method>
      <method name="Remove-EntraMSPermissionGrantPolicy" desc="()" line="7562">
        <counter type="INSTRUCTION" missed="24" covered="0" />
        <counter type="LINE" missed="17" covered="0" />
        <counter type="METHOD" missed="1" covered="0" />
      </method>
      <method name="Get-EntraMSConditionalAccessPolicy" desc="()" line="7600">
        <counter type="INSTRUCTION" missed="24" covered="0" />
        <counter type="LINE" missed="17" covered="0" />
        <counter type="METHOD" missed="1" covered="0" />
      </method>
      <method name="Get-EntraUserRegisteredDevice" desc="()" line="7642">
        <counter type="INSTRUCTION" missed="38" covered="0" />
        <counter type="LINE" missed="25" covered="0" />
        <counter type="METHOD" missed="1" covered="0" />
      </method>
      <method name="Get-EntraContract" desc="()" line="7700">
        <counter type="INSTRUCTION" missed="36" covered="0" />
        <counter type="LINE" missed="28" covered="0" />
        <counter type="METHOD" missed="1" covered="0" />
      </method>
      <method name="Set-EntraMSApplicationLogo" desc="()" line="7760">
        <counter type="INSTRUCTION" missed="27" covered="0" />
        <counter type="LINE" missed="19" covered="0" />
        <counter type="METHOD" missed="1" covered="0" />
      </method>
      <method name="Add-EntraMSScopedRoleMembership" desc="()" line="7808">
        <counter type="INSTRUCTION" missed="36" covered="0" />
        <counter type="LINE" missed="28" covered="0" />
        <counter type="METHOD" missed="1" covered="0" />
      </method>
      <method name="New-EntraMSRoleDefinition" desc="()" line="7876">
        <counter type="INSTRUCTION" missed="41" covered="0" />
        <counter type="LINE" missed="34" covered="0" />
        <counter type="METHOD" missed="1" covered="0" />
      </method>
      <method name="New-EntraTrustedCertificateAuthority" desc="()" line="7944">
        <counter type="INSTRUCTION" missed="57" covered="0" />
        <counter type="LINE" missed="44" covered="0" />
        <counter type="METHOD" missed="1" covered="0" />
      </method>
      <method name="Set-EntraUser" desc="()" line="8084">
        <counter type="INSTRUCTION" missed="104" covered="0" />
        <counter type="LINE" missed="90" covered="0" />
        <counter type="METHOD" missed="1" covered="0" />
      </method>
      <method name="Get-EntraUserDirectReport" desc="()" line="8268">
        <counter type="INSTRUCTION" missed="51" covered="0" />
        <counter type="LINE" missed="37" covered="0" />
        <counter type="METHOD" missed="1" covered="0" />
      </method>
      <method name="Remove-EntraDirectoryRoleMember" desc="()" line="8332">
        <counter type="INSTRUCTION" missed="28" covered="0" />
        <counter type="LINE" missed="19" covered="0" />
        <counter type="METHOD" missed="1" covered="0" />
      </method>
      <method name="Remove-EntraApplicationOwner" desc="()" line="8376">
        <counter type="INSTRUCTION" missed="28" covered="0" />
        <counter type="LINE" missed="19" covered="0" />
        <counter type="METHOD" missed="1" covered="0" />
      </method>
      <method name="Set-EntraDomain" desc="()" line="8424">
        <counter type="INSTRUCTION" missed="31" covered="0" />
        <counter type="LINE" missed="23" covered="0" />
        <counter type="METHOD" missed="1" covered="0" />
      </method>
      <method name="Remove-EntraMSNamedLocationPolicy" desc="()" line="8474">
        <counter type="INSTRUCTION" missed="25" covered="0" />
        <counter type="LINE" missed="17" covered="0" />
        <counter type="METHOD" missed="1" covered="0" />
      </method>
      <method name="Set-EntraMSApplication" desc="()" line="8550">
        <counter type="INSTRUCTION" missed="156" covered="43" />
        <counter type="LINE" missed="105" covered="35" />
        <counter type="METHOD" missed="0" covered="1" />
      </method>
      <method name="Get-EntraMSApplicationOwner" desc="()" line="8779">
        <counter type="INSTRUCTION" missed="31" covered="0" />
        <counter type="LINE" missed="23" covered="0" />
        <counter type="METHOD" missed="1" covered="0" />
      </method>
      <method name="New-EntraApplication" desc="()" line="8894">
        <counter type="INSTRUCTION" missed="90" covered="42" />
        <counter type="LINE" missed="73" covered="36" />
        <counter type="METHOD" missed="0" covered="1" />
      </method>
      <method name="Get-EntraDevice" desc="()" line="9117">
        <counter type="INSTRUCTION" missed="2" covered="49" />
        <counter type="LINE" missed="2" covered="40" />
        <counter type="METHOD" missed="0" covered="1" />
      </method>
      <method name="Get-EntraUser" desc="()" line="9199">
        <counter type="INSTRUCTION" missed="57" covered="0" />
        <counter type="LINE" missed="43" covered="0" />
        <counter type="METHOD" missed="1" covered="0" />
      </method>
      <method name="New-EntraServicePrincipalPasswordCredential" desc="()" line="9284">
        <counter type="INSTRUCTION" missed="12" covered="0" />
        <counter type="LINE" missed="11" covered="0" />
        <counter type="METHOD" missed="1" covered="0" />
      </method>
      <method name="Get-EntraMSApplicationExtensionProperty" desc="()" line="9308">
        <counter type="INSTRUCTION" missed="25" covered="0" />
        <counter type="LINE" missed="17" covered="0" />
        <counter type="METHOD" missed="1" covered="0" />
      </method>
      <method name="Get-EntraMSGroupLifecyclePolicy" desc="()" line="9346">
        <counter type="INSTRUCTION" missed="24" covered="0" />
        <counter type="LINE" missed="17" covered="0" />
        <counter type="METHOD" missed="1" covered="0" />
      </method>
      <method name="Get-EntraCurrentSessionInfo" desc="()" line="9383">
        <counter type="INSTRUCTION" missed="26" covered="0" />
        <counter type="LINE" missed="19" covered="0" />
        <counter type="METHOD" missed="1" covered="0" />
      </method>
      <method name="Get-EntraMSGroup" desc="()" line="9433">
        <counter type="INSTRUCTION" missed="40" covered="0" />
        <counter type="LINE" missed="32" covered="0" />
        <counter type="METHOD" missed="1" covered="0" />
      </method>
      <method name="Get-EntraDeviceRegisteredOwner" desc="()" line="9501">
        <counter type="INSTRUCTION" missed="51" covered="0" />
        <counter type="LINE" missed="37" covered="0" />
        <counter type="METHOD" missed="1" covered="0" />
      </method>
      <method name="Get-EntraMSNamedLocationPolicy" desc="()" line="9563">
        <counter type="INSTRUCTION" missed="25" covered="0" />
        <counter type="LINE" missed="17" covered="0" />
        <counter type="METHOD" missed="1" covered="0" />
      </method>
      <method name="New-EntraMSAdministrativeUnit" desc="()" line="9603">
        <counter type="INSTRUCTION" missed="26" covered="0" />
        <counter type="LINE" missed="19" covered="0" />
        <counter type="METHOD" missed="1" covered="0" />
      </method>
      <method name="Remove-EntraDeletedApplication" desc="()" line="9645">
        <counter type="INSTRUCTION" missed="25" covered="0" />
        <counter type="LINE" missed="17" covered="0" />
        <counter type="METHOD" missed="1" covered="0" />
      </method>
      <method name="Select-EntraGroupIdsContactIsMemberOf" desc="()" line="9685">
        <counter type="INSTRUCTION" missed="24" covered="0" />
        <counter type="LINE" missed="15" covered="0" />
        <counter type="METHOD" missed="1" covered="0" />
      </method>
      <method name="Add-EntraMSAdministrativeUnitMember" desc="()" line="9719">
        <counter type="INSTRUCTION" missed="30" covered="0" />
        <counter type="LINE" missed="21" covered="0" />
        <counter type="METHOD" missed="1" covered="0" />
      </method>
      <method name="Remove-EntraServicePrincipalPasswordCredential" desc="()" line="9765">
        <counter type="INSTRUCTION" missed="27" covered="0" />
        <counter type="LINE" missed="19" covered="0" />
        <counter type="METHOD" missed="1" covered="0" />
      </method>
      <method name="Get-EntraObjectByObjectId" desc="()" line="9809">
        <counter type="INSTRUCTION" missed="26" covered="0" />
        <counter type="LINE" missed="19" covered="0" />
        <counter type="METHOD" missed="1" covered="0" />
      </method>
      <method name="Remove-EntraContact" desc="()" line="9851">
        <counter type="INSTRUCTION" missed="25" covered="0" />
        <counter type="LINE" missed="17" covered="0" />
        <counter type="METHOD" missed="1" covered="0" />
      </method>
      <method name="Get-EntraServiceAppRoleAssignedTo" desc="()" line="9893">
        <counter type="INSTRUCTION" missed="30" covered="0" />
        <counter type="LINE" missed="22" covered="0" />
        <counter type="METHOD" missed="1" covered="0" />
      </method>
      <method name="Remove-EntraDeviceRegisteredOwner" desc="()" line="9944">
        <counter type="INSTRUCTION" missed="28" covered="0" />
        <counter type="LINE" missed="19" covered="0" />
        <counter type="METHOD" missed="1" covered="0" />
      </method>
      <method name="New-EntraMSPermissionGrantPolicy" desc="()" line="9990">
        <counter type="INSTRUCTION" missed="28" covered="0" />
        <counter type="LINE" missed="21" covered="0" />
        <counter type="METHOD" missed="1" covered="0" />
      </method>
      <method name="Set-EntraServicePrincipal" desc="()" line="10068">
        <counter type="INSTRUCTION" missed="87" covered="0" />
        <counter type="LINE" missed="79" covered="0" />
        <counter type="METHOD" missed="1" covered="0" />
      </method>
      <method name="Remove-EntraMSPermissionGrantConditionSet" desc="()" line="10218">
        <counter type="INSTRUCTION" missed="28" covered="0" />
        <counter type="LINE" missed="21" covered="0" />
        <counter type="METHOD" missed="1" covered="0" />
      </method>
      <method name="Get-EntraServicePrincipalPasswordCredential" desc="()" line="10267">
        <counter type="INSTRUCTION" missed="9" covered="0" />
        <counter type="LINE" missed="7" covered="0" />
        <counter type="METHOD" missed="1" covered="0" />
      </method>
      <method name="Get-EntraDirectoryRoleMember" desc="()" line="10285">
        <counter type="INSTRUCTION" missed="40" covered="0" />
        <counter type="LINE" missed="28" covered="0" />
        <counter type="METHOD" missed="1" covered="0" />
      </method>
      <method name="New-EntraMSGroupLifecyclePolicy" desc="()" line="10337">
        <counter type="INSTRUCTION" missed="28" covered="0" />
        <counter type="LINE" missed="21" covered="0" />
        <counter type="METHOD" missed="1" covered="0" />
      </method>
      <method name="Get-EntraMSScopedRoleMembership" desc="()" line="10385">
        <counter type="INSTRUCTION" missed="35" covered="0" />
        <counter type="LINE" missed="23" covered="0" />
        <counter type="METHOD" missed="1" covered="0" />
      </method>
      <method name="New-EntraMSConditionalAccessPolicy" desc="()" line="10441">
        <counter type="INSTRUCTION" missed="34" covered="0" />
        <counter type="LINE" missed="27" covered="0" />
        <counter type="METHOD" missed="1" covered="0" />
      </method>
      <method name="Remove-EntraUserManager" desc="()" line="10499">
        <counter type="INSTRUCTION" missed="25" covered="0" />
        <counter type="LINE" missed="17" covered="0" />
        <counter type="METHOD" missed="1" covered="0" />
      </method>
      <method name="New-EntraServicePrincipal" desc="()" line="10567">
        <counter type="INSTRUCTION" missed="83" covered="0" />
        <counter type="LINE" missed="76" covered="0" />
        <counter type="METHOD" missed="1" covered="0" />
      </method>
      <method name="Get-EntraDirectoryRole" desc="()" line="10707">
        <counter type="INSTRUCTION" missed="2" covered="29" />
        <counter type="LINE" missed="2" covered="21" />
        <counter type="METHOD" missed="0" covered="1" />
      </method>
      <method name="Get-EntraServicePrincipal" desc="()" line="10762">
        <counter type="INSTRUCTION" missed="41" covered="0" />
        <counter type="LINE" missed="32" covered="0" />
        <counter type="METHOD" missed="1" covered="0" />
      </method>
      <method name="Set-EntraUserManager" desc="()" line="10828">
        <counter type="INSTRUCTION" missed="31" covered="0" />
        <counter type="LINE" missed="21" covered="0" />
        <counter type="METHOD" missed="1" covered="0" />
      </method>
      <method name="Set-EntraTenantDetail" desc="()" line="10880">
        <counter type="INSTRUCTION" missed="22" covered="0" />
        <counter type="LINE" missed="15" covered="0" />
        <counter type="METHOD" missed="1" covered="0" />
      </method>
      <method name="New-EntraApplicationExtensionProperty" desc="()" line="10925">
        <counter type="INSTRUCTION" missed="31" covered="0" />
        <counter type="LINE" missed="23" covered="0" />
        <counter type="METHOD" missed="1" covered="0" />
      </method>
      <method name="New-EntraUserAppRoleAssignment" desc="()" line="10981">
        <counter type="INSTRUCTION" missed="31" covered="0" />
        <counter type="LINE" missed="23" covered="0" />
        <counter type="METHOD" missed="1" covered="0" />
      </method>
      <method name="Get-EntraMSDeletedDirectoryObject" desc="()" line="11031">
        <counter type="INSTRUCTION" missed="25" covered="0" />
        <counter type="LINE" missed="18" covered="0" />
        <counter type="METHOD" missed="1" covered="0" />
      </method>
      <method name="Get-EntraApplicationLogo" desc="()" line="11076">
        <counter type="INSTRUCTION" missed="31" covered="0" />
        <counter type="LINE" missed="23" covered="0" />
        <counter type="METHOD" missed="1" covered="0" />
      </method>
      <method name="Set-EntraDevice" desc="()" line="11156">
        <counter type="INSTRUCTION" missed="23" covered="48" />
        <counter type="LINE" missed="23" covered="32" />
        <counter type="METHOD" missed="0" covered="1" />
      </method>
      <method name="Set-EntraMSPermissionGrantPolicy" desc="()" line="11269">
        <counter type="INSTRUCTION" missed="28" covered="0" />
        <counter type="LINE" missed="21" covered="0" />
        <counter type="METHOD" missed="1" covered="0" />
      </method>
      <method name="New-EntraMSApplication" desc="()" line="11351">
        <counter type="INSTRUCTION" missed="92" covered="42" />
        <counter type="LINE" missed="74" covered="34" />
        <counter type="METHOD" missed="0" covered="1" />
      </method>
      <method name="Get-EntraSubscribedSku" desc="()" line="11537">
        <counter type="INSTRUCTION" missed="33" covered="0" />
        <counter type="LINE" missed="20" covered="0" />
        <counter type="METHOD" missed="1" covered="0" />
      </method>
      <method name="Remove-EntraMSApplicationPassword" desc="()" line="11580">
        <counter type="INSTRUCTION" missed="27" covered="0" />
        <counter type="LINE" missed="19" covered="0" />
        <counter type="METHOD" missed="1" covered="0" />
      </method>
      <method name="Get-EntraMSAdministrativeUnitMember" desc="()" line="11626">
        <counter type="INSTRUCTION" missed="29" covered="0" />
        <counter type="LINE" missed="22" covered="0" />
        <counter type="METHOD" missed="1" covered="0" />
      </method>
      <method name="Get-EntraUserMembership" desc="()" line="11679">
        <counter type="INSTRUCTION" missed="31" covered="0" />
        <counter type="LINE" missed="23" covered="0" />
        <counter type="METHOD" missed="1" covered="0" />
      </method>
      <method name="Remove-EntraMSApplicationOwner" desc="()" line="11731">
        <counter type="INSTRUCTION" missed="28" covered="0" />
        <counter type="LINE" missed="19" covered="0" />
        <counter type="METHOD" missed="1" covered="0" />
      </method>
      <method name="New-EntraApplicationKeyCredential" desc="()" line="11785">
        <counter type="INSTRUCTION" missed="37" covered="0" />
        <counter type="LINE" missed="29" covered="0" />
        <counter type="METHOD" missed="1" covered="0" />
      </method>
      <method name="Enable-EntraDirectoryRole" desc="()" line="11847">
        <counter type="INSTRUCTION" missed="2" covered="22" />
        <counter type="LINE" missed="2" covered="15" />
        <counter type="METHOD" missed="0" covered="1" />
      </method>
      <method name="Get-EntraMSAdministrativeUnit" desc="()" line="11891">
        <counter type="INSTRUCTION" missed="35" covered="0" />
        <counter type="LINE" missed="28" covered="0" />
        <counter type="METHOD" missed="1" covered="0" />
      </method>
      <method name="Remove-EntraServicePrincipal" desc="()" line="11949">
        <counter type="INSTRUCTION" missed="25" covered="0" />
        <counter type="LINE" missed="17" covered="0" />
        <counter type="METHOD" missed="1" covered="0" />
      </method>
      <method name="Restore-EntraDeletedApplication" desc="()" line="11989">
        <counter type="INSTRUCTION" missed="46" covered="0" />
        <counter type="LINE" missed="38" covered="0" />
        <counter type="METHOD" missed="1" covered="0" />
      </method>
      <method name="New-EntraMSInvitation" desc="()" line="12061">
        <counter type="INSTRUCTION" missed="44" covered="0" />
        <counter type="LINE" missed="35" covered="0" />
        <counter type="METHOD" missed="1" covered="0" />
      </method>
      <method name="Get-EntraTenantDetail" desc="()" line="12131">
        <counter type="INSTRUCTION" missed="39" covered="0" />
        <counter type="LINE" missed="27" covered="0" />
        <counter type="METHOD" missed="1" covered="0" />
      </method>
      <method name="New-EntraApplicationPasswordCredential" desc="()" line="12191">
        <counter type="INSTRUCTION" missed="27" covered="0" />
        <counter type="LINE" missed="20" covered="0" />
        <counter type="METHOD" missed="1" covered="0" />
      </method>
      <method name="Get-EntraUnsupportedCommand" desc="()" line="12228">
        <counter type="INSTRUCTION" missed="1" covered="0" />
        <counter type="LINE" missed="1" covered="0" />
        <counter type="METHOD" missed="1" covered="0" />
      </method>
      <method name="Enable-EntraAzureADAlias" desc="()" line="12231">
        <counter type="INSTRUCTION" missed="228" covered="0" />
        <counter type="LINE" missed="228" covered="0" />
        <counter type="METHOD" missed="1" covered="0" />
      </method>
      <method name="Set-EntraDirSyncConfiguration" desc="()" line="12472">
        <counter type="INSTRUCTION" missed="41" covered="0" />
        <counter type="LINE" missed="33" covered="0" />
        <counter type="METHOD" missed="1" covered="0" />
      </method>
      <method name="Get-EntraDirSyncConfiguration" desc="()" line="12531">
        <counter type="INSTRUCTION" missed="29" covered="0" />
        <counter type="LINE" missed="18" covered="0" />
        <counter type="METHOD" missed="1" covered="0" />
      </method>
      <method name="Get-EntraDirSyncfeature" desc="()" line="12568">
        <counter type="INSTRUCTION" missed="37" covered="0" />
        <counter type="LINE" missed="27" covered="0" />
        <counter type="METHOD" missed="1" covered="0" />
      </method>
      <method name="Convert-EntraFederatedUser" desc="()" line="12621">
        <counter type="INSTRUCTION" missed="28" covered="0" />
        <counter type="LINE" missed="22" covered="0" />
        <counter type="METHOD" missed="1" covered="0" />
      </method>
      <method name="Get-EntraPasswordPolicy" desc="()" line="12662">
        <counter type="INSTRUCTION" missed="23" covered="0" />
        <counter type="LINE" missed="17" covered="0" />
        <counter type="METHOD" missed="1" covered="0" />
      </method>
      <method name="Test-ScriptCommand" desc="()" line="12758">
        <counter type="INSTRUCTION" missed="28" covered="0" />
        <counter type="LINE" missed="25" covered="0" />
        <counter type="METHOD" missed="1" covered="0" />
      </method>
      <method name="Test-EntraScript" desc="()" line="12794">
        <counter type="INSTRUCTION" missed="16" covered="0" />
        <counter type="LINE" missed="13" covered="0" />
        <counter type="METHOD" missed="1" covered="0" />
      </method>
      <method name="Get-EntraDomainFedrationSettings" desc="()" line="12830">
        <counter type="INSTRUCTION" missed="38" covered="0" />
        <counter type="LINE" missed="28" covered="0" />
        <counter type="METHOD" missed="1" covered="0" />
      </method>
      <method name="New-EntraCustomHeaders" desc="()" line="12894">
        <counter type="INSTRUCTION" missed="0" covered="8" />
        <counter type="LINE" missed="0" covered="6" />
        <counter type="METHOD" missed="0" covered="1" />
      </method>
      <method name="Get-EntraFederationProperty" desc="()" line="12912">
        <counter type="INSTRUCTION" missed="29" covered="0" />
        <counter type="LINE" missed="22" covered="0" />
        <counter type="METHOD" missed="1" covered="0" />
      </method>
      <method name="Set-EntraDomainFederationSettings" desc="()" line="12962">
        <counter type="INSTRUCTION" missed="46" covered="0" />
        <counter type="LINE" missed="39" covered="0" />
        <counter type="METHOD" missed="1" covered="0" />
      </method>
      <method name="Set-EntraDirSyncFeature" desc="()" line="13043">
        <counter type="INSTRUCTION" missed="44" covered="0" />
        <counter type="LINE" missed="32" covered="0" />
        <counter type="METHOD" missed="1" covered="0" />
      </method>
      <method name="Get-EntraPartnerInformation" desc="()" line="13109">
        <counter type="INSTRUCTION" missed="31" covered="0" />
        <counter type="LINE" missed="23" covered="0" />
        <counter type="METHOD" missed="1" covered="0" />
      </method>
      <method name="Get-EntraAccountSku" desc="()" line="13150">
        <counter type="INSTRUCTION" missed="27" covered="0" />
        <counter type="LINE" missed="20" covered="0" />
        <counter type="METHOD" missed="1" covered="0" />
      </method>
      <method name="Get-EntraHasObjectsWithDirSyncProvisioningError" desc="()" line="13181">
        <counter type="INSTRUCTION" missed="34" covered="0" />
        <counter type="LINE" missed="21" covered="0" />
        <counter type="METHOD" missed="1" covered="0" />
      </method>
      <counter type="INSTRUCTION" missed="7341" covered="621" />
      <counter type="LINE" missed="5500" covered="470" />
      <counter type="METHOD" missed="206" covered="18" />
      <counter type="CLASS" missed="1" covered="0" />
    </class>
    <sourcefile name="Microsoft.Graph.Entra.psm1">
      <line nr="4" mi="1" ci="0" mb="0" cb="0" />
      <line nr="13" mi="1" ci="0" mb="0" cb="0" />
      <line nr="14" mi="1" ci="0" mb="0" cb="0" />
      <line nr="15" mi="1" ci="0" mb="0" cb="0" />
      <line nr="16" mi="1" ci="0" mb="0" cb="0" />
      <line nr="18" mi="1" ci="0" mb="0" cb="0" />
      <line nr="20" mi="1" ci="0" mb="0" cb="0" />
      <line nr="22" mi="1" ci="0" mb="0" cb="0" />
      <line nr="24" mi="1" ci="0" mb="0" cb="0" />
      <line nr="26" mi="1" ci="0" mb="0" cb="0" />
      <line nr="29" mi="2" ci="0" mb="0" cb="0" />
      <line nr="30" mi="5" ci="0" mb="0" cb="0" />
      <line nr="31" mi="2" ci="0" mb="0" cb="0" />
      <line nr="33" mi="1" ci="0" mb="0" cb="0" />
      <line nr="34" mi="2" ci="0" mb="0" cb="0" />
      <line nr="35" mi="1" ci="0" mb="0" cb="0" />
      <line nr="36" mi="1" ci="0" mb="0" cb="0" />
      <line nr="37" mi="1" ci="0" mb="0" cb="0" />
      <line nr="38" mi="1" ci="0" mb="0" cb="0" />
      <line nr="39" mi="1" ci="0" mb="0" cb="0" />
      <line nr="43" mi="1" ci="0" mb="0" cb="0" />
      <line nr="58" mi="1" ci="0" mb="0" cb="0" />
      <line nr="59" mi="1" ci="0" mb="0" cb="0" />
      <line nr="60" mi="2" ci="0" mb="0" cb="0" />
      <line nr="61" mi="1" ci="0" mb="0" cb="0" />
      <line nr="63" mi="1" ci="0" mb="0" cb="0" />
      <line nr="65" mi="1" ci="0" mb="0" cb="0" />
      <line nr="67" mi="1" ci="0" mb="0" cb="0" />
      <line nr="69" mi="1" ci="0" mb="0" cb="0" />
      <line nr="71" mi="1" ci="0" mb="0" cb="0" />
      <line nr="73" mi="1" ci="0" mb="0" cb="0" />
      <line nr="76" mi="1" ci="0" mb="0" cb="0" />
      <line nr="78" mi="1" ci="0" mb="0" cb="0" />
      <line nr="80" mi="1" ci="0" mb="0" cb="0" />
      <line nr="82" mi="1" ci="0" mb="0" cb="0" />
      <line nr="85" mi="2" ci="0" mb="0" cb="0" />
      <line nr="86" mi="5" ci="0" mb="0" cb="0" />
      <line nr="87" mi="2" ci="0" mb="0" cb="0" />
      <line nr="89" mi="1" ci="0" mb="0" cb="0" />
      <line nr="90" mi="2" ci="0" mb="0" cb="0" />
      <line nr="91" mi="1" ci="0" mb="0" cb="0" />
      <line nr="92" mi="1" ci="0" mb="0" cb="0" />
      <line nr="96" mi="1" ci="0" mb="0" cb="0" />
      <line nr="107" mi="1" ci="0" mb="0" cb="0" />
      <line nr="108" mi="1" ci="0" mb="0" cb="0" />
      <line nr="109" mi="2" ci="0" mb="0" cb="0" />
      <line nr="110" mi="1" ci="0" mb="0" cb="0" />
      <line nr="112" mi="1" ci="0" mb="0" cb="0" />
      <line nr="114" mi="1" ci="0" mb="0" cb="0" />
      <line nr="116" mi="1" ci="0" mb="0" cb="0" />
      <line nr="118" mi="1" ci="0" mb="0" cb="0" />
      <line nr="120" mi="1" ci="0" mb="0" cb="0" />
      <line nr="123" mi="2" ci="0" mb="0" cb="0" />
      <line nr="124" mi="5" ci="0" mb="0" cb="0" />
      <line nr="125" mi="2" ci="0" mb="0" cb="0" />
      <line nr="127" mi="1" ci="0" mb="0" cb="0" />
      <line nr="128" mi="2" ci="0" mb="0" cb="0" />
      <line nr="129" mi="1" ci="0" mb="0" cb="0" />
      <line nr="130" mi="1" ci="0" mb="0" cb="0" />
      <line nr="134" mi="1" ci="0" mb="0" cb="0" />
      <line nr="149" mi="1" ci="0" mb="0" cb="0" />
      <line nr="150" mi="1" ci="0" mb="0" cb="0" />
      <line nr="151" mi="2" ci="0" mb="0" cb="0" />
      <line nr="152" mi="1" ci="0" mb="0" cb="0" />
      <line nr="154" mi="1" ci="0" mb="0" cb="0" />
      <line nr="156" mi="1" ci="0" mb="0" cb="0" />
      <line nr="158" mi="1" ci="0" mb="0" cb="0" />
      <line nr="160" mi="1" ci="0" mb="0" cb="0" />
      <line nr="162" mi="1" ci="0" mb="0" cb="0" />
      <line nr="164" mi="1" ci="0" mb="0" cb="0" />
      <line nr="167" mi="1" ci="0" mb="0" cb="0" />
      <line nr="169" mi="1" ci="0" mb="0" cb="0" />
      <line nr="171" mi="1" ci="0" mb="0" cb="0" />
      <line nr="173" mi="1" ci="0" mb="0" cb="0" />
      <line nr="176" mi="2" ci="0" mb="0" cb="0" />
      <line nr="177" mi="5" ci="0" mb="0" cb="0" />
      <line nr="178" mi="2" ci="0" mb="0" cb="0" />
      <line nr="180" mi="1" ci="0" mb="0" cb="0" />
      <line nr="181" mi="2" ci="0" mb="0" cb="0" />
      <line nr="182" mi="1" ci="0" mb="0" cb="0" />
      <line nr="183" mi="1" ci="0" mb="0" cb="0" />
      <line nr="187" mi="1" ci="0" mb="0" cb="0" />
      <line nr="198" mi="1" ci="0" mb="0" cb="0" />
      <line nr="199" mi="1" ci="0" mb="0" cb="0" />
      <line nr="200" mi="1" ci="0" mb="0" cb="0" />
      <line nr="201" mi="1" ci="0" mb="0" cb="0" />
      <line nr="203" mi="1" ci="0" mb="0" cb="0" />
      <line nr="205" mi="1" ci="0" mb="0" cb="0" />
      <line nr="207" mi="1" ci="0" mb="0" cb="0" />
      <line nr="209" mi="1" ci="0" mb="0" cb="0" />
      <line nr="211" mi="1" ci="0" mb="0" cb="0" />
      <line nr="214" mi="2" ci="0" mb="0" cb="0" />
      <line nr="215" mi="5" ci="0" mb="0" cb="0" />
      <line nr="216" mi="2" ci="0" mb="0" cb="0" />
      <line nr="218" mi="1" ci="0" mb="0" cb="0" />
      <line nr="219" mi="2" ci="0" mb="0" cb="0" />
      <line nr="220" mi="1" ci="0" mb="0" cb="0" />
      <line nr="221" mi="1" ci="0" mb="0" cb="0" />
      <line nr="225" mi="1" ci="0" mb="0" cb="0" />
      <line nr="244" mi="1" ci="0" mb="0" cb="0" />
      <line nr="245" mi="1" ci="0" mb="0" cb="0" />
      <line nr="246" mi="1" ci="0" mb="0" cb="0" />
      <line nr="247" mi="1" ci="0" mb="0" cb="0" />
      <line nr="248" mi="1" ci="0" mb="0" cb="0" />
      <line nr="250" mi="1" ci="0" mb="0" cb="0" />
      <line nr="252" mi="1" ci="0" mb="0" cb="0" />
      <line nr="254" mi="1" ci="0" mb="0" cb="0" />
      <line nr="256" mi="1" ci="0" mb="0" cb="0" />
      <line nr="258" mi="1" ci="0" mb="0" cb="0" />
      <line nr="260" mi="1" ci="0" mb="0" cb="0" />
      <line nr="262" mi="1" ci="0" mb="0" cb="0" />
      <line nr="264" mi="1" ci="0" mb="0" cb="0" />
      <line nr="266" mi="1" ci="0" mb="0" cb="0" />
      <line nr="268" mi="1" ci="0" mb="0" cb="0" />
      <line nr="270" mi="1" ci="0" mb="0" cb="0" />
      <line nr="272" mi="1" ci="0" mb="0" cb="0" />
      <line nr="274" mi="1" ci="0" mb="0" cb="0" />
      <line nr="276" mi="1" ci="0" mb="0" cb="0" />
      <line nr="277" mi="1" ci="0" mb="0" cb="0" />
      <line nr="279" mi="2" ci="0" mb="0" cb="0" />
      <line nr="280" mi="5" ci="0" mb="0" cb="0" />
      <line nr="281" mi="2" ci="0" mb="0" cb="0" />
      <line nr="283" mi="1" ci="0" mb="0" cb="0" />
      <line nr="284" mi="2" ci="0" mb="0" cb="0" />
      <line nr="285" mi="1" ci="0" mb="0" cb="0" />
      <line nr="286" mi="1" ci="0" mb="0" cb="0" />
      <line nr="290" mi="1" ci="0" mb="0" cb="0" />
      <line nr="303" mi="1" ci="0" mb="0" cb="0" />
      <line nr="304" mi="1" ci="0" mb="0" cb="0" />
      <line nr="305" mi="3" ci="0" mb="0" cb="0" />
      <line nr="306" mi="1" ci="0" mb="0" cb="0" />
      <line nr="308" mi="1" ci="0" mb="0" cb="0" />
      <line nr="310" mi="1" ci="0" mb="0" cb="0" />
      <line nr="312" mi="1" ci="0" mb="0" cb="0" />
      <line nr="314" mi="1" ci="0" mb="0" cb="0" />
      <line nr="316" mi="1" ci="0" mb="0" cb="0" />
      <line nr="317" mi="2" ci="0" mb="0" cb="0" />
      <line nr="318" mi="1" ci="0" mb="0" cb="0" />
      <line nr="320" mi="1" ci="0" mb="0" cb="0" />
      <line nr="322" mi="1" ci="0" mb="0" cb="0" />
      <line nr="325" mi="2" ci="0" mb="0" cb="0" />
      <line nr="326" mi="5" ci="0" mb="0" cb="0" />
      <line nr="327" mi="2" ci="0" mb="0" cb="0" />
      <line nr="329" mi="1" ci="0" mb="0" cb="0" />
      <line nr="330" mi="2" ci="0" mb="0" cb="0" />
      <line nr="331" mi="1" ci="0" mb="0" cb="0" />
      <line nr="332" mi="1" ci="0" mb="0" cb="0" />
      <line nr="336" mi="1" ci="0" mb="0" cb="0" />
      <line nr="347" mi="1" ci="0" mb="0" cb="0" />
      <line nr="348" mi="1" ci="0" mb="0" cb="0" />
      <line nr="349" mi="2" ci="0" mb="0" cb="0" />
      <line nr="350" mi="1" ci="0" mb="0" cb="0" />
      <line nr="352" mi="1" ci="0" mb="0" cb="0" />
      <line nr="354" mi="1" ci="0" mb="0" cb="0" />
      <line nr="356" mi="1" ci="0" mb="0" cb="0" />
      <line nr="358" mi="1" ci="0" mb="0" cb="0" />
      <line nr="360" mi="1" ci="0" mb="0" cb="0" />
      <line nr="363" mi="2" ci="0" mb="0" cb="0" />
      <line nr="364" mi="5" ci="0" mb="0" cb="0" />
      <line nr="365" mi="2" ci="0" mb="0" cb="0" />
      <line nr="367" mi="1" ci="0" mb="0" cb="0" />
      <line nr="368" mi="2" ci="0" mb="0" cb="0" />
      <line nr="369" mi="1" ci="0" mb="0" cb="0" />
      <line nr="370" mi="1" ci="0" mb="0" cb="0" />
      <line nr="374" mi="1" ci="0" mb="0" cb="0" />
      <line nr="393" mi="0" ci="1" mb="0" cb="0" />
      <line nr="394" mi="0" ci="1" mb="0" cb="0" />
      <line nr="395" mi="0" ci="3" mb="0" cb="0" />
      <line nr="396" mi="0" ci="1" mb="0" cb="0" />
      <line nr="398" mi="0" ci="1" mb="0" cb="0" />
      <line nr="399" mi="0" ci="1" mb="0" cb="0" />
      <line nr="400" mi="0" ci="1" mb="0" cb="0" />
      <line nr="402" mi="0" ci="1" mb="0" cb="0" />
      <line nr="404" mi="0" ci="1" mb="0" cb="0" />
      <line nr="406" mi="0" ci="1" mb="0" cb="0" />
      <line nr="408" mi="0" ci="1" mb="0" cb="0" />
      <line nr="409" mi="0" ci="1" mb="0" cb="0" />
      <line nr="410" mi="0" ci="1" mb="0" cb="0" />
      <line nr="412" mi="0" ci="1" mb="0" cb="0" />
      <line nr="413" mi="0" ci="1" mb="0" cb="0" />
      <line nr="415" mi="0" ci="1" mb="0" cb="0" />
      <line nr="417" mi="1" ci="0" mb="0" cb="0" />
      <line nr="419" mi="0" ci="1" mb="0" cb="0" />
      <line nr="421" mi="0" ci="1" mb="0" cb="0" />
      <line nr="423" mi="0" ci="1" mb="0" cb="0" />
      <line nr="426" mi="0" ci="1" mb="0" cb="0" />
      <line nr="428" mi="1" ci="0" mb="0" cb="0" />
      <line nr="430" mi="0" ci="1" mb="0" cb="0" />
      <line nr="432" mi="0" ci="1" mb="0" cb="0" />
      <line nr="435" mi="0" ci="2" mb="0" cb="0" />
      <line nr="436" mi="0" ci="5" mb="0" cb="0" />
      <line nr="437" mi="0" ci="2" mb="0" cb="0" />
      <line nr="439" mi="0" ci="1" mb="0" cb="0" />
      <line nr="440" mi="0" ci="2" mb="0" cb="0" />
      <line nr="441" mi="0" ci="1" mb="0" cb="0" />
      <line nr="442" mi="0" ci="1" mb="0" cb="0" />
      <line nr="446" mi="0" ci="1" mb="0" cb="0" />
      <line nr="459" mi="1" ci="0" mb="0" cb="0" />
      <line nr="460" mi="1" ci="0" mb="0" cb="0" />
      <line nr="461" mi="2" ci="0" mb="0" cb="0" />
      <line nr="462" mi="1" ci="0" mb="0" cb="0" />
      <line nr="464" mi="1" ci="0" mb="0" cb="0" />
      <line nr="466" mi="1" ci="0" mb="0" cb="0" />
      <line nr="468" mi="1" ci="0" mb="0" cb="0" />
      <line nr="470" mi="1" ci="0" mb="0" cb="0" />
      <line nr="472" mi="1" ci="0" mb="0" cb="0" />
      <line nr="474" mi="1" ci="0" mb="0" cb="0" />
      <line nr="476" mi="1" ci="0" mb="0" cb="0" />
      <line nr="479" mi="2" ci="0" mb="0" cb="0" />
      <line nr="480" mi="5" ci="0" mb="0" cb="0" />
      <line nr="481" mi="2" ci="0" mb="0" cb="0" />
      <line nr="483" mi="1" ci="0" mb="0" cb="0" />
      <line nr="484" mi="2" ci="0" mb="0" cb="0" />
      <line nr="485" mi="1" ci="0" mb="0" cb="0" />
      <line nr="486" mi="1" ci="0" mb="0" cb="0" />
      <line nr="490" mi="1" ci="0" mb="0" cb="0" />
      <line nr="567" mi="1" ci="0" mb="0" cb="0" />
      <line nr="568" mi="1" ci="0" mb="0" cb="0" />
      <line nr="569" mi="7" ci="0" mb="0" cb="0" />
      <line nr="570" mi="1" ci="0" mb="0" cb="0" />
      <line nr="572" mi="1" ci="0" mb="0" cb="0" />
      <line nr="574" mi="1" ci="0" mb="0" cb="0" />
      <line nr="576" mi="1" ci="0" mb="0" cb="0" />
      <line nr="578" mi="1" ci="0" mb="0" cb="0" />
      <line nr="580" mi="1" ci="0" mb="0" cb="0" />
      <line nr="582" mi="1" ci="0" mb="0" cb="0" />
      <line nr="584" mi="1" ci="0" mb="0" cb="0" />
      <line nr="586" mi="1" ci="0" mb="0" cb="0" />
      <line nr="588" mi="1" ci="0" mb="0" cb="0" />
      <line nr="590" mi="1" ci="0" mb="0" cb="0" />
      <line nr="592" mi="1" ci="0" mb="0" cb="0" />
      <line nr="594" mi="1" ci="0" mb="0" cb="0" />
      <line nr="596" mi="1" ci="0" mb="0" cb="0" />
      <line nr="598" mi="1" ci="0" mb="0" cb="0" />
      <line nr="600" mi="1" ci="0" mb="0" cb="0" />
      <line nr="602" mi="1" ci="0" mb="0" cb="0" />
      <line nr="604" mi="1" ci="0" mb="0" cb="0" />
      <line nr="606" mi="1" ci="0" mb="0" cb="0" />
      <line nr="608" mi="1" ci="0" mb="0" cb="0" />
      <line nr="610" mi="1" ci="0" mb="0" cb="0" />
      <line nr="612" mi="1" ci="0" mb="0" cb="0" />
      <line nr="614" mi="1" ci="0" mb="0" cb="0" />
      <line nr="616" mi="1" ci="0" mb="0" cb="0" />
      <line nr="618" mi="1" ci="0" mb="0" cb="0" />
      <line nr="620" mi="1" ci="0" mb="0" cb="0" />
      <line nr="622" mi="1" ci="0" mb="0" cb="0" />
      <line nr="624" mi="1" ci="0" mb="0" cb="0" />
      <line nr="626" mi="1" ci="0" mb="0" cb="0" />
      <line nr="628" mi="1" ci="0" mb="0" cb="0" />
      <line nr="630" mi="1" ci="0" mb="0" cb="0" />
      <line nr="632" mi="1" ci="0" mb="0" cb="0" />
      <line nr="634" mi="1" ci="0" mb="0" cb="0" />
      <line nr="636" mi="1" ci="0" mb="0" cb="0" />
      <line nr="638" mi="1" ci="0" mb="0" cb="0" />
      <line nr="640" mi="1" ci="0" mb="0" cb="0" />
      <line nr="642" mi="1" ci="0" mb="0" cb="0" />
      <line nr="644" mi="1" ci="0" mb="0" cb="0" />
      <line nr="646" mi="1" ci="0" mb="0" cb="0" />
      <line nr="648" mi="1" ci="0" mb="0" cb="0" />
      <line nr="650" mi="1" ci="0" mb="0" cb="0" />
      <line nr="652" mi="1" ci="0" mb="0" cb="0" />
      <line nr="654" mi="1" ci="0" mb="0" cb="0" />
      <line nr="656" mi="1" ci="0" mb="0" cb="0" />
      <line nr="658" mi="1" ci="0" mb="0" cb="0" />
      <line nr="660" mi="1" ci="0" mb="0" cb="0" />
      <line nr="662" mi="1" ci="0" mb="0" cb="0" />
      <line nr="664" mi="1" ci="0" mb="0" cb="0" />
      <line nr="666" mi="1" ci="0" mb="0" cb="0" />
      <line nr="668" mi="1" ci="0" mb="0" cb="0" />
      <line nr="670" mi="1" ci="0" mb="0" cb="0" />
      <line nr="672" mi="1" ci="0" mb="0" cb="0" />
      <line nr="673" mi="1" ci="0" mb="0" cb="0" />
      <line nr="674" mi="1" ci="0" mb="0" cb="0" />
      <line nr="675" mi="1" ci="0" mb="0" cb="0" />
      <line nr="676" mi="1" ci="0" mb="0" cb="0" />
      <line nr="678" mi="1" ci="0" mb="0" cb="0" />
      <line nr="680" mi="1" ci="0" mb="0" cb="0" />
      <line nr="682" mi="1" ci="0" mb="0" cb="0" />
      <line nr="684" mi="1" ci="0" mb="0" cb="0" />
      <line nr="686" mi="1" ci="0" mb="0" cb="0" />
      <line nr="688" mi="1" ci="0" mb="0" cb="0" />
      <line nr="690" mi="1" ci="0" mb="0" cb="0" />
      <line nr="692" mi="1" ci="0" mb="0" cb="0" />
      <line nr="694" mi="1" ci="0" mb="0" cb="0" />
      <line nr="696" mi="1" ci="0" mb="0" cb="0" />
      <line nr="698" mi="1" ci="0" mb="0" cb="0" />
      <line nr="700" mi="1" ci="0" mb="0" cb="0" />
      <line nr="702" mi="1" ci="0" mb="0" cb="0" />
      <line nr="704" mi="1" ci="0" mb="0" cb="0" />
      <line nr="706" mi="1" ci="0" mb="0" cb="0" />
      <line nr="708" mi="1" ci="0" mb="0" cb="0" />
      <line nr="710" mi="2" ci="0" mb="0" cb="0" />
      <line nr="712" mi="1" ci="0" mb="0" cb="0" />
      <line nr="714" mi="1" ci="0" mb="0" cb="0" />
      <line nr="716" mi="1" ci="0" mb="0" cb="0" />
      <line nr="718" mi="1" ci="0" mb="0" cb="0" />
      <line nr="722" mi="2" ci="0" mb="0" cb="0" />
      <line nr="723" mi="5" ci="0" mb="0" cb="0" />
      <line nr="724" mi="2" ci="0" mb="0" cb="0" />
      <line nr="725" mi="2" ci="0" mb="0" cb="0" />
      <line nr="726" mi="1" ci="0" mb="0" cb="0" />
      <line nr="727" mi="3" ci="0" mb="0" cb="0" />
      <line nr="728" mi="2" ci="0" mb="0" cb="0" />
      <line nr="729" mi="1" ci="0" mb="0" cb="0" />
      <line nr="730" mi="1" ci="0" mb="0" cb="0" />
      <line nr="733" mi="1" ci="0" mb="0" cb="0" />
      <line nr="744" mi="1" ci="0" mb="0" cb="0" />
      <line nr="745" mi="1" ci="0" mb="0" cb="0" />
      <line nr="746" mi="1" ci="0" mb="0" cb="0" />
      <line nr="747" mi="1" ci="0" mb="0" cb="0" />
      <line nr="749" mi="1" ci="0" mb="0" cb="0" />
      <line nr="751" mi="1" ci="0" mb="0" cb="0" />
      <line nr="753" mi="1" ci="0" mb="0" cb="0" />
      <line nr="755" mi="1" ci="0" mb="0" cb="0" />
      <line nr="757" mi="1" ci="0" mb="0" cb="0" />
      <line nr="760" mi="2" ci="0" mb="0" cb="0" />
      <line nr="761" mi="5" ci="0" mb="0" cb="0" />
      <line nr="762" mi="2" ci="0" mb="0" cb="0" />
      <line nr="764" mi="1" ci="0" mb="0" cb="0" />
      <line nr="765" mi="2" ci="0" mb="0" cb="0" />
      <line nr="766" mi="1" ci="0" mb="0" cb="0" />
      <line nr="767" mi="1" ci="0" mb="0" cb="0" />
      <line nr="771" mi="1" ci="0" mb="0" cb="0" />
      <line nr="782" mi="1" ci="0" mb="0" cb="0" />
      <line nr="783" mi="1" ci="0" mb="0" cb="0" />
      <line nr="784" mi="1" ci="0" mb="0" cb="0" />
      <line nr="785" mi="1" ci="0" mb="0" cb="0" />
      <line nr="787" mi="1" ci="0" mb="0" cb="0" />
      <line nr="789" mi="1" ci="0" mb="0" cb="0" />
      <line nr="791" mi="1" ci="0" mb="0" cb="0" />
      <line nr="793" mi="1" ci="0" mb="0" cb="0" />
      <line nr="795" mi="1" ci="0" mb="0" cb="0" />
      <line nr="798" mi="2" ci="0" mb="0" cb="0" />
      <line nr="799" mi="5" ci="0" mb="0" cb="0" />
      <line nr="800" mi="2" ci="0" mb="0" cb="0" />
      <line nr="802" mi="1" ci="0" mb="0" cb="0" />
      <line nr="803" mi="2" ci="0" mb="0" cb="0" />
      <line nr="804" mi="1" ci="0" mb="0" cb="0" />
      <line nr="805" mi="1" ci="0" mb="0" cb="0" />
      <line nr="806" mi="1" ci="0" mb="0" cb="0" />
      <line nr="807" mi="2" ci="0" mb="0" cb="0" />
      <line nr="808" mi="1" ci="0" mb="0" cb="0" />
      <line nr="809" mi="3" ci="0" mb="0" cb="0" />
      <line nr="810" mi="3" ci="0" mb="0" cb="0" />
      <line nr="815" mi="1" ci="0" mb="0" cb="0" />
      <line nr="833" mi="1" ci="0" mb="0" cb="0" />
      <line nr="834" mi="1" ci="0" mb="0" cb="0" />
      <line nr="835" mi="2" ci="0" mb="0" cb="0" />
      <line nr="836" mi="1" ci="0" mb="0" cb="0" />
      <line nr="838" mi="1" ci="0" mb="0" cb="0" />
      <line nr="840" mi="1" ci="0" mb="0" cb="0" />
      <line nr="842" mi="1" ci="0" mb="0" cb="0" />
      <line nr="844" mi="1" ci="0" mb="0" cb="0" />
      <line nr="846" mi="1" ci="0" mb="0" cb="0" />
      <line nr="848" mi="1" ci="0" mb="0" cb="0" />
      <line nr="850" mi="1" ci="0" mb="0" cb="0" />
      <line nr="852" mi="1" ci="0" mb="0" cb="0" />
      <line nr="854" mi="1" ci="0" mb="0" cb="0" />
      <line nr="856" mi="1" ci="0" mb="0" cb="0" />
      <line nr="858" mi="1" ci="0" mb="0" cb="0" />
      <line nr="861" mi="2" ci="0" mb="0" cb="0" />
      <line nr="862" mi="5" ci="0" mb="0" cb="0" />
      <line nr="863" mi="2" ci="0" mb="0" cb="0" />
      <line nr="865" mi="1" ci="0" mb="0" cb="0" />
      <line nr="866" mi="2" ci="0" mb="0" cb="0" />
      <line nr="867" mi="1" ci="0" mb="0" cb="0" />
      <line nr="868" mi="1" ci="0" mb="0" cb="0" />
      <line nr="869" mi="1" ci="0" mb="0" cb="0" />
      <line nr="873" mi="1" ci="0" mb="0" cb="0" />
      <line nr="884" mi="1" ci="0" mb="0" cb="0" />
      <line nr="885" mi="1" ci="0" mb="0" cb="0" />
      <line nr="886" mi="1" ci="0" mb="0" cb="0" />
      <line nr="887" mi="1" ci="0" mb="0" cb="0" />
      <line nr="889" mi="1" ci="0" mb="0" cb="0" />
      <line nr="891" mi="1" ci="0" mb="0" cb="0" />
      <line nr="893" mi="1" ci="0" mb="0" cb="0" />
      <line nr="895" mi="1" ci="0" mb="0" cb="0" />
      <line nr="897" mi="1" ci="0" mb="0" cb="0" />
      <line nr="900" mi="2" ci="0" mb="0" cb="0" />
      <line nr="901" mi="5" ci="0" mb="0" cb="0" />
      <line nr="902" mi="2" ci="0" mb="0" cb="0" />
[...]
      <line nr="12454" mi="1" ci="0" mb="0" cb="0" />
      <line nr="12455" mi="1" ci="0" mb="0" cb="0" />
      <line nr="12456" mi="1" ci="0" mb="0" cb="0" />
      <line nr="12457" mi="1" ci="0" mb="0" cb="0" />
      <line nr="12458" mi="1" ci="0" mb="0" cb="0" />
      <line nr="12472" mi="1" ci="0" mb="0" cb="0" />
      <line nr="12473" mi="1" ci="0" mb="0" cb="0" />
      <line nr="12474" mi="1" ci="0" mb="0" cb="0" />
      <line nr="12475" mi="1" ci="0" mb="0" cb="0" />
      <line nr="12477" mi="1" ci="0" mb="0" cb="0" />
      <line nr="12478" mi="1" ci="0" mb="0" cb="0" />
      <line nr="12480" mi="1" ci="0" mb="0" cb="0" />
      <line nr="12481" mi="1" ci="0" mb="0" cb="0" />
      <line nr="12483" mi="1" ci="0" mb="0" cb="0" />
      <line nr="12484" mi="1" ci="0" mb="0" cb="0" />
      <line nr="12486" mi="2" ci="0" mb="0" cb="0" />
      <line nr="12487" mi="5" ci="0" mb="0" cb="0" />
      <line nr="12488" mi="2" ci="0" mb="0" cb="0" />
      <line nr="12490" mi="1" ci="0" mb="0" cb="0" />
      <line nr="12491" mi="1" ci="0" mb="0" cb="0" />
      <line nr="12494" mi="1" ci="0" mb="0" cb="0" />
      <line nr="12495" mi="1" ci="0" mb="0" cb="0" />
      <line nr="12496" mi="1" ci="0" mb="0" cb="0" />
      <line nr="12497" mi="1" ci="0" mb="0" cb="0" />
      <line nr="12498" mi="1" ci="0" mb="0" cb="0" />
      <line nr="12499" mi="2" ci="0" mb="0" cb="0" />
      <line nr="12500" mi="1" ci="0" mb="0" cb="0" />
      <line nr="12503" mi="1" ci="0" mb="0" cb="0" />
      <line nr="12504" mi="1" ci="0" mb="0" cb="0" />
      <line nr="12505" mi="2" ci="0" mb="0" cb="0" />
      <line nr="12508" mi="1" ci="0" mb="0" cb="0" />
      <line nr="12510" mi="1" ci="0" mb="0" cb="0" />
      <line nr="12511" mi="1" ci="0" mb="0" cb="0" />
      <line nr="12512" mi="1" ci="0" mb="0" cb="0" />
      <line nr="12513" mi="1" ci="0" mb="0" cb="0" />
      <line nr="12514" mi="1" ci="0" mb="0" cb="0" />
      <line nr="12518" mi="1" ci="0" mb="0" cb="0" />
      <line nr="12519" mi="1" ci="0" mb="0" cb="0" />
      <line nr="12531" mi="3" ci="0" mb="0" cb="0" />
      <line nr="12535" mi="1" ci="0" mb="0" cb="0" />
      <line nr="12536" mi="1" ci="0" mb="0" cb="0" />
      <line nr="12537" mi="1" ci="0" mb="0" cb="0" />
      <line nr="12538" mi="1" ci="0" mb="0" cb="0" />
      <line nr="12539" mi="1" ci="0" mb="0" cb="0" />
      <line nr="12541" mi="1" ci="0" mb="0" cb="0" />
      <line nr="12542" mi="1" ci="0" mb="0" cb="0" />
      <line nr="12544" mi="1" ci="0" mb="0" cb="0" />
      <line nr="12545" mi="1" ci="0" mb="0" cb="0" />
      <line nr="12547" mi="2" ci="0" mb="0" cb="0" />
      <line nr="12548" mi="5" ci="0" mb="0" cb="0" />
      <line nr="12549" mi="2" ci="0" mb="0" cb="0" />
      <line nr="12550" mi="4" ci="0" mb="0" cb="0" />
      <line nr="12552" mi="1" ci="0" mb="0" cb="0" />
      <line nr="12553" mi="1" ci="0" mb="0" cb="0" />
      <line nr="12554" mi="1" ci="0" mb="0" cb="0" />
      <line nr="12556" mi="1" ci="0" mb="0" cb="0" />
      <line nr="12568" mi="1" ci="0" mb="0" cb="0" />
      <line nr="12569" mi="1" ci="0" mb="0" cb="0" />
      <line nr="12570" mi="1" ci="0" mb="0" cb="0" />
      <line nr="12571" mi="1" ci="0" mb="0" cb="0" />
      <line nr="12573" mi="1" ci="0" mb="0" cb="0" />
      <line nr="12574" mi="1" ci="0" mb="0" cb="0" />
      <line nr="12576" mi="1" ci="0" mb="0" cb="0" />
      <line nr="12577" mi="1" ci="0" mb="0" cb="0" />
      <line nr="12579" mi="1" ci="0" mb="0" cb="0" />
      <line nr="12580" mi="1" ci="0" mb="0" cb="0" />
      <line nr="12582" mi="2" ci="0" mb="0" cb="0" />
      <line nr="12583" mi="5" ci="0" mb="0" cb="0" />
      <line nr="12584" mi="2" ci="0" mb="0" cb="0" />
      <line nr="12585" mi="2" ci="0" mb="0" cb="0" />
      <line nr="12586" mi="1" ci="0" mb="0" cb="0" />
      <line nr="12587" mi="1" ci="0" mb="0" cb="0" />
      <line nr="12588" mi="1" ci="0" mb="0" cb="0" />
      <line nr="12589" mi="1" ci="0" mb="0" cb="0" />
      <line nr="12590" mi="1" ci="0" mb="0" cb="0" />
      <line nr="12591" mi="1" ci="0" mb="0" cb="0" />
      <line nr="12593" mi="1" ci="0" mb="0" cb="0" />
      <line nr="12595" mi="1" ci="0" mb="0" cb="0" />
      <line nr="12596" mi="2" ci="0" mb="0" cb="0" />
      <line nr="12599" mi="3" ci="0" mb="0" cb="0" />
      <line nr="12600" mi="1" ci="0" mb="0" cb="0" />
      <line nr="12601" mi="1" ci="0" mb="0" cb="0" />
      <line nr="12604" mi="1" ci="0" mb="0" cb="0" />
      <line nr="12621" mi="1" ci="0" mb="0" cb="0" />
      <line nr="12622" mi="1" ci="0" mb="0" cb="0" />
      <line nr="12623" mi="1" ci="0" mb="0" cb="0" />
      <line nr="12624" mi="1" ci="0" mb="0" cb="0" />
      <line nr="12625" mi="1" ci="0" mb="0" cb="0" />
      <line nr="12626" mi="1" ci="0" mb="0" cb="0" />
      <line nr="12627" mi="1" ci="0" mb="0" cb="0" />
      <line nr="12629" mi="1" ci="0" mb="0" cb="0" />
      <line nr="12630" mi="1" ci="0" mb="0" cb="0" />
      <line nr="12631" mi="1" ci="0" mb="0" cb="0" />
      <line nr="12634" mi="1" ci="0" mb="0" cb="0" />
      <line nr="12635" mi="1" ci="0" mb="0" cb="0" />
      <line nr="12637" mi="1" ci="0" mb="0" cb="0" />
      <line nr="12638" mi="1" ci="0" mb="0" cb="0" />
      <line nr="12640" mi="1" ci="0" mb="0" cb="0" />
      <line nr="12641" mi="1" ci="0" mb="0" cb="0" />
      <line nr="12643" mi="2" ci="0" mb="0" cb="0" />
      <line nr="12644" mi="5" ci="0" mb="0" cb="0" />
      <line nr="12645" mi="2" ci="0" mb="0" cb="0" />
      <line nr="12646" mi="1" ci="0" mb="0" cb="0" />
      <line nr="12648" mi="1" ci="0" mb="0" cb="0" />
      <line nr="12650" mi="1" ci="0" mb="0" cb="0" />
      <line nr="12662" mi="1" ci="0" mb="0" cb="0" />
      <line nr="12663" mi="1" ci="0" mb="0" cb="0" />
      <line nr="12664" mi="1" ci="0" mb="0" cb="0" />
      <line nr="12665" mi="1" ci="0" mb="0" cb="0" />
      <line nr="12666" mi="1" ci="0" mb="0" cb="0" />
      <line nr="12668" mi="1" ci="0" mb="0" cb="0" />
      <line nr="12669" mi="1" ci="0" mb="0" cb="0" />
      <line nr="12671" mi="1" ci="0" mb="0" cb="0" />
      <line nr="12672" mi="1" ci="0" mb="0" cb="0" />
      <line nr="12674" mi="2" ci="0" mb="0" cb="0" />
      <line nr="12675" mi="5" ci="0" mb="0" cb="0" />
      <line nr="12676" mi="2" ci="0" mb="0" cb="0" />
      <line nr="12677" mi="1" ci="0" mb="0" cb="0" />
      <line nr="12679" mi="1" ci="0" mb="0" cb="0" />
      <line nr="12680" mi="1" ci="0" mb="0" cb="0" />
      <line nr="12681" mi="1" ci="0" mb="0" cb="0" />
      <line nr="12683" mi="1" ci="0" mb="0" cb="0" />
      <line nr="12758" mi="1" ci="0" mb="0" cb="0" />
      <line nr="12759" mi="2" ci="0" mb="0" cb="0" />
      <line nr="12760" mi="3" ci="0" mb="0" cb="0" />
      <line nr="12762" mi="1" ci="0" mb="0" cb="0" />
      <line nr="12763" mi="1" ci="0" mb="0" cb="0" />
      <line nr="12764" mi="1" ci="0" mb="0" cb="0" />
      <line nr="12765" mi="1" ci="0" mb="0" cb="0" />
      <line nr="12766" mi="1" ci="0" mb="0" cb="0" />
      <line nr="12767" mi="1" ci="0" mb="0" cb="0" />
      <line nr="12768" mi="1" ci="0" mb="0" cb="0" />
      <line nr="12769" mi="1" ci="0" mb="0" cb="0" />
      <line nr="12770" mi="1" ci="0" mb="0" cb="0" />
      <line nr="12771" mi="1" ci="0" mb="0" cb="0" />
      <line nr="12774" mi="1" ci="0" mb="0" cb="0" />
      <line nr="12775" mi="1" ci="0" mb="0" cb="0" />
      <line nr="12776" mi="1" ci="0" mb="0" cb="0" />
      <line nr="12777" mi="1" ci="0" mb="0" cb="0" />
      <line nr="12778" mi="1" ci="0" mb="0" cb="0" />
      <line nr="12779" mi="1" ci="0" mb="0" cb="0" />
      <line nr="12780" mi="1" ci="0" mb="0" cb="0" />
      <line nr="12781" mi="1" ci="0" mb="0" cb="0" />
      <line nr="12782" mi="1" ci="0" mb="0" cb="0" />
      <line nr="12786" mi="1" ci="0" mb="0" cb="0" />
      <line nr="12787" mi="1" ci="0" mb="0" cb="0" />
      <line nr="12791" mi="1" ci="0" mb="0" cb="0" />
      <line nr="12794" mi="1" ci="0" mb="0" cb="0" />
      <line nr="12795" mi="1" ci="0" mb="0" cb="0" />
      <line nr="12796" mi="1" ci="0" mb="0" cb="0" />
      <line nr="12800" mi="1" ci="0" mb="0" cb="0" />
      <line nr="12801" mi="2" ci="0" mb="0" cb="0" />
      <line nr="12804" mi="1" ci="0" mb="0" cb="0" />
      <line nr="12805" mi="1" ci="0" mb="0" cb="0" />
      <line nr="12807" mi="1" ci="0" mb="0" cb="0" />
      <line nr="12811" mi="1" ci="0" mb="0" cb="0" />
      <line nr="12812" mi="2" ci="0" mb="0" cb="0" />
      <line nr="12813" mi="1" ci="0" mb="0" cb="0" />
      <line nr="12817" mi="2" ci="0" mb="0" cb="0" />
      <line nr="12818" mi="1" ci="0" mb="0" cb="0" />
      <line nr="12830" mi="3" ci="0" mb="0" cb="0" />
      <line nr="12833" mi="1" ci="0" mb="0" cb="0" />
      <line nr="12834" mi="1" ci="0" mb="0" cb="0" />
      <line nr="12835" mi="1" ci="0" mb="0" cb="0" />
      <line nr="12836" mi="1" ci="0" mb="0" cb="0" />
      <line nr="12838" mi="1" ci="0" mb="0" cb="0" />
      <line nr="12839" mi="1" ci="0" mb="0" cb="0" />
      <line nr="12841" mi="1" ci="0" mb="0" cb="0" />
      <line nr="12842" mi="1" ci="0" mb="0" cb="0" />
      <line nr="12844" mi="1" ci="0" mb="0" cb="0" />
      <line nr="12845" mi="1" ci="0" mb="0" cb="0" />
      <line nr="12848" mi="2" ci="0" mb="0" cb="0" />
      <line nr="12849" mi="5" ci="0" mb="0" cb="0" />
      <line nr="12850" mi="2" ci="0" mb="0" cb="0" />
      <line nr="12851" mi="3" ci="0" mb="0" cb="0" />
      <line nr="12852" mi="1" ci="0" mb="0" cb="0" />
      <line nr="12853" mi="1" ci="0" mb="0" cb="0" />
      <line nr="12855" mi="1" ci="0" mb="0" cb="0" />
      <line nr="12856" mi="1" ci="0" mb="0" cb="0" />
      <line nr="12857" mi="1" ci="0" mb="0" cb="0" />
      <line nr="12858" mi="1" ci="0" mb="0" cb="0" />
      <line nr="12859" mi="1" ci="0" mb="0" cb="0" />
      <line nr="12861" mi="1" ci="0" mb="0" cb="0" />
      <line nr="12864" mi="1" ci="0" mb="0" cb="0" />
      <line nr="12865" mi="1" ci="0" mb="0" cb="0" />
      <line nr="12866" mi="1" ci="0" mb="0" cb="0" />
      <line nr="12867" mi="1" ci="0" mb="0" cb="0" />
      <line nr="12870" mi="1" ci="0" mb="0" cb="0" />
      <line nr="12894" mi="0" ci="1" mb="0" cb="0" />
      <line nr="12895" mi="0" ci="3" mb="0" cb="0" />
      <line nr="12896" mi="0" ci="1" mb="0" cb="0" />
      <line nr="12897" mi="0" ci="1" mb="0" cb="0" />
      <line nr="12898" mi="0" ci="1" mb="0" cb="0" />
      <line nr="12900" mi="0" ci="1" mb="0" cb="0" />
      <line nr="12912" mi="1" ci="0" mb="0" cb="0" />
      <line nr="12913" mi="1" ci="0" mb="0" cb="0" />
      <line nr="12914" mi="1" ci="0" mb="0" cb="0" />
      <line nr="12915" mi="1" ci="0" mb="0" cb="0" />
      <line nr="12916" mi="1" ci="0" mb="0" cb="0" />
      <line nr="12918" mi="1" ci="0" mb="0" cb="0" />
      <line nr="12919" mi="1" ci="0" mb="0" cb="0" />
      <line nr="12921" mi="1" ci="0" mb="0" cb="0" />
      <line nr="12922" mi="1" ci="0" mb="0" cb="0" />
      <line nr="12924" mi="2" ci="0" mb="0" cb="0" />
      <line nr="12925" mi="5" ci="0" mb="0" cb="0" />
      <line nr="12926" mi="2" ci="0" mb="0" cb="0" />
      <line nr="12927" mi="1" ci="0" mb="0" cb="0" />
      <line nr="12928" mi="2" ci="0" mb="0" cb="0" />
      <line nr="12929" mi="1" ci="0" mb="0" cb="0" />
      <line nr="12930" mi="1" ci="0" mb="0" cb="0" />
      <line nr="12931" mi="1" ci="0" mb="0" cb="0" />
      <line nr="12932" mi="1" ci="0" mb="0" cb="0" />
      <line nr="12933" mi="1" ci="0" mb="0" cb="0" />
      <line nr="12934" mi="1" ci="0" mb="0" cb="0" />
      <line nr="12935" mi="1" ci="0" mb="0" cb="0" />
      <line nr="12938" mi="1" ci="0" mb="0" cb="0" />
      <line nr="12962" mi="1" ci="0" mb="0" cb="0" />
      <line nr="12963" mi="1" ci="0" mb="0" cb="0" />
      <line nr="12964" mi="1" ci="0" mb="0" cb="0" />
      <line nr="12966" mi="1" ci="0" mb="0" cb="0" />
      <line nr="12968" mi="1" ci="0" mb="0" cb="0" />
      <line nr="12970" mi="1" ci="0" mb="0" cb="0" />
      <line nr="12971" mi="1" ci="0" mb="0" cb="0" />
      <line nr="12972" mi="1" ci="0" mb="0" cb="0" />
      <line nr="12974" mi="2" ci="0" mb="0" cb="0" />
      <line nr="12977" mi="1" ci="0" mb="0" cb="0" />
      <line nr="12979" mi="1" ci="0" mb="0" cb="0" />
      <line nr="12981" mi="1" ci="0" mb="0" cb="0" />
      <line nr="12983" mi="1" ci="0" mb="0" cb="0" />
      <line nr="12985" mi="1" ci="0" mb="0" cb="0" />
      <line nr="12987" mi="1" ci="0" mb="0" cb="0" />
      <line nr="12989" mi="1" ci="0" mb="0" cb="0" />
      <line nr="12991" mi="1" ci="0" mb="0" cb="0" />
      <line nr="12993" mi="1" ci="0" mb="0" cb="0" />
      <line nr="12995" mi="1" ci="0" mb="0" cb="0" />
      <line nr="12997" mi="1" ci="0" mb="0" cb="0" />
      <line nr="12999" mi="1" ci="0" mb="0" cb="0" />
      <line nr="13001" mi="1" ci="0" mb="0" cb="0" />
      <line nr="13003" mi="1" ci="0" mb="0" cb="0" />
      <line nr="13005" mi="1" ci="0" mb="0" cb="0" />
      <line nr="13007" mi="1" ci="0" mb="0" cb="0" />
      <line nr="13009" mi="1" ci="0" mb="0" cb="0" />
      <line nr="13011" mi="1" ci="0" mb="0" cb="0" />
      <line nr="13013" mi="1" ci="0" mb="0" cb="0" />
      <line nr="13015" mi="1" ci="0" mb="0" cb="0" />
      <line nr="13017" mi="1" ci="0" mb="0" cb="0" />
      <line nr="13019" mi="1" ci="0" mb="0" cb="0" />
      <line nr="13021" mi="1" ci="0" mb="0" cb="0" />
      <line nr="13022" mi="1" ci="0" mb="0" cb="0" />
      <line nr="13024" mi="2" ci="0" mb="0" cb="0" />
      <line nr="13025" mi="5" ci="0" mb="0" cb="0" />
      <line nr="13026" mi="2" ci="0" mb="0" cb="0" />
      <line nr="13027" mi="1" ci="0" mb="0" cb="0" />
      <line nr="13029" mi="1" ci="0" mb="0" cb="0" />
      <line nr="13030" mi="1" ci="0" mb="0" cb="0" />
      <line nr="13043" mi="3" ci="0" mb="0" cb="0" />
      <line nr="13048" mi="1" ci="0" mb="0" cb="0" />
      <line nr="13049" mi="1" ci="0" mb="0" cb="0" />
      <line nr="13050" mi="1" ci="0" mb="0" cb="0" />
      <line nr="13051" mi="1" ci="0" mb="0" cb="0" />
      <line nr="13053" mi="1" ci="0" mb="0" cb="0" />
      <line nr="13054" mi="1" ci="0" mb="0" cb="0" />
      <line nr="13056" mi="1" ci="0" mb="0" cb="0" />
      <line nr="13057" mi="1" ci="0" mb="0" cb="0" />
      <line nr="13059" mi="1" ci="0" mb="0" cb="0" />
      <line nr="13060" mi="1" ci="0" mb="0" cb="0" />
      <line nr="13063" mi="2" ci="0" mb="0" cb="0" />
      <line nr="13064" mi="5" ci="0" mb="0" cb="0" />
      <line nr="13065" mi="2" ci="0" mb="0" cb="0" />
      <line nr="13066" mi="1" ci="0" mb="0" cb="0" />
      <line nr="13067" mi="2" ci="0" mb="0" cb="0" />
      <line nr="13070" mi="1" ci="0" mb="0" cb="0" />
      <line nr="13072" mi="1" ci="0" mb="0" cb="0" />
      <line nr="13073" mi="2" ci="0" mb="0" cb="0" />
      <line nr="13075" mi="2" ci="0" mb="0" cb="0" />
      <line nr="13076" mi="1" ci="0" mb="0" cb="0" />
      <line nr="13078" mi="1" ci="0" mb="0" cb="0" />
      <line nr="13081" mi="1" ci="0" mb="0" cb="0" />
      <line nr="13082" mi="1" ci="0" mb="0" cb="0" />
      <line nr="13083" mi="1" ci="0" mb="0" cb="0" />
      <line nr="13084" mi="1" ci="0" mb="0" cb="0" />
      <line nr="13085" mi="1" ci="0" mb="0" cb="0" />
      <line nr="13086" mi="2" ci="0" mb="0" cb="0" />
      <line nr="13087" mi="1" ci="0" mb="0" cb="0" />
      <line nr="13089" mi="1" ci="0" mb="0" cb="0" />
      <line nr="13090" mi="1" ci="0" mb="0" cb="0" />
      <line nr="13091" mi="1" ci="0" mb="0" cb="0" />
      <line nr="13109" mi="1" ci="0" mb="0" cb="0" />
      <line nr="13110" mi="1" ci="0" mb="0" cb="0" />
      <line nr="13111" mi="1" ci="0" mb="0" cb="0" />
      <line nr="13112" mi="1" ci="0" mb="0" cb="0" />
      <line nr="13114" mi="1" ci="0" mb="0" cb="0" />
      <line nr="13115" mi="1" ci="0" mb="0" cb="0" />
      <line nr="13117" mi="1" ci="0" mb="0" cb="0" />
      <line nr="13118" mi="1" ci="0" mb="0" cb="0" />
      <line nr="13121" mi="2" ci="0" mb="0" cb="0" />
      <line nr="13122" mi="5" ci="0" mb="0" cb="0" />
      <line nr="13123" mi="2" ci="0" mb="0" cb="0" />
      <line nr="13124" mi="1" ci="0" mb="0" cb="0" />
      <line nr="13125" mi="3" ci="0" mb="0" cb="0" />
      <line nr="13127" mi="1" ci="0" mb="0" cb="0" />
      <line nr="13129" mi="1" ci="0" mb="0" cb="0" />
      <line nr="13130" mi="1" ci="0" mb="0" cb="0" />
      <line nr="13131" mi="1" ci="0" mb="0" cb="0" />
      <line nr="13132" mi="1" ci="0" mb="0" cb="0" />
      <line nr="13133" mi="1" ci="0" mb="0" cb="0" />
      <line nr="13134" mi="1" ci="0" mb="0" cb="0" />
      <line nr="13135" mi="1" ci="0" mb="0" cb="0" />
      <line nr="13136" mi="1" ci="0" mb="0" cb="0" />
      <line nr="13138" mi="1" ci="0" mb="0" cb="0" />
      <line nr="13150" mi="1" ci="0" mb="0" cb="0" />
      <line nr="13151" mi="1" ci="0" mb="0" cb="0" />
      <line nr="13152" mi="1" ci="0" mb="0" cb="0" />
      <line nr="13153" mi="1" ci="0" mb="0" cb="0" />
      <line nr="13154" mi="1" ci="0" mb="0" cb="0" />
      <line nr="13156" mi="1" ci="0" mb="0" cb="0" />
      <line nr="13157" mi="1" ci="0" mb="0" cb="0" />
      <line nr="13159" mi="2" ci="0" mb="0" cb="0" />
      <line nr="13160" mi="5" ci="0" mb="0" cb="0" />
      <line nr="13161" mi="2" ci="0" mb="0" cb="0" />
      <line nr="13162" mi="1" ci="0" mb="0" cb="0" />
      <line nr="13163" mi="2" ci="0" mb="0" cb="0" />
      <line nr="13164" mi="1" ci="0" mb="0" cb="0" />
      <line nr="13165" mi="1" ci="0" mb="0" cb="0" />
      <line nr="13166" mi="1" ci="0" mb="0" cb="0" />
      <line nr="13167" mi="1" ci="0" mb="0" cb="0" />
      <line nr="13168" mi="1" ci="0" mb="0" cb="0" />
      <line nr="13169" mi="1" ci="0" mb="0" cb="0" />
      <line nr="13170" mi="1" ci="0" mb="0" cb="0" />
      <line nr="13173" mi="1" ci="0" mb="0" cb="0" />
      <line nr="13181" mi="3" ci="0" mb="0" cb="0" />
      <line nr="13184" mi="1" ci="0" mb="0" cb="0" />
      <line nr="13185" mi="1" ci="0" mb="0" cb="0" />
      <line nr="13186" mi="1" ci="0" mb="0" cb="0" />
      <line nr="13187" mi="1" ci="0" mb="0" cb="0" />
      <line nr="13189" mi="1" ci="0" mb="0" cb="0" />
      <line nr="13190" mi="1" ci="0" mb="0" cb="0" />
      <line nr="13192" mi="1" ci="0" mb="0" cb="0" />
      <line nr="13193" mi="1" ci="0" mb="0" cb="0" />
      <line nr="13195" mi="2" ci="0" mb="0" cb="0" />
      <line nr="13196" mi="5" ci="0" mb="0" cb="0" />
      <line nr="13197" mi="2" ci="0" mb="0" cb="0" />
      <line nr="13198" mi="2" ci="0" mb="0" cb="0" />
      <line nr="13199" mi="1" ci="0" mb="0" cb="0" />
      <line nr="13202" mi="1" ci="0" mb="0" cb="0" />
      <line nr="13203" mi="3" ci="0" mb="0" cb="0" />
      <line nr="13204" mi="1" ci="0" mb="0" cb="0" />
      <line nr="13205" mi="3" ci="0" mb="0" cb="0" />
      <line nr="13209" mi="1" ci="0" mb="0" cb="0" />
      <line nr="13210" mi="1" ci="0" mb="0" cb="0" />
      <line nr="13213" mi="1" ci="0" mb="0" cb="0" />
      <line nr="13218" mi="1" ci="0" mb="0" cb="0" />
      <line nr="13219" mi="1" ci="0" mb="0" cb="0" />
      <line nr="13221" mi="2" ci="0" mb="0" cb="0" />
      <line nr="13226" mi="1" ci="0" mb="0" cb="0" />
      <line nr="14083" mi="1" ci="0" mb="0" cb="0" />
      <counter type="INSTRUCTION" missed="7341" covered="621" />
      <counter type="LINE" missed="5500" covered="470" />
      <counter type="METHOD" missed="206" covered="18" />
      <counter type="CLASS" missed="1" covered="0" />
    </sourcefile>
    <counter type="INSTRUCTION" missed="7341" covered="621" />
    <counter type="LINE" missed="5500" covered="470" />
    <counter type="METHOD" missed="206" covered="18" />
    <counter type="CLASS" missed="1" covered="0" />
  </package>
  <counter type="INSTRUCTION" missed="7341" covered="621" />
  <counter type="LINE" missed="5500" covered="470" />
  <counter type="METHOD" missed="206" covered="18" />
  <counter type="CLASS" missed="1" covered="0" />
</report>
